<?xml version="1.0" encoding="utf-8"?>
<TestRun id="12589c55-e244-4dec-9e4a-d7705b8b6c10" name="Dimuthu_K@LAPTOP-2QCBKKSM 2026-09-22 11:04:19" runUser="LAPTOP-2QCBKKSM\CodexSandboxOffline" xmlns="http://microsoft.com/schemas/VisualStudio/TeamTest/2010">
  <Times creation="2026-09-22T11:04:19.0957840+05:30" queuing="2026-09-22T11:04:19.0957849+05:30" start="2026-09-22T11:04:12.9802389+05:30" finish="2026-09-22T11:05:40.9091320+05:30" />
  <TestSettings name="default" id="c08e0475-4615-4bcc-8abd-f78d4e9458a8">
    <Deployment runDeploymentRoot="Dimuthu_K_LAPTOP-2QCBKKSM_2026-09-22_11_04_19" />
  </TestSettings>
  <Results>
    <UnitTestResult executionId="75cc804c-b185-4bd8-9371-bede4d700309" testId="dd6f19d5-3370-564e-6edb-cf994664afbf" testName="SurplusLink.Tests.WorkflowExecutionTests.Result_gate_rejects_forged_validity_missing_checks_ids_and_measurements" computerName="LAPTOP-2QCBKKSM" duration="00:00:00.0149416" startTime="2026-09-22T11:04:20.9006003+05:30" endTime="2026-09-22T11:04:20.9006010+05:30" testType="13cdc9d9-ddb5-4fa4-a97d-d965ccfc6d4b" outcome="Passed" testListId="8c84fa94-04c1-424b-9868-57a2d4851a1d" relativeResultsDirectory="75cc804c-b185-4bd8-9371-bede4d700309" />
    <UnitTestResult executionId="b32f4b0a-255d-4b92-b1f8-9d1ed2190125" testId="a5772666-46a8-253e-98e8-a365e6f703ab" testName="SurplusLink.Tests.MatchIntegrationTests.Other_sellers_still_obey_every_existing_candidate_eligibility_rule" computerName="LAPTOP-2QCBKKSM" duration="00:00:05.9995369" startTime="2026-09-22T11:05:40.3795467+05:30" endTime="2026-09-22T11:05:40.3795473+05:30" testType="13cdc9d9-ddb5-4fa4-a97d-d965ccfc6d4b" outcome="Passed" testListId="8c84fa94-04c1-424b-9868-57a2d4851a1d" relativeResultsDirectory="b32f4b0a-255d-4b92-b1f8-9d1ed2190125" />
    <UnitTestResult executionId="d12e5b35-2341-46ed-8cf7-5f08f2eae6ce" testId="2a890950-b1e4-18ca-5e3c-75646c5d5480" testName="SurplusLink.Tests.AgentWorkflowIntegrationTests.Reject_and_revise_never_reserve_and_store_manager_decisions" computerName="LAPTOP-2QCBKKSM" duration="00:00:06.6036973" startTime="2026-09-22T11:04:51.2570585+05:30" endTime="2026-09-22T11:04:51.2570591+05:30" testType="13cdc9d9-ddb5-4fa4-a97d-d965ccfc6d4b" outcome="Passed" testListId="8c84fa94-04c1-424b-9868-57a2d4851a1d" relativeResultsDirectory="d12e5b35-2341-46ed-8cf7-5f08f2eae6ce" />
    <UnitTestResult executionId="8459dd7f-31d4-4c7d-be46-6960f223d774" testId="9cf66e31-71e5-6813-61ce-f71901ecdbdc" testName="SurplusLink.Tests.SharedApiQualityTests.Unhandled_exception_returns_safe_problem_details" computerName="LAPTOP-2QCBKKSM" duration="00:00:00.0597008" startTime="2026-09-22T11:04:24.3448838+05:30" endTime="2026-09-22T11:04:24.3448847+05:30" testType="13cdc9d9-ddb5-4fa4-a97d-d965ccfc6d4b" outcome="Passed" testListId="8c84fa94-04c1-424b-9868-57a2d4851a1d" relativeResultsDirectory="8459dd7f-31d4-4c7d-be46-6960f223d774" />
    <UnitTestResult executionId="542c3a9e-281e-454a-b851-689354c14f49" testId="bf014859-0a08-d9a5-0dee-047af57ff885" testName="SurplusLink.Tests.RoutingProviderTests.Invalid_payload_returns_safe_failure(body: &quot;{\&quot;routes\&quot;:[{\&quot;summary\&quot;:{\&quot;distance\&quot;:1000}}]}&quot;)" computerName="LAPTOP-2QCBKKSM" duration="00:00:00.0005038" startTime="2026-09-22T11:04:19.0211691+05:30" endTime="2026-09-22T11:04:19.0211692+05:30" testType="13cdc9d9-ddb5-4fa4-a97d-d965ccfc6d4b" outcome="Passed" testListId="8c84fa94-04c1-424b-9868-57a2d4851a1d" relativeResultsDirectory="542c3a9e-281e-454a-b851-689354c14f49" />
    <UnitTestResult executionId="571b447c-e537-4fcd-810d-b8d8b2090c79" testId="b144911a-082b-dd85-704b-cf050393b5ed" testName="SurplusLink.Tests.WorkflowPersistenceTests.Actual_FastApi_graph_maps_back_to_postgres_without_inventory_mutations" computerName="LAPTOP-2QCBKKSM" duration="00:00:00.0010000" startTime="2026-09-22T11:04:43.2745376+05:30" endTime="2026-09-22T11:04:43.2745380+05:30" testType="13cdc9d9-ddb5-4fa4-a97d-d965ccfc6d4b" outcome="NotExecuted" testListId="8c84fa94-04c1-424b-9868-57a2d4851a1d" relativeResultsDirectory="571b447c-e537-4fcd-810d-b8d8b2090c79">
      <Output>
        <ErrorInfo>
          <Message>Set the isolated PostgreSQL test connection, running FastAPI test URL and shared test token.</Message>
        </ErrorInfo>
      </Output>
    </UnitTestResult>
    <UnitTestResult executionId="c784ced0-d03a-41b7-b673-ec887e95d524" testId="18efa59b-1309-d8f7-8abd-f40651dcac49" testName="SurplusLink.Tests.WorkflowPersistenceTests.Queue_to_approval_persists_real_steps_and_tools_without_reserving_and_only_runs_once" computerName="LAPTOP-2QCBKKSM" duration="00:00:03.3939923" startTime="2026-09-22T11:05:01.4166989+05:30" endTime="2026-09-22T11:05:01.4166996+05:30" testType="13cdc9d9-ddb5-4fa4-a97d-d965ccfc6d4b" outcome="Passed" testListId="8c84fa94-04c1-424b-9868-57a2d4851a1d" relativeResultsDirectory="c784ced0-d03a-41b7-b673-ec887e95d524" />
    <UnitTestResult executionId="23b7dd92-f156-4ee8-826c-23cd30f8355b" testId="fa17d458-ec60-f240-a175-e53079cfc540" testName="SurplusLink.Tests.MatchQueryTests.Sorts_have_stable_ties_and_unknown_routes_last(sort: &quot;distance&quot;, direction: &quot;desc&quot;)" computerName="LAPTOP-2QCBKKSM" duration="00:00:00.2347037" startTime="2026-09-22T11:04:24.6654710+05:30" endTime="2026-09-22T11:04:24.6654713+05:30" testType="13cdc9d9-ddb5-4fa4-a97d-d965ccfc6d4b" outcome="Passed" testListId="8c84fa94-04c1-424b-9868-57a2d4851a1d" relativeResultsDirectory="23b7dd92-f156-4ee8-826c-23cd30f8355b" />
    <UnitTestResult executionId="c9bb4596-9c67-49a2-a1ed-165a0eca98c8" testId="234b79ee-9d44-c0bf-975d-9cfae5bfc15f" testName="SurplusLink.Tests.MatchQueryTests.Query_validation_rejects_unknown_status_sort_direction_and_unsafe_paging" computerName="LAPTOP-2QCBKKSM" duration="00:00:00.0400432" startTime="2026-09-22T11:04:25.0178459+05:30" endTime="2026-09-22T11:04:25.0178464+05:30" testType="13cdc9d9-ddb5-4fa4-a97d-d965ccfc6d4b" outcome="Passed" testListId="8c84fa94-04c1-424b-9868-57a2d4851a1d" relativeResultsDirectory="c9bb4596-9c67-49a2-a1ed-165a0eca98c8" />
    <UnitTestResult executionId="e558080b-e8ba-4ce2-96a8-a54174f05264" testId="96456dd3-f452-8a49-e6e3-c6a33c95973b" testName="SurplusLink.Tests.CategoryAuthorizationTests.Anonymous_is_blocked_and_only_manager_can_write(role: &quot;SELLER&quot;, method: &quot;PUT&quot;, expected: 403)" computerName="LAPTOP-2QCBKKSM" duration="00:00:01.2718052" startTime="2026-09-22T11:04:27.0670383+05:30" endTime="2026-09-22T11:04:27.0670392+05:30" testType="13cdc9d9-ddb5-4fa4-a97d-d965ccfc6d4b" outcome="Passed" testListId="8c84fa94-04c1-424b-9868-57a2d4851a1d" relativeResultsDirectory="e558080b-e8ba-4ce2-96a8-a54174f05264" />
    <UnitTestResult executionId="20b17d0a-9bb5-45b7-afb5-5104091597d5" testId="f334a56a-2120-61c2-bfea-e56e0b3e7b50" testName="SurplusLink.Tests.MatchQueryTests.Sorts_have_stable_ties_and_unknown_routes_last(sort: &quot;createdAt&quot;, direction: &quot;desc&quot;)" computerName="LAPTOP-2QCBKKSM" duration="00:00:00.0412162" startTime="2026-09-22T11:04:24.7574447+05:30" endTime="2026-09-22T11:04:24.7574455+05:30" testType="13cdc9d9-ddb5-4fa4-a97d-d965ccfc6d4b" outcome="Passed" testListId="8c84fa94-04c1-424b-9868-57a2d4851a1d" relativeResultsDirectory="20b17d0a-9bb5-45b7-afb5-5104091597d5" />
    <UnitTestResult executionId="edb8a3aa-c485-4797-90ee-f0b01ee46393" testId="df5c4c80-d85a-8f26-f7e6-fe2914dd1c38" testName="SurplusLink.Tests.SharedApiQualityTests.Cors_allows_only_configured_origins(origin: &quot;http://localhost:5173&quot;, shouldBeAllowed: True)" computerName="LAPTOP-2QCBKKSM" duration="00:00:00.1548171" startTime="2026-09-22T11:04:22.0872835+05:30" endTime="2026-09-22T11:04:22.0872837+05:30" testType="13cdc9d9-ddb5-4fa4-a97d-d965ccfc6d4b" outcome="Passed" testListId="8c84fa94-04c1-424b-9868-57a2d4851a1d" relativeResultsDirectory="edb8a3aa-c485-4797-90ee-f0b01ee46393" />
    <UnitTestResult executionId="9cc80e9f-a972-4f6f-931b-ce198813a039" testId="43e35b83-3547-c644-10d2-1c74d230a11c" testName="SurplusLink.Tests.RoutingProviderTests.Invalid_payload_returns_safe_failure(body: &quot;null&quot;)" computerName="LAPTOP-2QCBKKSM" duration="00:00:00.0003356" startTime="2026-09-22T11:04:19.0200484+05:30" endTime="2026-09-22T11:04:19.0200496+05:30" testType="13cdc9d9-ddb5-4fa4-a97d-d965ccfc6d4b" outcome="Passed" testListId="8c84fa94-04c1-424b-9868-57a2d4851a1d" relativeResultsDirectory="9cc80e9f-a972-4f6f-931b-ce198813a039" />
    <UnitTestResult executionId="b2e3793b-0ee6-4248-afcf-f0c814ec9a35" testId="fab38af0-bd87-6746-a582-7be990db1cd3" testName="SurplusLink.Tests.RoutingProviderTests.Provider_failure_does_not_echo_body(status: 500)" computerName="LAPTOP-2QCBKKSM" duration="00:00:00.0044550" startTime="2026-09-22T11:04:19.2212729+05:30" endTime="2026-09-22T11:04:19.2212735+05:30" testType="13cdc9d9-ddb5-4fa4-a97d-d965ccfc6d4b" outcome="Passed" testListId="8c84fa94-04c1-424b-9868-57a2d4851a1d" relativeResultsDirectory="b2e3793b-0ee6-4248-afcf-f0c814ec9a35" />
    <UnitTestResult executionId="06afe273-6d84-4d2b-b9a6-5954099050ef" testId="de516b27-1e30-80e9-7da4-6a927dcc8076" testName="SurplusLink.Tests.RoutingProviderTests.Network_errors_are_safe_and_caller_cancellation_is_preserved" computerName="LAPTOP-2QCBKKSM" duration="00:00:00.0131275" startTime="2026-09-22T11:04:19.3780245+05:30" endTime="2026-09-22T11:04:19.3780251+05:30" testType="13cdc9d9-ddb5-4fa4-a97d-d965ccfc6d4b" outcome="Passed" testListId="8c84fa94-04c1-424b-9868-57a2d4851a1d" relativeResultsDirectory="06afe273-6d84-4d2b-b9a6-5954099050ef" />
    <UnitTestResult executionId="875fdfb9-024d-49ee-a029-27f13433c06d" testId="bbaeea16-4950-0742-0520-58a5d74cb996" testName="SurplusLink.Tests.BuyerRequirementsIntegrationTests.Marketplace_role_matrix_preserves_listing_ownership_admin_boundaries_and_self_match_exclusion" computerName="LAPTOP-2QCBKKSM" duration="00:00:08.9886353" startTime="2026-09-22T11:04:52.9945220+05:30" endTime="2026-09-22T11:04:52.9945235+05:30" testType="13cdc9d9-ddb5-4fa4-a97d-d965ccfc6d4b" outcome="Passed" testListId="8c84fa94-04c1-424b-9868-57a2d4851a1d" relativeResultsDirectory="875fdfb9-024d-49ee-a029-27f13433c06d" />
    <UnitTestResult executionId="bdffcd8a-1ec0-42ac-af21-2488286ab1af" testId="09ea9349-13d4-f812-8df2-c6f31f716c71" testName="SurplusLink.Tests.MaterialListingQueryBuilderTests.Filters_apply_category_status_condition_and_price_range" computerName="LAPTOP-2QCBKKSM" duration="00:00:00.0654178" startTime="2026-09-22T11:04:20.4793550+05:30" endTime="2026-09-22T11:04:20.4793558+05:30" testType="13cdc9d9-ddb5-4fa4-a97d-d965ccfc6d4b" outcome="Passed" testListId="8c84fa94-04c1-424b-9868-57a2d4851a1d" relativeResultsDirectory="bdffcd8a-1ec0-42ac-af21-2488286ab1af" />
    <UnitTestResult executionId="28d2960a-d35d-4e5f-8e85-3c437068d2b0" testId="c684dbfe-3a08-8993-dbd6-ce9d1cae4f7c" testName="SurplusLink.Tests.RequirementQueriesAndHistoryTests.Every_sort_direction_is_stable_across_pages" computerName="LAPTOP-2QCBKKSM" duration="00:00:07.5089657" startTime="2026-09-22T11:05:14.6144604+05:30" endTime="2026-09-22T11:05:14.6144609+05:30" testType="13cdc9d9-ddb5-4fa4-a97d-d965ccfc6d4b" outcome="Passed" testListId="8c84fa94-04c1-424b-9868-57a2d4851a1d" relativeResultsDirectory="28d2960a-d35d-4e5f-8e85-3c437068d2b0" />
    <UnitTestResult executionId="51ea46fb-bffb-4bb0-a690-301262a11b93" testId="5d348d5b-774b-8867-ef40-8c19a882d173" testName="SurplusLink.Tests.MaterialInventorySchemaTests.Material_listing_fields_photos_constraints_and_indexes_are_configured" computerName="LAPTOP-2QCBKKSM" duration="00:00:06.0255707" startTime="2026-09-22T11:04:24.5717599+05:30" endTime="2026-09-22T11:04:24.5717606+05:30" testType="13cdc9d9-ddb5-4fa4-a97d-d965ccfc6d4b" outcome="Passed" testListId="8c84fa94-04c1-424b-9868-57a2d4851a1d" relativeResultsDirectory="51ea46fb-bffb-4bb0-a690-301262a11b93" />
    <UnitTestResult executionId="714f2fab-e04f-4a3d-979d-918d0e2ec538" testId="ce1c2694-0bb8-d974-f5ae-30af7f438cfe" testName="SurplusLink.Tests.WorkflowExecutionTests.Permanent_http_failure_is_not_retried(status: UnprocessableEntity)" computerName="LAPTOP-2QCBKKSM" duration="00:00:00.0064559" startTime="2026-09-22T11:04:20.9074974+05:30" endTime="2026-09-22T11:04:20.9074980+05:30" testType="13cdc9d9-ddb5-4fa4-a97d-d965ccfc6d4b" outcome="Passed" testListId="8c84fa94-04c1-424b-9868-57a2d4851a1d" relativeResultsDirectory="714f2fab-e04f-4a3d-979d-918d0e2ec538" />
    <UnitTestResult executionId="dcd27f9c-2fbc-4f6c-906d-60c091290203" testId="9f254cce-e56d-e5ec-52b4-b634a4e97e1f" testName="SurplusLink.Tests.AgentWorkflowIntegrationTests.Buyer_and_seller_claims_never_grant_manager_workflow_decisions_but_dual_role_trade_with_another_party_is_valid" computerName="LAPTOP-2QCBKKSM" duration="00:00:04.1192409" startTime="2026-09-22T11:04:55.4017659+05:30" endTime="2026-09-22T11:04:55.4017667+05:30" testType="13cdc9d9-ddb5-4fa4-a97d-d965ccfc6d4b" outcome="Passed" testListId="8c84fa94-04c1-424b-9868-57a2d4851a1d" relativeResultsDirectory="dcd27f9c-2fbc-4f6c-906d-60c091290203" />
    <UnitTestResult executionId="1452c06f-fceb-495b-a624-b9b4fceb3c20" testId="87f66180-34b2-b99c-1809-fd0913c18073" testName="SurplusLink.Tests.ProfileAndPhotoTests.Profile_fields_validate(name: &quot;A Seller&quot;, phone: &quot;bad&quot;, address: &quot;Colombo&quot;, valid: False)" computerName="LAPTOP-2QCBKKSM" duration="00:00:00.0010638" startTime="2026-09-22T11:04:24.3311153+05:30" endTime="2026-09-22T11:04:24.3311155+05:30" testType="13cdc9d9-ddb5-4fa4-a97d-d965ccfc6d4b" outcome="Passed" testListId="8c84fa94-04c1-424b-9868-57a2d4851a1d" relativeResultsDirectory="1452c06f-fceb-495b-a624-b9b4fceb3c20" />
    <UnitTestResult executionId="fef12346-e6cb-4f30-8194-6d004c7ff4b5" testId="8f862316-576a-30d7-02ca-afcb3d93e17a" testName="SurplusLink.Tests.RoutingProviderTests.Missing_configuration_and_invalid_coordinates_make_no_http_call" computerName="LAPTOP-2QCBKKSM" duration="00:00:00.0030207" startTime="2026-09-22T11:04:19.3813870+05:30" endTime="2026-09-22T11:04:19.3813877+05:30" testType="13cdc9d9-ddb5-4fa4-a97d-d965ccfc6d4b" outcome="Passed" testListId="8c84fa94-04c1-424b-9868-57a2d4851a1d" relativeResultsDirectory="fef12346-e6cb-4f30-8194-6d004c7ff4b5" />
    <UnitTestResult executionId="18e1831d-f404-4236-9ab8-6e4b837756dc" testId="552f9d74-104a-b0ed-1a4f-2a861b650737" testName="SurplusLink.Tests.RequirementQueriesAndHistoryTests.Query_validation_and_optional_notes_contract_are_enforced" computerName="LAPTOP-2QCBKKSM" duration="00:00:01.0006930" startTime="2026-09-22T11:05:26.2519255+05:30" endTime="2026-09-22T11:05:26.2519262+05:30" testType="13cdc9d9-ddb5-4fa4-a97d-d965ccfc6d4b" outcome="Passed" testListId="8c84fa94-04c1-424b-9868-57a2d4851a1d" relativeResultsDirectory="18e1831d-f404-4236-9ab8-6e4b837756dc" />
    <UnitTestResult executionId="a2fcbddc-e9bc-450c-bf28-a4659b0b8983" testId="6bf137ef-f972-6d4d-14bc-fb5646bac0ad" testName="SurplusLink.Tests.CategoryAuthorizationTests.Anonymous_is_blocked_and_only_manager_can_write(role: &quot;SELLER&quot;, method: &quot;POST&quot;, expected: 403)" computerName="LAPTOP-2QCBKKSM" duration="00:00:01.7430377" startTime="2026-09-22T11:04:21.1453262+05:30" endTime="2026-09-22T11:04:21.1453269+05:30" testType="13cdc9d9-ddb5-4fa4-a97d-d965ccfc6d4b" outcome="Passed" testListId="8c84fa94-04c1-424b-9868-57a2d4851a1d" relativeResultsDirectory="a2fcbddc-e9bc-450c-bf28-a4659b0b8983" />
    <UnitTestResult executionId="54feeaf2-03ad-4371-a50d-b17fe38c1114" testId="e8a0483f-c167-f930-a10e-a9de3a6f1296" testName="SurplusLink.Tests.RoutingProviderTests.Rate_limit_returns_retry_after_without_retrying_or_exposing_provider_body" computerName="LAPTOP-2QCBKKSM" duration="00:00:00.0117920" startTime="2026-09-22T11:04:19.3934970+05:30" endTime="2026-09-22T11:04:19.3934975+05:30" testType="13cdc9d9-ddb5-4fa4-a97d-d965ccfc6d4b" outcome="Passed" testListId="8c84fa94-04c1-424b-9868-57a2d4851a1d" relativeResultsDirectory="54feeaf2-03ad-4371-a50d-b17fe38c1114" />
    <UnitTestResult executionId="247601e8-5280-4eda-b9ab-05c97f89b881" testId="95bca3fb-d0a8-cadc-cebd-1649cbaadda7" testName="SurplusLink.Tests.CategoryAuthorizationTests.Authenticated_roles_can_list_categories(role: &quot;SELLER&quot;)" computerName="LAPTOP-2QCBKKSM" duration="00:00:00.4695720" startTime="2026-09-22T11:04:31.4771913+05:30" endTime="2026-09-22T11:04:31.4771917+05:30" testType="13cdc9d9-ddb5-4fa4-a97d-d965ccfc6d4b" outcome="Passed" testListId="8c84fa94-04c1-424b-9868-57a2d4851a1d" relativeResultsDirectory="247601e8-5280-4eda-b9ab-05c97f89b881" />
    <UnitTestResult executionId="19ced124-66c5-40c9-a28f-df70ce78a0b7" testId="15bb7592-e38e-6396-b1d9-60a3a9c80677" testName="SurplusLink.Tests.CategoryAuthorizationTests.Anonymous_is_blocked_and_only_manager_can_write(role: null, method: &quot;POST&quot;, expected: 401)" computerName="LAPTOP-2QCBKKSM" duration="00:00:00.4092448" startTime="2026-09-22T11:04:23.8117418+05:30" endTime="2026-09-22T11:04:23.8117425+05:30" testType="13cdc9d9-ddb5-4fa4-a97d-d965ccfc6d4b" outcome="Passed" testListId="8c84fa94-04c1-424b-9868-57a2d4851a1d" relativeResultsDirectory="19ced124-66c5-40c9-a28f-df70ce78a0b7" />
    <UnitTestResult executionId="7a6f0e65-77bc-43c4-80c0-b97af759d7fe" testId="ff0b4f64-6a6d-f1ad-a1fd-a0fa92c5bc6c" testName="SurplusLink.Tests.RequirementQueriesAndHistoryTests.Concurrent_start_and_future_tracked_status_changes_are_audited_atomically" computerName="LAPTOP-2QCBKKSM" duration="00:00:04.1457182" startTime="2026-09-22T11:05:07.1033786+05:30" endTime="2026-09-22T11:05:07.1033796+05:30" testType="13cdc9d9-ddb5-4fa4-a97d-d965ccfc6d4b" outcome="Passed" testListId="8c84fa94-04c1-424b-9868-57a2d4851a1d" relativeResultsDirectory="7a6f0e65-77bc-43c4-80c0-b97af759d7fe" />
    <UnitTestResult executionId="36feb50c-7229-4052-97bf-79aa35728470" testId="afce285b-0040-19ae-4cf6-2eaf2d53e5bf" testName="SurplusLink.Tests.ProfileAndPhotoTests.Photo_upload_requires_seller_and_stores_real_image_bytes(role: &quot;MANAGER&quot;, status: 403)" computerName="LAPTOP-2QCBKKSM" duration="00:00:02.7882064" startTime="2026-09-22T11:04:21.4198536+05:30" endTime="2026-09-22T11:04:21.4198546+05:30" testType="13cdc9d9-ddb5-4fa4-a97d-d965ccfc6d4b" outcome="Passed" testListId="8c84fa94-04c1-424b-9868-57a2d4851a1d" relativeResultsDirectory="36feb50c-7229-4052-97bf-79aa35728470" />
    <UnitTestResult executionId="8f8f4a7c-4e10-4f43-b7f1-7ae600dbd830" testId="48d7b2a4-cbdc-806e-5c12-cca59e44f935" testName="SurplusLink.Tests.DualRoleAuthTests.Registration_login_me_and_permissions_cover_all_marketplace_role_combinations" computerName="LAPTOP-2QCBKKSM" duration="00:00:13.4729633" startTime="2026-09-22T11:05:10.3982625+05:30" endTime="2026-09-22T11:05:10.3982631+05:30" testType="13cdc9d9-ddb5-4fa4-a97d-d965ccfc6d4b" outcome="Passed" testListId="8c84fa94-04c1-424b-9868-57a2d4851a1d" relativeResultsDirectory="8f8f4a7c-4e10-4f43-b7f1-7ae600dbd830" />
    <UnitTestResult executionId="c8c81603-4511-4a4d-8284-de856311857b" testId="03deadaf-3bdc-07e5-5817-16adf5ac214e" testName="SurplusLink.Tests.DualRoleAuthTests.Public_registration_rejects_invalid_roles_before_database_access(roles: [&quot;BUYER&quot;, &quot;BUYER&quot;])" computerName="LAPTOP-2QCBKKSM" duration="00:00:00.5029557" startTime="2026-09-22T11:04:44.3634247+05:30" endTime="2026-09-22T11:04:44.3634253+05:30" testType="13cdc9d9-ddb5-4fa4-a97d-d965ccfc6d4b" outcome="Passed" testListId="8c84fa94-04c1-424b-9868-57a2d4851a1d" relativeResultsDirectory="c8c81603-4511-4a4d-8284-de856311857b" />
    <UnitTestResult executionId="b6087172-bb46-4a36-bb3d-580f527b9b4c" testId="0886b5b9-63d0-8087-b112-009c3e174a80" testName="SurplusLink.Tests.BuyerRequirementsIntegrationTests.Database_constraints_reject_invalid_direct_writes_and_migration_preserves_legacy_links" computerName="LAPTOP-2QCBKKSM" duration="00:00:03.8373426" startTime="2026-09-22T11:04:56.8343943+05:30" endTime="2026-09-22T11:04:56.8343952+05:30" testType="13cdc9d9-ddb5-4fa4-a97d-d965ccfc6d4b" outcome="Passed" testListId="8c84fa94-04c1-424b-9868-57a2d4851a1d" relativeResultsDirectory="b6087172-bb46-4a36-bb3d-580f527b9b4c" />
    <UnitTestResult executionId="09b53301-9395-40bb-b08b-ad643894b4f8" testId="8ba5b1b1-be29-6954-1312-0b6369e1d490" testName="SurplusLink.Tests.DualRoleAuthTests.Shared_self_match_policy_rejects_owner_and_allows_other_seller" computerName="LAPTOP-2QCBKKSM" duration="00:00:00.0136734" startTime="2026-09-22T11:04:49.4135991+05:30" endTime="2026-09-22T11:04:49.4135995+05:30" testType="13cdc9d9-ddb5-4fa4-a97d-d965ccfc6d4b" outcome="Passed" testListId="8c84fa94-04c1-424b-9868-57a2d4851a1d" relativeResultsDirectory="09b53301-9395-40bb-b08b-ad643894b4f8" />
    <UnitTestResult executionId="e5359b53-5ab7-48fa-bfa0-8d20e6ffcacc" testId="276273d4-170e-818e-3132-2b62c7191caa" testName="SurplusLink.Tests.MatchQueryTests.Sorts_have_stable_ties_and_unknown_routes_last(sort: &quot;estimatedTransportCost&quot;, direction: &quot;desc&quot;)" computerName="LAPTOP-2QCBKKSM" duration="00:00:03.8834087" startTime="2026-09-22T11:04:24.4302520+05:30" endTime="2026-09-22T11:04:24.4302525+05:30" testType="13cdc9d9-ddb5-4fa4-a97d-d965ccfc6d4b" outcome="Passed" testListId="8c84fa94-04c1-424b-9868-57a2d4851a1d" relativeResultsDirectory="e5359b53-5ab7-48fa-bfa0-8d20e6ffcacc" />
    <UnitTestResult executionId="9bbd2d66-6d4d-4f1b-bee2-61c05704178f" testId="0ae8b584-1ba5-de2b-29a4-849678807b3c" testName="SurplusLink.Tests.RequirementQueriesAndHistoryTests.Analytics_returns_consistent_counts_upcoming_preview_and_unit_aware_averages" computerName="LAPTOP-2QCBKKSM" duration="00:00:08.5562396" startTime="2026-09-22T11:05:02.9549237+05:30" endTime="2026-09-22T11:05:02.9549240+05:30" testType="13cdc9d9-ddb5-4fa4-a97d-d965ccfc6d4b" outcome="Passed" testListId="8c84fa94-04c1-424b-9868-57a2d4851a1d" relativeResultsDirectory="9bbd2d66-6d4d-4f1b-bee2-61c05704178f" />
    <UnitTestResult executionId="55d1a747-1aaf-4d04-a3b4-c3c396263d13" testId="15f4dde7-c191-bf53-bfab-6be211597c74" testName="SurplusLink.Tests.WorkflowPersistenceTests.Invalid_validation_persists_revision_and_reopens_request_for_explicit_retry" computerName="LAPTOP-2QCBKKSM" duration="00:00:05.3712238" startTime="2026-09-22T11:04:48.6509767+05:30" endTime="2026-09-22T11:04:48.6509772+05:30" testType="13cdc9d9-ddb5-4fa4-a97d-d965ccfc6d4b" outcome="Passed" testListId="8c84fa94-04c1-424b-9868-57a2d4851a1d" relativeResultsDirectory="55d1a747-1aaf-4d04-a3b4-c3c396263d13" />
    <UnitTestResult executionId="09c6204d-a62d-4c8a-80fd-1da8a2e5e552" testId="dc8617da-97a3-06b9-5242-d3ea0cf1211b" testName="SurplusLink.Tests.WorkflowExecutionTests.Http_timeout_does_not_dispatch_duplicate_work" computerName="LAPTOP-2QCBKKSM" duration="00:00:01.4064826" startTime="2026-09-22T11:04:20.8854286+05:30" endTime="2026-09-22T11:04:20.8854294+05:30" testType="13cdc9d9-ddb5-4fa4-a97d-d965ccfc6d4b" outcome="Passed" testListId="8c84fa94-04c1-424b-9868-57a2d4851a1d" relativeResultsDirectory="09c6204d-a62d-4c8a-80fd-1da8a2e5e552" />
    <UnitTestResult executionId="5baae4c6-d72e-47d4-80dc-47d7b5c1c766" testId="bf746912-6127-1963-41ed-f141f7f9bed7" testName="SurplusLink.Tests.MatchQueryTests.Sorts_have_stable_ties_and_unknown_routes_last(sort: &quot;score&quot;, direction: &quot;asc&quot;)" computerName="LAPTOP-2QCBKKSM" duration="00:00:00.1076575" startTime="2026-09-22T11:04:24.8654927+05:30" endTime="2026-09-22T11:04:24.8654932+05:30" testType="13cdc9d9-ddb5-4fa4-a97d-d965ccfc6d4b" outcome="Passed" testListId="8c84fa94-04c1-424b-9868-57a2d4851a1d" relativeResultsDirectory="5baae4c6-d72e-47d4-80dc-47d7b5c1c766" />
    <UnitTestResult executionId="85e70a38-5955-44bd-b207-bc665f26ec87" testId="e6f9fa08-8cfa-72b0-a0ae-967eff3c455c" testName="SurplusLink.Tests.RoutingProviderTests.Provider_is_swappable_and_missing_pricing_does_not_invent_a_quote" computerName="LAPTOP-2QCBKKSM" duration="00:00:00.0091951" startTime="2026-09-22T11:04:19.2164453+05:30" endTime="2026-09-22T11:04:19.2164459+05:30" testType="13cdc9d9-ddb5-4fa4-a97d-d965ccfc6d4b" outcome="Passed" testListId="8c84fa94-04c1-424b-9868-57a2d4851a1d" relativeResultsDirectory="85e70a38-5955-44bd-b207-bc665f26ec87" />
    <UnitTestResult executionId="0f19e136-f7db-4de2-873e-dfd6eef01beb" testId="544d1220-8829-3aa4-5d1a-55bfa4e357ad" testName="SurplusLink.Tests.ProfileAndPhotoTests.Photo_upload_requires_seller_and_stores_real_image_bytes(role: &quot;SELLER&quot;, status: 201)" computerName="LAPTOP-2QCBKKSM" duration="00:00:01.4486676" startTime="2026-09-22T11:04:24.3151744+05:30" endTime="2026-09-22T11:04:24.3151750+05:30" testType="13cdc9d9-ddb5-4fa4-a97d-d965ccfc6d4b" outcome="Passed" testListId="8c84fa94-04c1-424b-9868-57a2d4851a1d" relativeResultsDirectory="0f19e136-f7db-4de2-873e-dfd6eef01beb" />
    <UnitTestResult executionId="8460cff1-e470-4b6d-b4bd-318cf8b3c0fe" testId="f935b5e1-6e23-8336-0d00-8ff23b393d40" testName="SurplusLink.Tests.BuyerRequirementsIntegrationTests.Authentication_ownership_and_manager_read_only_access_cover_every_route" computerName="LAPTOP-2QCBKKSM" duration="00:00:04.4579517" startTime="2026-09-22T11:05:01.3004523+05:30" endTime="2026-09-22T11:05:01.3004529+05:30" testType="13cdc9d9-ddb5-4fa4-a97d-d965ccfc6d4b" outcome="Passed" testListId="8c84fa94-04c1-424b-9868-57a2d4851a1d" relativeResultsDirectory="8460cff1-e470-4b6d-b4bd-318cf8b3c0fe" />
    <UnitTestResult executionId="b60a471d-a15d-4a8a-88ee-1b03c7cd9727" testId="cd9090de-2d6f-714e-bba7-53b7f434e1d1" testName="SurplusLink.Tests.SchemaIntegrityTests.Marketplace_entities_have_primary_and_foreign_keys" computerName="LAPTOP-2QCBKKSM" duration="00:00:00.0493863" startTime="2026-09-22T11:04:24.6385829+05:30" endTime="2026-09-22T11:04:24.6385836+05:30" testType="13cdc9d9-ddb5-4fa4-a97d-d965ccfc6d4b" outcome="Passed" testListId="8c84fa94-04c1-424b-9868-57a2d4851a1d" relativeResultsDirectory="b60a471d-a15d-4a8a-88ee-1b03c7cd9727" />
    <UnitTestResult executionId="5e813b8a-c45b-4e8b-a619-fa8789070c52" testId="6ec97de0-5b68-11f8-6aae-9d0c225aecf7" testName="SurplusLink.Tests.BuyerRequirementsIntegrationTests.Swagger_documents_all_requirement_routes_and_shared_auth_routes" computerName="LAPTOP-2QCBKKSM" duration="00:00:00.5476845" startTime="2026-09-22T11:05:04.8668066+05:30" endTime="2026-09-22T11:05:04.8668072+05:30" testType="13cdc9d9-ddb5-4fa4-a97d-d965ccfc6d4b" outcome="Passed" testListId="8c84fa94-04c1-424b-9868-57a2d4851a1d" relativeResultsDirectory="5e813b8a-c45b-4e8b-a619-fa8789070c52" />
    <UnitTestResult executionId="0bf1f5fe-41ea-4c1b-a31e-5912bfacf45c" testId="21106d5c-3331-548e-f95f-8c6a4f264786" testName="SurplusLink.Tests.ReservationRegistrationTests.Reservation_service_is_registered_as_scoped_dependency" computerName="LAPTOP-2QCBKKSM" duration="00:00:01.8490511" startTime="2026-09-22T11:04:20.3954260+05:30" endTime="2026-09-22T11:04:20.3954271+05:30" testType="13cdc9d9-ddb5-4fa4-a97d-d965ccfc6d4b" outcome="Passed" testListId="8c84fa94-04c1-424b-9868-57a2d4851a1d" relativeResultsDirectory="0bf1f5fe-41ea-4c1b-a31e-5912bfacf45c" />
    <UnitTestResult executionId="4cf93b5d-f9b0-41e0-a3d4-10bbd6836e03" testId="ecd18759-c0e2-ca9c-7623-5909588edb50" testName="SurplusLink.Tests.RoutingProviderTests.Provider_failure_does_not_echo_body(status: 302)" computerName="LAPTOP-2QCBKKSM" duration="00:00:00.0001877" startTime="2026-09-22T11:04:19.2285083+05:30" endTime="2026-09-22T11:04:19.2285084+05:30" testType="13cdc9d9-ddb5-4fa4-a97d-d965ccfc6d4b" outcome="Passed" testListId="8c84fa94-04c1-424b-9868-57a2d4851a1d" relativeResultsDirectory="4cf93b5d-f9b0-41e0-a3d4-10bbd6836e03" />
    <UnitTestResult executionId="82d12e08-f6f9-4bbb-bd46-da1f698a0159" testId="4d377490-7fda-8c11-8d00-6e89ec7fa169" testName="SurplusLink.Tests.SharedApiQualityTests.Unknown_route_returns_standard_problem_details" computerName="LAPTOP-2QCBKKSM" duration="00:00:00.0684670" startTime="2026-09-22T11:04:24.0874483+05:30" endTime="2026-09-22T11:04:24.0874492+05:30" testType="13cdc9d9-ddb5-4fa4-a97d-d965ccfc6d4b" outcome="Passed" testListId="8c84fa94-04c1-424b-9868-57a2d4851a1d" relativeResultsDirectory="82d12e08-f6f9-4bbb-bd46-da1f698a0159" />
    <UnitTestResult executionId="8d3b3b60-0301-4968-b6e8-109fa489e0ef" testId="beaf31ca-9d2c-43a8-ef8e-bd94328b4294" testName="SurplusLink.Tests.DualRoleAuthTests.Missing_and_null_roles_are_rejected" computerName="LAPTOP-2QCBKKSM" duration="00:00:00.6832882" startTime="2026-09-22T11:04:49.3997208+05:30" endTime="2026-09-22T11:04:49.3997213+05:30" testType="13cdc9d9-ddb5-4fa4-a97d-d965ccfc6d4b" outcome="Passed" testListId="8c84fa94-04c1-424b-9868-57a2d4851a1d" relativeResultsDirectory="8d3b3b60-0301-4968-b6e8-109fa489e0ef" />
    <UnitTestResult executionId="bc3a5300-011d-4be5-bbe0-da7278275066" testId="8eb1a8cc-bb93-26d8-d27f-4c6c21b62825" testName="SurplusLink.Tests.SharedApiQualityTests.Invalid_model_returns_validation_problem_details" computerName="LAPTOP-2QCBKKSM" duration="00:00:00.1677632" startTime="2026-09-22T11:04:24.2595155+05:30" endTime="2026-09-22T11:04:24.2595160+05:30" testType="13cdc9d9-ddb5-4fa4-a97d-d965ccfc6d4b" outcome="Passed" testListId="8c84fa94-04c1-424b-9868-57a2d4851a1d" relativeResultsDirectory="bc3a5300-011d-4be5-bbe0-da7278275066" />
    <UnitTestResult executionId="96bd830a-26df-4b43-adb4-38f87500eec7" testId="3eba94ac-3b19-9a19-80eb-8c8e71b0fb44" testName="SurplusLink.Tests.WorkflowExecutionTests.Http_client_authenticates_retries_transient_failure_and_roundtrips_decimal_result" computerName="LAPTOP-2QCBKKSM" duration="00:00:00.9313058" startTime="2026-09-22T11:04:19.4772652+05:30" endTime="2026-09-22T11:04:19.4772660+05:30" testType="13cdc9d9-ddb5-4fa4-a97d-d965ccfc6d4b" outcome="Passed" testListId="8c84fa94-04c1-424b-9868-57a2d4851a1d" relativeResultsDirectory="96bd830a-26df-4b43-adb4-38f87500eec7" />
    <UnitTestResult executionId="9a7bad51-a465-465e-93ea-d3217b1e87b9" testId="20cc3bb3-2c19-1ef3-422f-46306e8840dc" testName="SurplusLink.Tests.DualRoleAuthTests.Public_registration_rejects_invalid_roles_before_database_access(roles: [&quot;BUYER&quot;, &quot;MANAGER&quot;])" computerName="LAPTOP-2QCBKKSM" duration="00:00:00.3031415" startTime="2026-09-22T11:04:46.5802901+05:30" endTime="2026-09-22T11:04:46.5802912+05:30" testType="13cdc9d9-ddb5-4fa4-a97d-d965ccfc6d4b" outcome="Passed" testListId="8c84fa94-04c1-424b-9868-57a2d4851a1d" relativeResultsDirectory="9a7bad51-a465-465e-93ea-d3217b1e87b9" />
    <UnitTestResult executionId="626a491c-6a45-4c31-8ed0-e48cd13945b3" testId="c94be8c1-a0e7-d205-3f10-b7fe570ea33f" testName="SurplusLink.Tests.CategoryAuthorizationTests.Anonymous_is_blocked_and_only_manager_can_write(role: &quot;MANAGER&quot;, method: &quot;PUT&quot;, expected: 200)" computerName="LAPTOP-2QCBKKSM" duration="00:00:00.7229386" startTime="2026-09-22T11:04:29.3388626+05:30" endTime="2026-09-22T11:04:29.3388636+05:30" testType="13cdc9d9-ddb5-4fa4-a97d-d965ccfc6d4b" outcome="Passed" testListId="8c84fa94-04c1-424b-9868-57a2d4851a1d" relativeResultsDirectory="626a491c-6a45-4c31-8ed0-e48cd13945b3" />
    <UnitTestResult executionId="48ec519f-7619-47f4-91b3-bf7a820d88ec" testId="85522e20-6c11-f494-d21d-c5581128da90" testName="SurplusLink.Tests.CategoryAuthorizationTests.Anonymous_is_blocked_and_only_manager_can_write(role: null, method: &quot;PUT&quot;, expected: 401)" computerName="LAPTOP-2QCBKKSM" duration="00:00:00.7960323" startTime="2026-09-22T11:04:22.3705248+05:30" endTime="2026-09-22T11:04:22.3705253+05:30" testType="13cdc9d9-ddb5-4fa4-a97d-d965ccfc6d4b" outcome="Passed" testListId="8c84fa94-04c1-424b-9868-57a2d4851a1d" relativeResultsDirectory="48ec519f-7619-47f4-91b3-bf7a820d88ec" />
    <UnitTestResult executionId="cc48e972-dcf5-4430-ac17-3dd1b80a35bb" testId="77a40dcf-ac8e-5720-553c-327fe646af40" testName="SurplusLink.Tests.MatchQueryTests.Sorts_have_stable_ties_and_unknown_routes_last(sort: &quot;distance&quot;, direction: &quot;asc&quot;)" computerName="LAPTOP-2QCBKKSM" duration="00:00:00.0390361" startTime="2026-09-22T11:04:24.9773320+05:30" endTime="2026-09-22T11:04:24.9773322+05:30" testType="13cdc9d9-ddb5-4fa4-a97d-d965ccfc6d4b" outcome="Passed" testListId="8c84fa94-04c1-424b-9868-57a2d4851a1d" relativeResultsDirectory="cc48e972-dcf5-4430-ac17-3dd1b80a35bb" />
    <UnitTestResult executionId="61f5093a-acd2-41c1-af6a-557a27f67fe7" testId="ebdd42a5-453a-1750-fed8-c040368b0f4f" testName="SurplusLink.Tests.AuthValidationTests.Public_registration_rejects_manager_role" computerName="LAPTOP-2QCBKKSM" duration="00:00:00.1004927" startTime="2026-09-22T11:04:18.6596225+05:30" endTime="2026-09-22T11:04:18.6596939+05:30" testType="13cdc9d9-ddb5-4fa4-a97d-d965ccfc6d4b" outcome="Passed" testListId="8c84fa94-04c1-424b-9868-57a2d4851a1d" relativeResultsDirectory="61f5093a-acd2-41c1-af6a-557a27f67fe7" />
    <UnitTestResult executionId="cecae731-a05b-49a3-86b2-ce2ea47b548e" testId="ab67aafc-5fc8-d346-fb62-44f14dd13907" testName="SurplusLink.Tests.RoutingProviderTests.Normal_route_converts_units_uses_header_and_calculates_transport_cost" computerName="LAPTOP-2QCBKKSM" duration="00:00:00.2145791" startTime="2026-09-22T11:04:19.2061030+05:30" endTime="2026-09-22T11:04:19.2061034+05:30" testType="13cdc9d9-ddb5-4fa4-a97d-d965ccfc6d4b" outcome="Passed" testListId="8c84fa94-04c1-424b-9868-57a2d4851a1d" relativeResultsDirectory="cecae731-a05b-49a3-86b2-ce2ea47b548e" />
    <UnitTestResult executionId="8aab89a7-3b1f-438e-b023-8efe4f3b1396" testId="8ec04704-d6a5-b1a4-8240-c1740e11d7de" testName="SurplusLink.Tests.MatchQueryTests.Sorts_have_stable_ties_and_unknown_routes_last(sort: &quot;score&quot;, direction: &quot;desc&quot;)" computerName="LAPTOP-2QCBKKSM" duration="00:00:00.0501348" startTime="2026-09-22T11:04:24.7158770+05:30" endTime="2026-09-22T11:04:24.7158773+05:30" testType="13cdc9d9-ddb5-4fa4-a97d-d965ccfc6d4b" outcome="Passed" testListId="8c84fa94-04c1-424b-9868-57a2d4851a1d" relativeResultsDirectory="8aab89a7-3b1f-438e-b023-8efe4f3b1396" />
    <UnitTestResult executionId="a53e4351-330d-4091-8860-cd51c411250b" testId="d032e2ae-e984-6e92-4a02-8310a05a5a7f" testName="SurplusLink.Tests.RoutingProviderTests.Invalid_payload_returns_safe_failure(body: &quot;not json&quot;)" computerName="LAPTOP-2QCBKKSM" duration="00:00:00.4357743" startTime="2026-09-22T11:04:18.9817337+05:30" endTime="2026-09-22T11:04:18.9817345+05:30" testType="13cdc9d9-ddb5-4fa4-a97d-d965ccfc6d4b" outcome="Passed" testListId="8c84fa94-04c1-424b-9868-57a2d4851a1d" relativeResultsDirectory="a53e4351-330d-4091-8860-cd51c411250b" />
    <UnitTestResult executionId="0a7fa6d9-bab9-4b36-a889-e7c5d732e1a5" testId="ea61691b-709f-f593-6e3c-ed0eff35f7de" testName="SurplusLink.Tests.DualRoleAuthTests.Migrated_users_keep_ids_roles_ownership_and_manager_login" computerName="LAPTOP-2QCBKKSM" duration="00:00:07.3928325" startTime="2026-09-22T11:04:56.8203210+05:30" endTime="2026-09-22T11:04:56.8203217+05:30" testType="13cdc9d9-ddb5-4fa4-a97d-d965ccfc6d4b" outcome="Passed" testListId="8c84fa94-04c1-424b-9868-57a2d4851a1d" relativeResultsDirectory="0a7fa6d9-bab9-4b36-a889-e7c5d732e1a5" />
    <UnitTestResult executionId="0248131c-9dcd-494a-9139-002f418fedf0" testId="94de22db-cea2-5e56-b296-cb89327e19a6" testName="SurplusLink.Tests.ProfileAndPhotoTests.Profile_fields_validate(name: &quot;A Seller&quot;, phone: &quot;+94 771234567&quot;, address: &quot;Colombo&quot;, valid: True)" computerName="LAPTOP-2QCBKKSM" duration="00:00:00.0004025" startTime="2026-09-22T11:04:24.3315255+05:30" endTime="2026-09-22T11:04:24.3315257+05:30" testType="13cdc9d9-ddb5-4fa4-a97d-d965ccfc6d4b" outcome="Passed" testListId="8c84fa94-04c1-424b-9868-57a2d4851a1d" relativeResultsDirectory="0248131c-9dcd-494a-9139-002f418fedf0" />
    <UnitTestResult executionId="f4b06541-1271-4630-8ad8-3ff78c121d4a" testId="9f42b7d1-8a9b-c3bb-075c-9aef6087300f" testName="SurplusLink.Tests.DualRoleAuthTests.Public_registration_rejects_invalid_roles_before_database_access(roles: [])" computerName="LAPTOP-2QCBKKSM" duration="00:00:00.4318149" startTime="2026-09-22T11:04:47.0138853+05:30" endTime="2026-09-22T11:04:47.0138858+05:30" testType="13cdc9d9-ddb5-4fa4-a97d-d965ccfc6d4b" outcome="Passed" testListId="8c84fa94-04c1-424b-9868-57a2d4851a1d" relativeResultsDirectory="f4b06541-1271-4630-8ad8-3ff78c121d4a" />
    <UnitTestResult executionId="46c814fb-6ba8-452c-9455-5de77658075f" testId="5a04abfe-7da8-be47-9ef6-46790204c1c5" testName="SurplusLink.Tests.MatchIntegrationTests.History_and_analytics_track_actions_and_route_attempts_with_access_control" computerName="LAPTOP-2QCBKKSM" duration="00:00:07.7292022" startTime="2026-09-22T11:05:34.3787009+05:30" endTime="2026-09-22T11:05:34.3787013+05:30" testType="13cdc9d9-ddb5-4fa4-a97d-d965ccfc6d4b" outcome="Passed" testListId="8c84fa94-04c1-424b-9868-57a2d4851a1d" relativeResultsDirectory="46c814fb-6ba8-452c-9455-5de77658075f" />
    <UnitTestResult executionId="942dee4e-1e93-4179-8c93-d7b56288792e" testId="59dd97da-9be8-cbf7-fbad-72f171f830f2" testName="SurplusLink.Tests.DualRoleAuthTests.Public_registration_rejects_invalid_roles_before_database_access(roles: [&quot;seller&quot;])" computerName="LAPTOP-2QCBKKSM" duration="00:00:00.3927304" startTime="2026-09-22T11:04:48.3064961+05:30" endTime="2026-09-22T11:04:48.3064968+05:30" testType="13cdc9d9-ddb5-4fa4-a97d-d965ccfc6d4b" outcome="Passed" testListId="8c84fa94-04c1-424b-9868-57a2d4851a1d" relativeResultsDirectory="942dee4e-1e93-4179-8c93-d7b56288792e" />
    <UnitTestResult executionId="b5505896-a494-490c-8753-bfa3c722f11d" testId="722539cc-1d42-2ad1-e4cf-03912be8e05a" testName="SurplusLink.Tests.RequirementQueriesAndHistoryTests.History_records_operations_and_status_pairs_and_enforces_access" computerName="LAPTOP-2QCBKKSM" duration="00:00:11.6010159" startTime="2026-09-22T11:04:54.3967813+05:30" endTime="2026-09-22T11:04:54.3967819+05:30" testType="13cdc9d9-ddb5-4fa4-a97d-d965ccfc6d4b" outcome="Passed" testListId="8c84fa94-04c1-424b-9868-57a2d4851a1d" relativeResultsDirectory="b5505896-a494-490c-8753-bfa3c722f11d" />
    <UnitTestResult executionId="ceafec17-aa0e-4ffb-b455-4f7cd27b32a9" testId="78d35eb1-38bf-16d2-093b-e1ee2982f318" testName="SurplusLink.Tests.DualRoleAuthTests.Public_registration_rejects_invalid_roles_before_database_access(roles: [&quot;SELLER&quot;, &quot;SELLER&quot;])" computerName="LAPTOP-2QCBKKSM" duration="00:00:00.5752563" startTime="2026-09-22T11:04:46.2743058+05:30" endTime="2026-09-22T11:04:46.2743064+05:30" testType="13cdc9d9-ddb5-4fa4-a97d-d965ccfc6d4b" outcome="Passed" testListId="8c84fa94-04c1-424b-9868-57a2d4851a1d" relativeResultsDirectory="ceafec17-aa0e-4ffb-b455-4f7cd27b32a9" />
    <UnitTestResult executionId="1e31fd90-b0b1-4b04-8122-a6e1c4f76761" testId="970f49a8-39ab-eb69-53a5-c6f0ea458c23" testName="SurplusLink.Tests.LocationReverseGeocodingTests.Controller_rejects_coordinates_outside_allowed_ranges" computerName="LAPTOP-2QCBKKSM" duration="00:00:00.1337183" startTime="2026-09-22T11:04:19.1667358+05:30" endTime="2026-09-22T11:04:19.1667369+05:30" testType="13cdc9d9-ddb5-4fa4-a97d-d965ccfc6d4b" outcome="Passed" testListId="8c84fa94-04c1-424b-9868-57a2d4851a1d" relativeResultsDirectory="1e31fd90-b0b1-4b04-8122-a6e1c4f76761" />
    <UnitTestResult executionId="acd52ac1-e75d-41d2-86fb-be3c4dd16780" testId="17dfc437-1635-6ca2-8a95-44f9fedae91d" testName="SurplusLink.Tests.WorkflowExecutionTests.Permanent_http_failure_is_not_retried(status: Unauthorized)" computerName="LAPTOP-2QCBKKSM" duration="00:00:00.0012663" startTime="2026-09-22T11:04:20.9097624+05:30" endTime="2026-09-22T11:04:20.9097627+05:30" testType="13cdc9d9-ddb5-4fa4-a97d-d965ccfc6d4b" outcome="Passed" testListId="8c84fa94-04c1-424b-9868-57a2d4851a1d" relativeResultsDirectory="acd52ac1-e75d-41d2-86fb-be3c4dd16780" />
    <UnitTestResult executionId="af9ee549-a481-4f20-8ea6-11aaf5feaf81" testId="f3cade3a-cff1-3dd6-3069-58fcd9efda9d" testName="SurplusLink.Tests.CategoryAuthorizationTests.Anonymous_is_blocked_and_only_manager_can_write(role: &quot;BUYER&quot;, method: &quot;POST&quot;, expected: 403)" computerName="LAPTOP-2QCBKKSM" duration="00:00:00.8635851" startTime="2026-09-22T11:04:25.1666897+05:30" endTime="2026-09-22T11:04:25.1666905+05:30" testType="13cdc9d9-ddb5-4fa4-a97d-d965ccfc6d4b" outcome="Passed" testListId="8c84fa94-04c1-424b-9868-57a2d4851a1d" relativeResultsDirectory="af9ee549-a481-4f20-8ea6-11aaf5feaf81" />
    <UnitTestResult executionId="89bbcccc-bf1e-4255-ad97-ca789e500be5" testId="e4fd6b06-9757-4f98-ff8e-54069277899b" testName="SurplusLink.Tests.BuyerRequirementsIntegrationTests.Draft_crud_preserves_owner_timestamps_and_lists_only_own_rows" computerName="LAPTOP-2QCBKKSM" duration="00:00:03.0126087" startTime="2026-09-22T11:05:04.3175542+05:30" endTime="2026-09-22T11:05:04.3175550+05:30" testType="13cdc9d9-ddb5-4fa4-a97d-d965ccfc6d4b" outcome="Passed" testListId="8c84fa94-04c1-424b-9868-57a2d4851a1d" relativeResultsDirectory="89bbcccc-bf1e-4255-ad97-ca789e500be5" />
    <UnitTestResult executionId="8be3a5f5-7718-4a98-9970-7d0e9140e2ec" testId="29533f96-6929-1bbf-d539-3c32a99b1d5d" testName="SurplusLink.Tests.RoutingProviderTests.Invalid_payload_returns_safe_failure(body: &quot;{\&quot;routes\&quot;:[]}&quot;)" computerName="LAPTOP-2QCBKKSM" duration="00:00:00.0003844" startTime="2026-09-22T11:04:18.9849182+05:30" endTime="2026-09-22T11:04:18.9849187+05:30" testType="13cdc9d9-ddb5-4fa4-a97d-d965ccfc6d4b" outcome="Passed" testListId="8c84fa94-04c1-424b-9868-57a2d4851a1d" relativeResultsDirectory="8be3a5f5-7718-4a98-9970-7d0e9140e2ec" />
    <UnitTestResult executionId="1a9036f1-1f45-44ee-bd93-1e4a39bb17e3" testId="cac7a598-7a6f-a6e1-0562-8d0dee359a66" testName="SurplusLink.Tests.CategoryAuthorizationTests.Anonymous_is_blocked_and_only_manager_can_write(role: null, method: &quot;GET&quot;, expected: 401)" computerName="LAPTOP-2QCBKKSM" duration="00:00:00.4491630" startTime="2026-09-22T11:04:24.2968450+05:30" endTime="2026-09-22T11:04:24.2968456+05:30" testType="13cdc9d9-ddb5-4fa4-a97d-d965ccfc6d4b" outcome="Passed" testListId="8c84fa94-04c1-424b-9868-57a2d4851a1d" relativeResultsDirectory="1a9036f1-1f45-44ee-bd93-1e4a39bb17e3" />
    <UnitTestResult executionId="5e485713-709e-45ce-a34a-4d8c617a4184" testId="b726ada9-919b-afad-956d-8a55ac0035db" testName="SurplusLink.Tests.MaterialListingQueryBuilderTests.Sorting_and_pagination_return_the_requested_page_and_correct_totals" computerName="LAPTOP-2QCBKKSM" duration="00:00:00.0260470" startTime="2026-09-22T11:04:20.5458535+05:30" endTime="2026-09-22T11:04:20.5458542+05:30" testType="13cdc9d9-ddb5-4fa4-a97d-d965ccfc6d4b" outcome="Passed" testListId="8c84fa94-04c1-424b-9868-57a2d4851a1d" relativeResultsDirectory="5e485713-709e-45ce-a34a-4d8c617a4184" />
    <UnitTestResult executionId="06d2ee21-e297-4304-a1e0-d98dbf4622db" testId="2b44f9bc-5100-6044-0991-78ce8bdca8c4" testName="SurplusLink.Tests.BuyerRequirementsIntegrationTests.Concurrent_submit_and_start_calls_transition_once_without_reserving" computerName="LAPTOP-2QCBKKSM" duration="00:00:03.0788166" startTime="2026-09-22T11:05:17.4365617+05:30" endTime="2026-09-22T11:05:17.4365623+05:30" testType="13cdc9d9-ddb5-4fa4-a97d-d965ccfc6d4b" outcome="Passed" testListId="8c84fa94-04c1-424b-9868-57a2d4851a1d" relativeResultsDirectory="06d2ee21-e297-4304-a1e0-d98dbf4622db" />
    <UnitTestResult executionId="97eb6000-7da2-41ff-b2cb-85db8c1f925b" testId="e87e2fc3-2043-332f-8914-719e6a8469b1" testName="SurplusLink.Tests.SharedApiQualityTests.Swagger_describes_jwt_bearer_authentication" computerName="LAPTOP-2QCBKKSM" duration="00:00:01.8362505" startTime="2026-09-22T11:04:24.0161916+05:30" endTime="2026-09-22T11:04:24.0161920+05:30" testType="13cdc9d9-ddb5-4fa4-a97d-d965ccfc6d4b" outcome="Passed" testListId="8c84fa94-04c1-424b-9868-57a2d4851a1d" relativeResultsDirectory="97eb6000-7da2-41ff-b2cb-85db8c1f925b" />
    <UnitTestResult executionId="5512d339-604e-415f-bc3f-08a960870f5c" testId="f8eadfd1-6a62-32fd-3f08-fb388f78a910" testName="SurplusLink.Tests.BuyerRequirementsIntegrationTests.Lifecycle_guards_and_persisted_workflow_leave_stock_unreserved" computerName="LAPTOP-2QCBKKSM" duration="00:00:07.5210876" startTime="2026-09-22T11:05:12.4192057+05:30" endTime="2026-09-22T11:05:12.4192062+05:30" testType="13cdc9d9-ddb5-4fa4-a97d-d965ccfc6d4b" outcome="Passed" testListId="8c84fa94-04c1-424b-9868-57a2d4851a1d" relativeResultsDirectory="5512d339-604e-415f-bc3f-08a960870f5c" />
    <UnitTestResult executionId="0cd32517-b09a-4249-8123-03c693241364" testId="05341185-198c-8570-2a47-2495f75a0ade" testName="SurplusLink.Tests.BuyerRequirementsIntegrationTests.Workflow_and_terminal_states_cannot_be_changed_by_buyer_crud_or_actions" computerName="LAPTOP-2QCBKKSM" duration="00:00:11.8482847" startTime="2026-09-22T11:05:29.2868417+05:30" endTime="2026-09-22T11:05:29.2868422+05:30" testType="13cdc9d9-ddb5-4fa4-a97d-d965ccfc6d4b" outcome="Passed" testListId="8c84fa94-04c1-424b-9868-57a2d4851a1d" relativeResultsDirectory="0cd32517-b09a-4249-8123-03c693241364" />
    <UnitTestResult executionId="9644c3e9-9da1-4605-a419-ade17381e9cf" testId="b5bf9cc9-8fe0-72fd-d4f5-d4f1158e0eb7" testName="SurplusLink.Tests.MarketplaceRoleIntegrityTests.Legitimate_buyer_seller_counterparties_can_create_offer_and_transaction_records" computerName="LAPTOP-2QCBKKSM" duration="00:00:01.4551341" startTime="2026-09-22T11:04:47.4916680+05:30" endTime="2026-09-22T11:04:47.4916685+05:30" testType="13cdc9d9-ddb5-4fa4-a97d-d965ccfc6d4b" outcome="Passed" testListId="8c84fa94-04c1-424b-9868-57a2d4851a1d" relativeResultsDirectory="9644c3e9-9da1-4605-a419-ade17381e9cf" />
    <UnitTestResult executionId="7e34b342-1f8e-4191-bdb1-6e22784568ff" testId="df8bd86b-c45c-0733-a240-fdbd15682be2" testName="SurplusLink.Tests.MaterialListingQueryBuilderTests.Search_matches_title_description_and_category" computerName="LAPTOP-2QCBKKSM" duration="00:00:00.0398598" startTime="2026-09-22T11:04:20.5195116+05:30" endTime="2026-09-22T11:04:20.5195123+05:30" testType="13cdc9d9-ddb5-4fa4-a97d-d965ccfc6d4b" outcome="Passed" testListId="8c84fa94-04c1-424b-9868-57a2d4851a1d" relativeResultsDirectory="7e34b342-1f8e-4191-bdb1-6e22784568ff" />
    <UnitTestResult executionId="9ec9e996-334b-4d29-86a8-8f7f605c44a1" testId="663f8c54-8c15-f623-c02a-678a2dd88e53" testName="SurplusLink.Tests.CategoryAuthorizationTests.Authenticated_roles_can_list_categories(role: &quot;BUYER&quot;)" computerName="LAPTOP-2QCBKKSM" duration="00:00:00.4376868" startTime="2026-09-22T11:04:31.9840691+05:30" endTime="2026-09-22T11:04:31.9840698+05:30" testType="13cdc9d9-ddb5-4fa4-a97d-d965ccfc6d4b" outcome="Passed" testListId="8c84fa94-04c1-424b-9868-57a2d4851a1d" relativeResultsDirectory="9ec9e996-334b-4d29-86a8-8f7f605c44a1" />
    <UnitTestResult executionId="e25cdb36-8b53-4506-b7dc-373186595ada" testId="c680becf-e822-53d5-093c-afedc82fe450" testName="SurplusLink.Tests.CategoryAuthorizationTests.Anonymous_is_blocked_and_only_manager_can_write(role: &quot;MANAGER&quot;, method: &quot;POST&quot;, expected: 201)" computerName="LAPTOP-2QCBKKSM" duration="00:00:00.8572510" startTime="2026-09-22T11:04:23.3929191+05:30" endTime="2026-09-22T11:04:23.3929196+05:30" testType="13cdc9d9-ddb5-4fa4-a97d-d965ccfc6d4b" outcome="Passed" testListId="8c84fa94-04c1-424b-9868-57a2d4851a1d" relativeResultsDirectory="e25cdb36-8b53-4506-b7dc-373186595ada" />
    <UnitTestResult executionId="2b295d0c-99b0-4ac8-8fe4-205431dbc736" testId="58b42fca-ddd7-45fc-f427-3f691da0e846" testName="SurplusLink.Tests.RoutingProviderTests.Invalid_payload_returns_safe_failure(body: &quot;{\&quot;routes\&quot;:[{\&quot;summary\&quot;:{\&quot;distance\&quot;:\&quot;1000\&quot;,\&quot;···)" computerName="LAPTOP-2QCBKKSM" duration="00:00:00.0002393" startTime="2026-09-22T11:04:19.0209718+05:30" endTime="2026-09-22T11:04:19.0209719+05:30" testType="13cdc9d9-ddb5-4fa4-a97d-d965ccfc6d4b" outcome="Passed" testListId="8c84fa94-04c1-424b-9868-57a2d4851a1d" relativeResultsDirectory="2b295d0c-99b0-4ac8-8fe4-205431dbc736" />
    <UnitTestResult executionId="20acb1ae-c962-4609-a699-c8ad6ce9bfa8" testId="70e50389-0bd9-beea-0f48-1e7067fe2111" testName="SurplusLink.Tests.DualRoleAuthTests.Public_registration_rejects_invalid_roles_before_database_access(roles: [&quot;0&quot;])" computerName="LAPTOP-2QCBKKSM" duration="00:00:00.5932060" startTime="2026-09-22T11:04:47.8696017+05:30" endTime="2026-09-22T11:04:47.8696027+05:30" testType="13cdc9d9-ddb5-4fa4-a97d-d965ccfc6d4b" outcome="Passed" testListId="8c84fa94-04c1-424b-9868-57a2d4851a1d" relativeResultsDirectory="20acb1ae-c962-4609-a699-c8ad6ce9bfa8" />
    <UnitTestResult executionId="f88dd307-784e-472f-a3cf-0208ec5a9b30" testId="4e8307f4-3a39-7934-c659-7995060ad7e2" testName="SurplusLink.Tests.UserRoleMigrationTests.Migration_round_trips_single_roles_rejects_duplicates_and_refuses_lossy_rollback" computerName="LAPTOP-2QCBKKSM" duration="00:00:16.7106735" startTime="2026-09-22T11:05:01.2988971+05:30" endTime="2026-09-22T11:05:01.2988979+05:30" testType="13cdc9d9-ddb5-4fa4-a97d-d965ccfc6d4b" outcome="Passed" testListId="8c84fa94-04c1-424b-9868-57a2d4851a1d" relativeResultsDirectory="f88dd307-784e-472f-a3cf-0208ec5a9b30" />
    <UnitTestResult executionId="007fa5a5-9aa5-4de3-9310-0c7bcf3165ba" testId="62581e76-83e1-0eb8-3c83-6297b8d349a8" testName="SurplusLink.Tests.SchemaIntegrityTests.Database_checks_enforce_numeric_invariants" computerName="LAPTOP-2QCBKKSM" duration="00:00:00.0042027" startTime="2026-09-22T11:04:24.6518177+05:30" endTime="2026-09-22T11:04:24.6518183+05:30" testType="13cdc9d9-ddb5-4fa4-a97d-d965ccfc6d4b" outcome="Passed" testListId="8c84fa94-04c1-424b-9868-57a2d4851a1d" relativeResultsDirectory="007fa5a5-9aa5-4de3-9310-0c7bcf3165ba" />
    <UnitTestResult executionId="5f79e03a-0116-4c62-8355-56dd41d1afc8" testId="e8149e2c-2173-b5c0-24fd-ca1ab67c0572" testName="SurplusLink.Tests.BuyerRequirementsIntegrationTests.Invalid_values_unknown_fields_and_missing_ids_are_rejected" computerName="LAPTOP-2QCBKKSM" duration="00:00:01.9060235" startTime="2026-09-22T11:05:14.3490094+05:30" endTime="2026-09-22T11:05:14.3490098+05:30" testType="13cdc9d9-ddb5-4fa4-a97d-d965ccfc6d4b" outcome="Passed" testListId="8c84fa94-04c1-424b-9868-57a2d4851a1d" relativeResultsDirectory="5f79e03a-0116-4c62-8355-56dd41d1afc8" />
    <UnitTestResult executionId="4a218b3f-dc04-4eba-b17d-dd3136aea39c" testId="e2b107ba-fac6-d7bf-060d-8ce5f98ab42b" testName="SurplusLink.Tests.RequirementQueriesAndHistoryTests.Search_filters_and_totals_are_scoped_before_pagination" computerName="LAPTOP-2QCBKKSM" duration="00:00:03.6877501" startTime="2026-09-22T11:05:29.9413526+05:30" endTime="2026-09-22T11:05:29.9413534+05:30" testType="13cdc9d9-ddb5-4fa4-a97d-d965ccfc6d4b" outcome="Passed" testListId="8c84fa94-04c1-424b-9868-57a2d4851a1d" relativeResultsDirectory="4a218b3f-dc04-4eba-b17d-dd3136aea39c" />
    <UnitTestResult executionId="a3f2d72c-82cf-4ecb-a2d8-29edd83c136e" testId="42b04134-1194-5c51-3d39-a13b0649b782" testName="SurplusLink.Tests.SharedApiQualityTests.Health_endpoint_reports_healthy" computerName="LAPTOP-2QCBKKSM" duration="00:00:00.4447247" startTime="2026-09-22T11:04:21.4220464+05:30" endTime="2026-09-22T11:04:21.4220472+05:30" testType="13cdc9d9-ddb5-4fa4-a97d-d965ccfc6d4b" outcome="Passed" testListId="8c84fa94-04c1-424b-9868-57a2d4851a1d" relativeResultsDirectory="a3f2d72c-82cf-4ecb-a2d8-29edd83c136e" />
    <UnitTestResult executionId="db7947ea-4d3b-461c-a907-a79447158eeb" testId="e2431452-2cb9-66ab-99ce-811221a7220b" testName="SurplusLink.Tests.DualRoleAuthTests.Public_registration_rejects_invalid_roles_before_database_access(roles: [&quot;MANAGER&quot;])" computerName="LAPTOP-2QCBKKSM" duration="00:00:00.3611824" startTime="2026-09-22T11:04:48.6780096+05:30" endTime="2026-09-22T11:04:48.6780105+05:30" testType="13cdc9d9-ddb5-4fa4-a97d-d965ccfc6d4b" outcome="Passed" testListId="8c84fa94-04c1-424b-9868-57a2d4851a1d" relativeResultsDirectory="db7947ea-4d3b-461c-a907-a79447158eeb" />
    <UnitTestResult executionId="2d6e912c-6b4a-4a5a-a006-6993c8d363fb" testId="68f6d09c-620d-a981-be59-7912da3ff0f8" testName="SurplusLink.Tests.AgentWorkflowIntegrationTests.Manager_approval_reserves_once_and_decisions_are_audited" computerName="LAPTOP-2QCBKKSM" duration="00:00:03.2662125" startTime="2026-09-22T11:04:58.6710904+05:30" endTime="2026-09-22T11:04:58.6710910+05:30" testType="13cdc9d9-ddb5-4fa4-a97d-d965ccfc6d4b" outcome="Passed" testListId="8c84fa94-04c1-424b-9868-57a2d4851a1d" relativeResultsDirectory="2d6e912c-6b4a-4a5a-a006-6993c8d363fb" />
    <UnitTestResult executionId="b08af2d7-7095-4470-9fe1-b137d678d6f4" testId="ef05d64f-8cdd-52cb-7895-8de8e3ca6ff2" testName="SurplusLink.Tests.DualRoleAuthTests.Public_registration_rejects_invalid_roles_before_database_access(roles: [&quot;SELLER&quot;, &quot;MANAGER&quot;])" computerName="LAPTOP-2QCBKKSM" duration="00:00:00.5173323" startTime="2026-09-22T11:04:43.2804573+05:30" endTime="2026-09-22T11:04:43.2804581+05:30" testType="13cdc9d9-ddb5-4fa4-a97d-d965ccfc6d4b" outcome="Passed" testListId="8c84fa94-04c1-424b-9868-57a2d4851a1d" relativeResultsDirectory="b08af2d7-7095-4470-9fe1-b137d678d6f4" />
    <UnitTestResult executionId="50e9128f-089b-4166-a7a2-fee2d34c46c2" testId="8ba9d289-fce9-0631-2f1e-3f98af66fb31" testName="SurplusLink.Tests.CategoryAuthorizationTests.Anonymous_is_blocked_and_only_manager_can_write(role: &quot;BUYER&quot;, method: &quot;DELETE&quot;, expected: 403)" computerName="LAPTOP-2QCBKKSM" duration="00:00:00.3990894" startTime="2026-09-22T11:04:27.5876227+05:30" endTime="2026-09-22T11:04:27.5876232+05:30" testType="13cdc9d9-ddb5-4fa4-a97d-d965ccfc6d4b" outcome="Passed" testListId="8c84fa94-04c1-424b-9868-57a2d4851a1d" relativeResultsDirectory="50e9128f-089b-4166-a7a2-fee2d34c46c2" />
    <UnitTestResult executionId="b60e74f5-f611-4169-b165-5126e4d896a2" testId="ab1ba9f9-5aa9-983d-424a-ddf41e20545c" testName="SurplusLink.Tests.CategoryAuthorizationTests.Anonymous_is_blocked_and_only_manager_can_write(role: &quot;SELLER&quot;, method: &quot;DELETE&quot;, expected: 403)" computerName="LAPTOP-2QCBKKSM" duration="00:00:00.4131874" startTime="2026-09-22T11:04:21.5610477+05:30" endTime="2026-09-22T11:04:21.5610489+05:30" testType="13cdc9d9-ddb5-4fa4-a97d-d965ccfc6d4b" outcome="Passed" testListId="8c84fa94-04c1-424b-9868-57a2d4851a1d" relativeResultsDirectory="b60e74f5-f611-4169-b165-5126e4d896a2" />
    <UnitTestResult executionId="bb945d85-50c3-486e-8a62-5529628a757a" testId="fc913baa-d133-20b4-bbda-7744294e2b89" testName="SurplusLink.Tests.ProfileAndPhotoTests.Profile_fields_validate(name: &quot;A Seller&quot;, phone: &quot;+94 771234567&quot;, address: &quot;&quot;, valid: False)" computerName="LAPTOP-2QCBKKSM" duration="00:00:00.0134983" startTime="2026-09-22T11:04:24.3290647+05:30" endTime="2026-09-22T11:04:24.3290652+05:30" testType="13cdc9d9-ddb5-4fa4-a97d-d965ccfc6d4b" outcome="Passed" testListId="8c84fa94-04c1-424b-9868-57a2d4851a1d" relativeResultsDirectory="bb945d85-50c3-486e-8a62-5529628a757a" />
    <UnitTestResult executionId="f772665c-6b87-4d52-86fd-451a69196c5a" testId="217deb09-f1d1-2d6d-8e60-aecb3f47c95b" testName="SurplusLink.Tests.TransactionQueryIntegrationTests.Manager_can_filter_sort_history_analytics_and_complete_transactions" computerName="LAPTOP-2QCBKKSM" duration="00:00:03.5353867" startTime="2026-09-22T11:04:47.3651062+05:30" endTime="2026-09-22T11:04:47.3651065+05:30" testType="13cdc9d9-ddb5-4fa4-a97d-d965ccfc6d4b" outcome="Failed" testListId="8c84fa94-04c1-424b-9868-57a2d4851a1d" relativeResultsDirectory="f772665c-6b87-4d52-86fd-451a69196c5a">
      <Output>
        <ErrorInfo>
          <Message>Assert.Equal() Failure: Values differ&#xD;
Expected: Forbidden&#xD;
Actual:   OK</Message>
          <StackTrace>   at SurplusLink.Tests.TransactionQueryIntegrationTests.Manager_can_filter_sort_history_analytics_and_complete_transactions() in C:\Users\Dimuthu_K\SurplusLink\SurplusLink\backend\SurplusLink.Tests\TransactionQueryIntegrationTests.cs:line 20&#xD;
--- End of stack trace from previous location ---</StackTrace>
        </ErrorInfo>
      </Output>
    </UnitTestResult>
    <UnitTestResult executionId="1c123d3f-9246-46af-9736-167e35f70236" testId="9a4fe454-b3a5-22dd-7301-fd21c6fc9882" testName="SurplusLink.Tests.ProfilePersistenceTests.Buyer_sees_seller_contact_on_listing_without_private_address_or_password" computerName="LAPTOP-2QCBKKSM" duration="00:00:05.0906787" startTime="2026-09-22T11:04:47.4966614+05:30" endTime="2026-09-22T11:04:47.4966622+05:30" testType="13cdc9d9-ddb5-4fa4-a97d-d965ccfc6d4b" outcome="Passed" testListId="8c84fa94-04c1-424b-9868-57a2d4851a1d" relativeResultsDirectory="1c123d3f-9246-46af-9736-167e35f70236" />
    <UnitTestResult executionId="d70130c6-7888-4d76-a066-6b0d80c8815e" testId="13a10165-6e45-4adc-874b-56cb58ca68ec" testName="SurplusLink.Tests.RoutingProviderTests.Provider_failure_does_not_echo_body(status: 401)" computerName="LAPTOP-2QCBKKSM" duration="00:00:00.0010076" startTime="2026-09-22T11:04:19.2283090+05:30" endTime="2026-09-22T11:04:19.2283092+05:30" testType="13cdc9d9-ddb5-4fa4-a97d-d965ccfc6d4b" outcome="Passed" testListId="8c84fa94-04c1-424b-9868-57a2d4851a1d" relativeResultsDirectory="d70130c6-7888-4d76-a066-6b0d80c8815e" />
    <UnitTestResult executionId="45fb707a-a8e4-4fd5-93b5-94fea1f8bba6" testId="0e35313e-cd07-a263-07bc-8e10e0d2116c" testName="SurplusLink.Tests.WorkflowPersistenceTests.Transport_or_internal_service_failure_is_terminal_safe_and_does_not_leak_secrets" computerName="LAPTOP-2QCBKKSM" duration="00:00:01.6592418" startTime="2026-09-22T11:04:58.0040922+05:30" endTime="2026-09-22T11:04:58.0040928+05:30" testType="13cdc9d9-ddb5-4fa4-a97d-d965ccfc6d4b" outcome="Passed" testListId="8c84fa94-04c1-424b-9868-57a2d4851a1d" relativeResultsDirectory="45fb707a-a8e4-4fd5-93b5-94fea1f8bba6" />
    <UnitTestResult executionId="08691416-ea33-460b-86b1-430182547b5d" testId="21343688-8d11-75ab-6832-107ff190439f" testName="SurplusLink.Tests.RoutingProviderTests.Provider_failure_does_not_echo_body(status: 503)" computerName="LAPTOP-2QCBKKSM" duration="00:00:00.0001254" startTime="2026-09-22T11:04:19.2286738+05:30" endTime="2026-09-22T11:04:19.2286739+05:30" testType="13cdc9d9-ddb5-4fa4-a97d-d965ccfc6d4b" outcome="Passed" testListId="8c84fa94-04c1-424b-9868-57a2d4851a1d" relativeResultsDirectory="08691416-ea33-460b-86b1-430182547b5d" />
    <UnitTestResult executionId="74c59b2d-51af-4cff-87db-6d66e12c3053" testId="17fd7ada-f545-0182-8bd6-42c2e834a167" testName="SurplusLink.Tests.SchemaIntegrityTests.Listing_uses_postgresql_xmin_for_optimistic_concurrency" computerName="LAPTOP-2QCBKKSM" duration="00:00:06.0425815" startTime="2026-09-22T11:04:24.5885408+05:30" endTime="2026-09-22T11:04:24.5885416+05:30" testType="13cdc9d9-ddb5-4fa4-a97d-d965ccfc6d4b" outcome="Passed" testListId="8c84fa94-04c1-424b-9868-57a2d4851a1d" relativeResultsDirectory="74c59b2d-51af-4cff-87db-6d66e12c3053" />
    <UnitTestResult executionId="3432ebc4-1ba8-440a-96b3-82516f5dc1bc" testId="22ce7a5e-34d4-08e7-7006-5f1de7102539" testName="SurplusLink.Tests.CategoryAuthorizationTests.Anonymous_is_blocked_and_only_manager_can_write(role: null, method: &quot;DELETE&quot;, expected: 401)" computerName="LAPTOP-2QCBKKSM" duration="00:00:01.0952635" startTime="2026-09-22T11:04:30.4705094+05:30" endTime="2026-09-22T11:04:30.4705101+05:30" testType="13cdc9d9-ddb5-4fa4-a97d-d965ccfc6d4b" outcome="Passed" testListId="8c84fa94-04c1-424b-9868-57a2d4851a1d" relativeResultsDirectory="3432ebc4-1ba8-440a-96b3-82516f5dc1bc" />
    <UnitTestResult executionId="9019ed4c-f61a-41be-9e5d-f34141060f29" testId="636612a7-1710-f27c-104e-a242a1375131" testName="SurplusLink.Tests.MatchQueryTests.Filters_compose_and_conflicting_filters_return_no_matches" computerName="LAPTOP-2QCBKKSM" duration="00:00:00.0489681" startTime="2026-09-22T11:04:25.0671147+05:30" endTime="2026-09-22T11:04:25.0671153+05:30" testType="13cdc9d9-ddb5-4fa4-a97d-d965ccfc6d4b" outcome="Passed" testListId="8c84fa94-04c1-424b-9868-57a2d4851a1d" relativeResultsDirectory="9019ed4c-f61a-41be-9e5d-f34141060f29" />
    <UnitTestResult executionId="c861e02f-492f-4113-ad90-6aa420511e28" testId="2736970f-5f8a-8dcb-b8a5-d419978b99bc" testName="SurplusLink.Tests.DualRoleAuthTests.Public_registration_rejects_invalid_roles_before_database_access(roles: [null])" computerName="LAPTOP-2QCBKKSM" duration="00:00:00.4271879" startTime="2026-09-22T11:04:43.7212908+05:30" endTime="2026-09-22T11:04:43.7212915+05:30" testType="13cdc9d9-ddb5-4fa4-a97d-d965ccfc6d4b" outcome="Passed" testListId="8c84fa94-04c1-424b-9868-57a2d4851a1d" relativeResultsDirectory="c861e02f-492f-4113-ad90-6aa420511e28" />
    <UnitTestResult executionId="f5d40914-0182-45e1-92e9-810fb4662d29" testId="9777e717-ebb8-19bc-dc62-621897cfcba1" testName="SurplusLink.Tests.MatchIntegrationTests.Concurrent_rejection_prevents_stale_rank_and_rolls_back_its_audit" computerName="LAPTOP-2QCBKKSM" duration="00:00:02.5775233" startTime="2026-09-22T11:05:15.4128652+05:30" endTime="2026-09-22T11:05:15.4128657+05:30" testType="13cdc9d9-ddb5-4fa4-a97d-d965ccfc6d4b" outcome="Passed" testListId="8c84fa94-04c1-424b-9868-57a2d4851a1d" relativeResultsDirectory="f5d40914-0182-45e1-92e9-810fb4662d29" />
    <UnitTestResult executionId="5a4f329e-8b89-4f43-b235-e201dedb8c10" testId="41a24675-7ac8-9752-04a7-bd7ca73ea1b2" testName="SurplusLink.Tests.RoutingProviderTests.Timeout_returns_safe_failure_without_a_fabricated_estimate" computerName="LAPTOP-2QCBKKSM" duration="00:00:00.0750429" startTime="2026-09-22T11:04:19.3484276+05:30" endTime="2026-09-22T11:04:19.3484282+05:30" testType="13cdc9d9-ddb5-4fa4-a97d-d965ccfc6d4b" outcome="Passed" testListId="8c84fa94-04c1-424b-9868-57a2d4851a1d" relativeResultsDirectory="5a4f329e-8b89-4f43-b235-e201dedb8c10" />
    <UnitTestResult executionId="9ff3162a-4ead-4f60-8f4d-c14ac8ec0d15" testId="42ab700e-3635-4653-1bb9-2393ab802ecf" testName="SurplusLink.Tests.SchemaIntegrityTests.Required_unique_and_query_indexes_are_configured" computerName="LAPTOP-2QCBKKSM" duration="00:00:00.0085927" startTime="2026-09-22T11:04:24.6472636+05:30" endTime="2026-09-22T11:04:24.6472640+05:30" testType="13cdc9d9-ddb5-4fa4-a97d-d965ccfc6d4b" outcome="Passed" testListId="8c84fa94-04c1-424b-9868-57a2d4851a1d" relativeResultsDirectory="9ff3162a-4ead-4f60-8f4d-c14ac8ec0d15" />
    <UnitTestResult executionId="c07c2fde-9267-44a8-930a-3bbe3063e8e6" testId="33cd7efd-d0b0-e887-b175-554ba00676e6" testName="SurplusLink.Tests.MarketplaceRoleIntegrityTests.Database_rejects_self_dealing_offers_and_transactions" computerName="LAPTOP-2QCBKKSM" duration="00:00:02.8787317" startTime="2026-09-22T11:04:46.0249617+05:30" endTime="2026-09-22T11:04:46.0249623+05:30" testType="13cdc9d9-ddb5-4fa4-a97d-d965ccfc6d4b" outcome="Passed" testListId="8c84fa94-04c1-424b-9868-57a2d4851a1d" relativeResultsDirectory="c07c2fde-9267-44a8-930a-3bbe3063e8e6" />
    <UnitTestResult executionId="35b68664-991b-446b-9035-6d326b43cd9c" testId="706ab7ec-04f1-0cc1-0f4d-d3c552347f8e" testName="SurplusLink.Tests.LocationReverseGeocodingTests.Reverse_converts_provider_failures_to_controlled_exception" computerName="LAPTOP-2QCBKKSM" duration="00:00:00.8212931" startTime="2026-09-22T11:04:19.9901318+05:30" endTime="2026-09-22T11:04:19.9901333+05:30" testType="13cdc9d9-ddb5-4fa4-a97d-d965ccfc6d4b" outcome="Passed" testListId="8c84fa94-04c1-424b-9868-57a2d4851a1d" relativeResultsDirectory="35b68664-991b-446b-9035-6d326b43cd9c" />
    <UnitTestResult executionId="dfaaec39-9a3c-48fd-8ba0-3c86546e755f" testId="b352643d-0a2f-3310-d96c-145fffe798f6" testName="SurplusLink.Tests.MatchIntegrationTests.Filters_totals_sorting_and_pagination_are_requirement_scoped" computerName="LAPTOP-2QCBKKSM" duration="00:00:19.3574810" startTime="2026-09-22T11:05:12.8310676+05:30" endTime="2026-09-22T11:05:12.8310682+05:30" testType="13cdc9d9-ddb5-4fa4-a97d-d965ccfc6d4b" outcome="Passed" testListId="8c84fa94-04c1-424b-9868-57a2d4851a1d" relativeResultsDirectory="dfaaec39-9a3c-48fd-8ba0-3c86546e755f" />
    <UnitTestResult executionId="8e62effe-eef5-42bd-b9b7-1960b67ef726" testId="8b06fdbb-cd09-1169-2dff-21765e6c8774" testName="SurplusLink.Tests.MatchIntegrationTests.Empty_analytics_and_legacy_matches_do_not_invent_routes_or_history" computerName="LAPTOP-2QCBKKSM" duration="00:00:11.2332025" startTime="2026-09-22T11:05:26.6476484+05:30" endTime="2026-09-22T11:05:26.6476488+05:30" testType="13cdc9d9-ddb5-4fa4-a97d-d965ccfc6d4b" outcome="Passed" testListId="8c84fa94-04c1-424b-9868-57a2d4851a1d" relativeResultsDirectory="8e62effe-eef5-42bd-b9b7-1960b67ef726" />
    <UnitTestResult executionId="40da0a0e-156f-4fa9-9c8e-749edcad8c48" testId="c4382a7f-efce-3133-fa83-2fb0e0e3395b" testName="SurplusLink.Tests.ProfileAndPhotoTests.Photo_upload_requires_seller_and_stores_real_image_bytes(role: &quot;BUYER&quot;, status: 403)" computerName="LAPTOP-2QCBKKSM" duration="00:00:00.6264343" startTime="2026-09-22T11:04:22.8545508+05:30" endTime="2026-09-22T11:04:22.8545515+05:30" testType="13cdc9d9-ddb5-4fa4-a97d-d965ccfc6d4b" outcome="Passed" testListId="8c84fa94-04c1-424b-9868-57a2d4851a1d" relativeResultsDirectory="40da0a0e-156f-4fa9-9c8e-749edcad8c48" />
    <UnitTestResult executionId="b12069ca-0687-4624-9818-c9121b1bae51" testId="0c093ad0-959a-116d-d06b-dff51a336ba1" testName="SurplusLink.Tests.CategoryAuthorizationTests.Anonymous_is_blocked_and_only_manager_can_write(role: &quot;MANAGER&quot;, method: &quot;DELETE&quot;, expected: 204)" computerName="LAPTOP-2QCBKKSM" duration="00:00:00.6156946" startTime="2026-09-22T11:04:25.7871956+05:30" endTime="2026-09-22T11:04:25.7871963+05:30" testType="13cdc9d9-ddb5-4fa4-a97d-d965ccfc6d4b" outcome="Passed" testListId="8c84fa94-04c1-424b-9868-57a2d4851a1d" relativeResultsDirectory="b12069ca-0687-4624-9818-c9121b1bae51" />
    <UnitTestResult executionId="f0c26f31-91fd-45d5-85b1-533c49dfef09" testId="57f00d4f-a0cc-e63a-1eb4-bc697c93c806" testName="SurplusLink.Tests.LocationReverseGeocodingTests.Reverse_returns_display_name_and_reuses_cached_coordinates" computerName="LAPTOP-2QCBKKSM" duration="00:00:00.4873754" startTime="2026-09-22T11:04:19.0326192+05:30" endTime="2026-09-22T11:04:19.0326197+05:30" testType="13cdc9d9-ddb5-4fa4-a97d-d965ccfc6d4b" outcome="Passed" testListId="8c84fa94-04c1-424b-9868-57a2d4851a1d" relativeResultsDirectory="f0c26f31-91fd-45d5-85b1-533c49dfef09" />
    <UnitTestResult executionId="3784d412-4cb5-463d-af7d-bf5b6d088383" testId="9cdea668-be24-c40c-eebf-6aff8aaa1bcc" testName="SurplusLink.Tests.SchemaIntegrityTests.Auditable_entities_have_utc_timestamps_and_categories_are_seeded" computerName="LAPTOP-2QCBKKSM" duration="00:00:00.0056972" startTime="2026-09-22T11:04:24.6577895+05:30" endTime="2026-09-22T11:04:24.6577902+05:30" testType="13cdc9d9-ddb5-4fa4-a97d-d965ccfc6d4b" outcome="Passed" testListId="8c84fa94-04c1-424b-9868-57a2d4851a1d" relativeResultsDirectory="3784d412-4cb5-463d-af7d-bf5b6d088383" />
    <UnitTestResult executionId="056d712b-ab79-48ab-a5ef-4148ccc713e6" testId="16084051-84f4-0693-bc7f-45f56b71ced6" testName="SurplusLink.Tests.ProfileAndPhotoTests.Profile_fields_validate(name: &quot;&quot;, phone: &quot;0771234567&quot;, address: &quot;Colombo&quot;, valid: False)" computerName="LAPTOP-2QCBKKSM" duration="00:00:00.0002709" startTime="2026-09-22T11:04:24.3313139+05:30" endTime="2026-09-22T11:04:24.3313140+05:30" testType="13cdc9d9-ddb5-4fa4-a97d-d965ccfc6d4b" outcome="Passed" testListId="8c84fa94-04c1-424b-9868-57a2d4851a1d" relativeResultsDirectory="056d712b-ab79-48ab-a5ef-4148ccc713e6" />
    <UnitTestResult executionId="81bb581e-22c3-472b-a661-df80a1cae1be" testId="ae77d70e-3bee-5f7a-29ce-ebf3680ab6d2" testName="SurplusLink.Tests.ProfileAndPhotoTests.Account_response_includes_profile_but_not_password_and_photo_paths_reject_active_content" computerName="LAPTOP-2QCBKKSM" duration="00:00:00.0144557" startTime="2026-09-22T11:04:24.3460147+05:30" endTime="2026-09-22T11:04:24.3460152+05:30" testType="13cdc9d9-ddb5-4fa4-a97d-d965ccfc6d4b" outcome="Passed" testListId="8c84fa94-04c1-424b-9868-57a2d4851a1d" relativeResultsDirectory="81bb581e-22c3-472b-a661-df80a1cae1be" />
    <UnitTestResult executionId="76287c43-80cb-4308-ba07-a6bf5192112c" testId="271ac094-b4a2-a5c1-40b5-c1f4a276ac09" testName="SurplusLink.Tests.CategoryAuthorizationTests.Anonymous_is_blocked_and_only_manager_can_write(role: &quot;BUYER&quot;, method: &quot;PUT&quot;, expected: 403)" computerName="LAPTOP-2QCBKKSM" duration="00:00:00.6504040" startTime="2026-09-22T11:04:28.6123592+05:30" endTime="2026-09-22T11:04:28.6123600+05:30" testType="13cdc9d9-ddb5-4fa4-a97d-d965ccfc6d4b" outcome="Passed" testListId="8c84fa94-04c1-424b-9868-57a2d4851a1d" relativeResultsDirectory="76287c43-80cb-4308-ba07-a6bf5192112c" />
    <UnitTestResult executionId="b472881e-8adc-4abd-aba7-01e25caa7a8d" testId="3f857587-118c-3577-f482-e554a97a00f6" testName="SurplusLink.Tests.DualRoleAuthTests.Public_registration_rejects_invalid_roles_before_database_access(roles: [&quot;SELLER&quot;, &quot;BUYER&quot;, &quot;MANAGER&quot;])" computerName="LAPTOP-2QCBKKSM" duration="00:00:00.2581831" startTime="2026-09-22T11:04:47.2737724+05:30" endTime="2026-09-22T11:04:47.2737730+05:30" testType="13cdc9d9-ddb5-4fa4-a97d-d965ccfc6d4b" outcome="Passed" testListId="8c84fa94-04c1-424b-9868-57a2d4851a1d" relativeResultsDirectory="b472881e-8adc-4abd-aba7-01e25caa7a8d" />
    <UnitTestResult executionId="bce410ae-1a0d-447d-aef6-2039d2a9ae2b" testId="4ab7e0c8-ce99-2c2d-93f5-445805dcf347" testName="SurplusLink.Tests.MatchQueryTests.Sorts_have_stable_ties_and_unknown_routes_last(sort: &quot;createdAt&quot;, direction: &quot;asc&quot;)" computerName="LAPTOP-2QCBKKSM" duration="00:00:00.0268182" startTime="2026-09-22T11:04:24.8925718+05:30" endTime="2026-09-22T11:04:24.8925725+05:30" testType="13cdc9d9-ddb5-4fa4-a97d-d965ccfc6d4b" outcome="Passed" testListId="8c84fa94-04c1-424b-9868-57a2d4851a1d" relativeResultsDirectory="bce410ae-1a0d-447d-aef6-2039d2a9ae2b" />
    <UnitTestResult executionId="c0442c73-9596-4325-a5b9-6f46123cdd0a" testId="8be01f15-3f36-293d-44c1-463f41957a38" testName="SurplusLink.Tests.TransactionQueryIntegrationTests.Offer_decisions_are_audited_and_query_validation_is_enforced" computerName="LAPTOP-2QCBKKSM" duration="00:00:04.5430763" startTime="2026-09-22T11:04:51.8847868+05:30" endTime="2026-09-22T11:04:51.8847877+05:30" testType="13cdc9d9-ddb5-4fa4-a97d-d965ccfc6d4b" outcome="Passed" testListId="8c84fa94-04c1-424b-9868-57a2d4851a1d" relativeResultsDirectory="c0442c73-9596-4325-a5b9-6f46123cdd0a" />
    <UnitTestResult executionId="6471fdfe-109a-4978-8b92-8948a46cafec" testId="ee8d0a07-4eaa-cf84-4312-b06acee0036a" testName="SurplusLink.Tests.SharedApiQualityTests.Cors_allows_only_configured_origins(origin: &quot;https://untrusted.example&quot;, shouldBeAllowed: False)" computerName="LAPTOP-2QCBKKSM" duration="00:00:00.3464467" startTime="2026-09-22T11:04:21.8401501+05:30" endTime="2026-09-22T11:04:21.8401505+05:30" testType="13cdc9d9-ddb5-4fa4-a97d-d965ccfc6d4b" outcome="Passed" testListId="8c84fa94-04c1-424b-9868-57a2d4851a1d" relativeResultsDirectory="6471fdfe-109a-4978-8b92-8948a46cafec" />
    <UnitTestResult executionId="e2c0137b-699e-4618-adee-eaa79f88c0ce" testId="8ce08393-bf59-bf6f-43d5-d29593d4194e" testName="SurplusLink.Tests.DualRoleAuthTests.Public_registration_rejects_invalid_roles_before_database_access(roles: [&quot;UNKNOWN&quot;])" computerName="LAPTOP-2QCBKKSM" duration="00:00:00.6160908" startTime="2026-09-22T11:04:45.6973675+05:30" endTime="2026-09-22T11:04:45.6973686+05:30" testType="13cdc9d9-ddb5-4fa4-a97d-d965ccfc6d4b" outcome="Passed" testListId="8c84fa94-04c1-424b-9868-57a2d4851a1d" relativeResultsDirectory="e2c0137b-699e-4618-adee-eaa79f88c0ce" />
    <UnitTestResult executionId="95de7429-3ca3-478a-93aa-5ac0effcdfad" testId="1a6ac37e-32fd-c463-3ed6-4569359ab972" testName="SurplusLink.Tests.CategoryAuthorizationTests.Authenticated_roles_can_list_categories(role: &quot;MANAGER&quot;)" computerName="LAPTOP-2QCBKKSM" duration="00:00:00.5283924" startTime="2026-09-22T11:04:31.0046121+05:30" endTime="2026-09-22T11:04:31.0046124+05:30" testType="13cdc9d9-ddb5-4fa4-a97d-d965ccfc6d4b" outcome="Passed" testListId="8c84fa94-04c1-424b-9868-57a2d4851a1d" relativeResultsDirectory="95de7429-3ca3-478a-93aa-5ac0effcdfad" />
    <UnitTestResult executionId="56bc536d-b2cf-42eb-a860-75028c8f98eb" testId="8cb89f8a-7ccd-6a77-fe8e-9c04004c26aa" testName="SurplusLink.Tests.MatchIntegrationTests.Self_match_is_rejected_and_failed_writes_leave_no_audit_entries" computerName="LAPTOP-2QCBKKSM" duration="00:00:09.0656098" startTime="2026-09-22T11:04:53.4720540+05:30" endTime="2026-09-22T11:04:53.4720545+05:30" testType="13cdc9d9-ddb5-4fa4-a97d-d965ccfc6d4b" outcome="Passed" testListId="8c84fa94-04c1-424b-9868-57a2d4851a1d" relativeResultsDirectory="56bc536d-b2cf-42eb-a860-75028c8f98eb" />
    <UnitTestResult executionId="015c8e74-1ad0-46c0-9f3d-fc855eaa69d2" testId="08fae7fa-8c12-2305-d846-60460697f5ed" testName="SurplusLink.Tests.MatchQueryTests.Sorts_have_stable_ties_and_unknown_routes_last(sort: &quot;estimatedTransportCost&quot;, direction: &quot;asc&quot;)" computerName="LAPTOP-2QCBKKSM" duration="00:00:00.0451532" startTime="2026-09-22T11:04:24.9380299+05:30" endTime="2026-09-22T11:04:24.9380304+05:30" testType="13cdc9d9-ddb5-4fa4-a97d-d965ccfc6d4b" outcome="Passed" testListId="8c84fa94-04c1-424b-9868-57a2d4851a1d" relativeResultsDirectory="015c8e74-1ad0-46c0-9f3d-fc855eaa69d2" />
    <UnitTestResult executionId="96bda27f-7224-4ea4-89c7-170b47883b07" testId="b5ec5bcf-f65b-63fc-774c-404d1d09a310" testName="SurplusLink.Tests.RequirementQueriesAndHistoryTests.Empty_analytics_has_zero_counts_and_null_budget_average" computerName="LAPTOP-2QCBKKSM" duration="00:00:10.6316528" startTime="2026-09-22T11:05:25.2494987+05:30" endTime="2026-09-22T11:05:25.2494994+05:30" testType="13cdc9d9-ddb5-4fa4-a97d-d965ccfc6d4b" outcome="Passed" testListId="8c84fa94-04c1-424b-9868-57a2d4851a1d" relativeResultsDirectory="96bda27f-7224-4ea4-89c7-170b47883b07" />
    <UnitTestResult executionId="a50cb7e9-8ca7-4a2b-ad08-666dffa14176" testId="4f7fcec4-7aa3-a378-8431-c78491df8213" testName="SurplusLink.Tests.BuyerRequirementsIntegrationTests.Expired_drafts_cannot_submit_and_expired_open_requests_cannot_start" computerName="LAPTOP-2QCBKKSM" duration="00:00:02.0583551" startTime="2026-09-22T11:05:31.3464435+05:30" endTime="2026-09-22T11:05:31.3464438+05:30" testType="13cdc9d9-ddb5-4fa4-a97d-d965ccfc6d4b" outcome="Passed" testListId="8c84fa94-04c1-424b-9868-57a2d4851a1d" relativeResultsDirectory="a50cb7e9-8ca7-4a2b-ad08-666dffa14176" />
    <UnitTestResult executionId="278ae264-ceb0-457b-8499-9fc432d6cdaa" testId="b6485512-32b6-5a7d-b787-c4c5345c145c" testName="SurplusLink.Tests.ProfileAndPhotoTests.Photo_upload_requires_seller_and_stores_real_image_bytes(role: null, status: 401)" computerName="LAPTOP-2QCBKKSM" duration="00:00:00.7057291" startTime="2026-09-22T11:04:22.1408928+05:30" endTime="2026-09-22T11:04:22.1408934+05:30" testType="13cdc9d9-ddb5-4fa4-a97d-d965ccfc6d4b" outcome="Passed" testListId="8c84fa94-04c1-424b-9868-57a2d4851a1d" relativeResultsDirectory="278ae264-ceb0-457b-8499-9fc432d6cdaa" />
    <UnitTestResult executionId="1358a790-3814-4536-bb0c-b24b7d39b14b" testId="f39d28b2-f460-2e14-62c0-d0110d9c3507" testName="SurplusLink.Tests.WorkflowPersistenceTests.Self_owned_listing_is_excluded_before_candidate_limit_and_agent_cannot_reintroduce_it" computerName="LAPTOP-2QCBKKSM" duration="00:00:07.6058629" startTime="2026-09-22T11:04:56.2591729+05:30" endTime="2026-09-22T11:04:56.2591734+05:30" testType="13cdc9d9-ddb5-4fa4-a97d-d965ccfc6d4b" outcome="Passed" testListId="8c84fa94-04c1-424b-9868-57a2d4851a1d" relativeResultsDirectory="1358a790-3814-4536-bb0c-b24b7d39b14b" />
    <UnitTestResult executionId="bbb3c074-468a-4ee5-b3bb-747a06ff6938" testId="10852057-eeab-482d-8893-f4e223714e7f" testName="SurplusLink.Tests.RoutingProviderTests.Invalid_payload_returns_safe_failure(body: &quot;{\&quot;routes\&quot;:[{\&quot;summary\&quot;:{\&quot;distance\&quot;:-1,\&quot;durat&quot;···)" computerName="LAPTOP-2QCBKKSM" duration="00:00:00.0024109" startTime="2026-09-22T11:04:18.9842940+05:30" endTime="2026-09-22T11:04:18.9842951+05:30" testType="13cdc9d9-ddb5-4fa4-a97d-d965ccfc6d4b" outcome="Passed" testListId="8c84fa94-04c1-424b-9868-57a2d4851a1d" relativeResultsDirectory="bbb3c074-468a-4ee5-b3bb-747a06ff6938" />
    <UnitTestResult executionId="bdaf2ed8-a187-4613-b6c7-0f43493c2116" testId="276af9cb-fa2b-3c7c-82cf-8aaf167b8e13" testName="SurplusLink.Tests.DualRoleAuthTests.Public_registration_rejects_invalid_roles_before_database_access(roles: [&quot;SELLER,BUYER&quot;])" computerName="LAPTOP-2QCBKKSM" duration="00:00:00.6157671" startTime="2026-09-22T11:04:44.9813093+05:30" endTime="2026-09-22T11:04:44.9813102+05:30" testType="13cdc9d9-ddb5-4fa4-a97d-d965ccfc6d4b" outcome="Passed" testListId="8c84fa94-04c1-424b-9868-57a2d4851a1d" relativeResultsDirectory="bdaf2ed8-a187-4613-b6c7-0f43493c2116" />
    <UnitTestResult executionId="6008ded4-083a-48ea-87a1-c358a29b16df" testId="f408d3de-527b-fb31-cb05-ab10dbcadff6" testName="SurplusLink.Tests.ProfilePersistenceTests.Registration_and_self_profile_update_persist_contact_details" computerName="LAPTOP-2QCBKKSM" duration="00:00:03.1493081" startTime="2026-09-22T11:04:50.7620767+05:30" endTime="2026-09-22T11:04:50.7620776+05:30" testType="13cdc9d9-ddb5-4fa4-a97d-d965ccfc6d4b" outcome="Passed" testListId="8c84fa94-04c1-424b-9868-57a2d4851a1d" relativeResultsDirectory="6008ded4-083a-48ea-87a1-c358a29b16df" />
  </Results>
  <TestDefinitions>
    <UnitTest name="SurplusLink.Tests.MatchQueryTests.Sorts_have_stable_ties_and_unknown_routes_last(sort: &quot;createdAt&quot;, direction: &quot;asc&quot;)" storage="c:\users\dimuthu_k\surpluslink\surpluslink\backend\surpluslink.tests\bin\debug\net8.0\surpluslink.tests.dll" id="4ab7e0c8-ce99-2c2d-93f5-445805dcf347">
      <Execution id="bce410ae-1a0d-447d-aef6-2039d2a9ae2b" />
      <TestMethod codeBase="C:\Users\Dimuthu_K\SurplusLink\SurplusLink\backend\SurplusLink.Tests\bin\Debug\net8.0\SurplusLink.Tests.dll" adapterTypeName="executor://xunit/VsTestRunner2/netcoreapp" className="SurplusLink.Tests.MatchQueryTests" name="Sorts_have_stable_ties_and_unknown_routes_last" />
    </UnitTest>
    <UnitTest name="SurplusLink.Tests.SharedApiQualityTests.Swagger_describes_jwt_bearer_authentication" storage="c:\users\dimuthu_k\surpluslink\surpluslink\backend\surpluslink.tests\bin\debug\net8.0\surpluslink.tests.dll" id="e87e2fc3-2043-332f-8914-719e6a8469b1">
      <Execution id="97eb6000-7da2-41ff-b2cb-85db8c1f925b" />
      <TestMethod codeBase="C:\Users\Dimuthu_K\SurplusLink\SurplusLink\backend\SurplusLink.Tests\bin\Debug\net8.0\SurplusLink.Tests.dll" adapterTypeName="executor://xunit/VsTestRunner2/netcoreapp" className="SurplusLink.Tests.SharedApiQualityTests" name="Swagger_describes_jwt_bearer_authentication" />
    </UnitTest>
    <UnitTest name="SurplusLink.Tests.DualRoleAuthTests.Public_registration_rejects_invalid_roles_before_database_access(roles: [&quot;SELLER&quot;, &quot;BUYER&quot;, &quot;MANAGER&quot;])" storage="c:\users\dimuthu_k\surpluslink\surpluslink\backend\surpluslink.tests\bin\debug\net8.0\surpluslink.tests.dll" id="3f857587-118c-3577-f482-e554a97a00f6">
      <Execution id="b472881e-8adc-4abd-aba7-01e25caa7a8d" />
      <TestMethod codeBase="C:\Users\Dimuthu_K\SurplusLink\SurplusLink\backend\SurplusLink.Tests\bin\Debug\net8.0\SurplusLink.Tests.dll" adapterTypeName="executor://xunit/VsTestRunner2/netcoreapp" className="SurplusLink.Tests.DualRoleAuthTests" name="Public_registration_rejects_invalid_roles_before_database_access" />
    </UnitTest>
    <UnitTest name="SurplusLink.Tests.ProfileAndPhotoTests.Profile_fields_validate(name: &quot;A Seller&quot;, phone: &quot;bad&quot;, address: &quot;Colombo&quot;, valid: False)" storage="c:\users\dimuthu_k\surpluslink\surpluslink\backend\surpluslink.tests\bin\debug\net8.0\surpluslink.tests.dll" id="87f66180-34b2-b99c-1809-fd0913c18073">
      <Execution id="1452c06f-fceb-495b-a624-b9b4fceb3c20" />
[...]
{"Timestamp":"2026-09-22T05:35:29.373Z","EventId":12,"LogLevel":"Warning","Category":"Microsoft.AspNetCore.DataProtection.KeyManagement.DefaultKeyResolver","Message":"Key {5dfe63fe-ea6f-4068-a771-3f2e7ef01991} is ineligible to be the default key because its CreateEncryptor method failed.","Exception":"System.Security.Cryptography.CryptographicException: Error occurred during a cryptographic operation.\r\n   at Microsoft.AspNetCore.DataProtection.Cng.DpapiSecretSerializerHelper.UnprotectWithDpapiCore(Byte* pbProtectedData, UInt32 cbProtectedData, Byte* pbOptionalEntropy, UInt32 cbOptionalEntropy)\r\n   at Microsoft.AspNetCore.DataProtection.Cng.DpapiSecretSerializerHelper.UnprotectWithDpapi(Byte[] protectedSecret)\r\n   at Microsoft.AspNetCore.DataProtection.XmlEncryption.DpapiXmlDecryptor.Decrypt(XElement encryptedElement)\r\n   at Microsoft.AspNetCore.DataProtection.XmlEncryption.XmlEncryptionExtensions.DecryptElement(XElement element, IActivator activator)\r\n   at Microsoft.AspNetCore.DataProtection.KeyManagement.XmlKeyManager.Microsoft.AspNetCore.DataProtection.KeyManagement.Internal.IInternalXmlKeyManager.DeserializeDescriptorFromKeyElement(XElement keyElement)\r\n   at System.Lazy\u00601.ViaFactory(LazyThreadSafetyMode mode)\r\n--- End of stack trace from previous location ---\r\n   at System.Lazy\u00601.CreateValue()\r\n   at Microsoft.AspNetCore.DataProtection.AuthenticatedEncryption.CngGcmAuthenticatedEncryptorFactory.CreateEncryptorInstance(IKey key)\r\n   at Microsoft.AspNetCore.DataProtection.KeyManagement.KeyBase.CreateEncryptor()\r\n   at Microsoft.AspNetCore.DataProtection.KeyManagement.DefaultKeyResolver.CanCreateAuthenticatedEncryptor(IKey key)","State":{"Message":"Key {5dfe63fe-ea6f-4068-a771-3f2e7ef01991} is ineligible to be the default key because its CreateEncryptor method failed.","KeyId":"5dfe63fe-ea6f-4068-a771-3f2e7ef01991","MethodName":"CreateEncryptor","{OriginalFormat}":"Key {KeyId:B} is ineligible to be the default key because its {MethodName} method failed."},"Scopes":[]}&#xD;
{"Timestamp":"2026-09-22T05:35:29.374Z","EventId":12,"LogLevel":"Warning","Category":"Microsoft.AspNetCore.DataProtection.KeyManagement.DefaultKeyResolver","Message":"Key {5dfe63fe-ea6f-4068-a771-3f2e7ef01991} is ineligible to be the default key because its CreateEncryptor method failed.","Exception":"System.Security.Cryptography.CryptographicException: Error occurred during a cryptographic operation.\r\n   at Microsoft.AspNetCore.DataProtection.Cng.DpapiSecretSerializerHelper.UnprotectWithDpapiCore(Byte* pbProtectedData, UInt32 cbProtectedData, Byte* pbOptionalEntropy, UInt32 cbOptionalEntropy)\r\n   at Microsoft.AspNetCore.DataProtection.Cng.DpapiSecretSerializerHelper.UnprotectWithDpapi(Byte[] protectedSecret)\r\n   at Microsoft.AspNetCore.DataProtection.XmlEncryption.DpapiXmlDecryptor.Decrypt(XElement encryptedElement)\r\n   at Microsoft.AspNetCore.DataProtection.XmlEncryption.XmlEncryptionExtensions.DecryptElement(XElement element, IActivator activator)\r\n   at Microsoft.AspNetCore.DataProtection.KeyManagement.XmlKeyManager.Microsoft.AspNetCore.DataProtection.KeyManagement.Internal.IInternalXmlKeyManager.DeserializeDescriptorFromKeyElement(XElement keyElement)\r\n   at System.Lazy\u00601.ViaFactory(LazyThreadSafetyMode mode)\r\n--- End of stack trace from previous location ---\r\n   at System.Lazy\u00601.CreateValue()\r\n   at Microsoft.AspNetCore.DataProtection.AuthenticatedEncryption.CngGcmAuthenticatedEncryptorFactory.CreateEncryptorInstance(IKey key)\r\n   at Microsoft.AspNetCore.DataProtection.KeyManagement.KeyBase.CreateEncryptor()\r\n   at Microsoft.AspNetCore.DataProtection.KeyManagement.DefaultKeyResolver.CanCreateAuthenticatedEncryptor(IKey key)","State":{"Message":"Key {5dfe63fe-ea6f-4068-a771-3f2e7ef01991} is ineligible to be the default key because its CreateEncryptor method failed.","KeyId":"5dfe63fe-ea6f-4068-a771-3f2e7ef01991","MethodName":"CreateEncryptor","{OriginalFormat}":"Key {KeyId:B} is ineligible to be the default key because its {MethodName} method failed."},"Scopes":[]}&#xD;
{"Timestamp":"2026-09-22T05:35:29.378Z","EventId":48,"LogLevel":"Error","Category":"Microsoft.AspNetCore.DataProtection.KeyManagement.KeyRingProvider","Message":"An error occurred while reading the key ring.","Exception":"System.UnauthorizedAccessException: Access to the path \u0027C:\\Users\\Dimuthu_K\\AppData\\Local\\ASP.NET\\DataProtection-Keys\\701f665e-e9b5-4fa3-9f2c-704eef8e51ef.tmp\u0027 is denied.\r\n   at Microsoft.Win32.SafeHandles.SafeFileHandle.CreateFile(String fullPath, FileMode mode, FileAccess access, FileShare share, FileOptions options)\r\n   at Microsoft.Win32.SafeHandles.SafeFileHandle.Open(String fullPath, FileMode mode, FileAccess access, FileShare share, FileOptions options, Int64 preallocationSize, Nullable\u00601 unixCreateMode)\r\n   at System.IO.Strategies.OSFileStreamStrategy..ctor(String path, FileMode mode, FileAccess access, FileShare share, FileOptions options, Int64 preallocationSize, Nullable\u00601 unixCreateMode)\r\n   at Microsoft.AspNetCore.DataProtection.Repositories.FileSystemXmlRepository.StoreElementCore(XElement element, String filename)\r\n   at Microsoft.AspNetCore.DataProtection.Repositories.FileSystemXmlRepository.StoreElement(XElement element, String friendlyName)\r\n   at Microsoft.AspNetCore.DataProtection.KeyManagement.XmlKeyManager.Microsoft.AspNetCore.DataProtection.KeyManagement.Internal.IInternalXmlKeyManager.CreateNewKey(Guid keyId, DateTimeOffset creationDate, DateTimeOffset activationDate, DateTimeOffset expirationDate)\r\n   at Microsoft.AspNetCore.DataProtection.KeyManagement.XmlKeyManager.CreateNewKey(DateTimeOffset activationDate, DateTimeOffset expirationDate)\r\n   at Microsoft.AspNetCore.DataProtection.KeyManagement.KeyRingProvider.CreateCacheableKeyRingCore(DateTimeOffset now, IKey keyJustAdded)\r\n   at Microsoft.AspNetCore.DataProtection.KeyManagement.KeyRingProvider.GetCurrentKeyRingCore(DateTime utcNow, Boolean forceRefresh)","State":{"Message":"An error occurred while reading the key ring.","{OriginalFormat}":"An error occurred while reading the key ring."},"Scopes":[]}&#xD;
{"Timestamp":"2026-09-22T05:35:29.390Z","EventId":3,"LogLevel":"Warning","Category":"Microsoft.AspNetCore.HttpsPolicy.HttpsRedirectionMiddleware","Message":"Failed to determine the https port for redirect.","State":{"Message":"Failed to determine the https port for redirect.","{OriginalFormat}":"Failed to determine the https port for redirect."},"Scopes":[{"Message":"SpanId:2ca2db417381ab1c, TraceId:ca8e62c00dd6a8c0b746588e3921ca64, ParentId:0000000000000000","SpanId":"2ca2db417381ab1c","TraceId":"ca8e62c00dd6a8c0b746588e3921ca64","ParentId":"0000000000000000"},{"Message":"RequestPath:/api/requirements RequestId:0HNOODCJGPCON","RequestId":"0HNOODCJGPCON","RequestPath":"/api/requirements"}]}&#xD;
{"Timestamp":"2026-09-22T05:35:29.900Z","EventId":43,"LogLevel":"Error","Category":"Microsoft.AspNetCore.DataProtection.XmlEncryption.DpapiXmlDecryptor","Message":"An exception occurred while trying to decrypt the element.","Exception":"System.Security.Cryptography.CryptographicException: Error occurred during a cryptographic operation.\r\n   at Microsoft.AspNetCore.DataProtection.Cng.DpapiSecretSerializerHelper.UnprotectWithDpapiCore(Byte* pbProtectedData, UInt32 cbProtectedData, Byte* pbOptionalEntropy, UInt32 cbOptionalEntropy)\r\n   at Microsoft.AspNetCore.DataProtection.Cng.DpapiSecretSerializerHelper.UnprotectWithDpapi(Byte[] protectedSecret)\r\n   at Microsoft.AspNetCore.DataProtection.XmlEncryption.DpapiXmlDecryptor.Decrypt(XElement encryptedElement)","State":{"Message":"An exception occurred while trying to decrypt the element.","{OriginalFormat}":"An exception occurred while trying to decrypt the element."},"Scopes":[]}&#xD;
{"Timestamp":"2026-09-22T05:35:29.900Z","EventId":24,"LogLevel":"Error","Category":"Microsoft.AspNetCore.DataProtection.KeyManagement.XmlKeyManager","Message":"An exception occurred while processing the key element \u0027\u003Ckey id=\u00225dfe63fe-ea6f-4068-a771-3f2e7ef01991\u0022 version=\u00221\u0022 /\u003E\u0027.","Exception":"System.Security.Cryptography.CryptographicException: Error occurred during a cryptographic operation.\r\n   at Microsoft.AspNetCore.DataProtection.Cng.DpapiSecretSerializerHelper.UnprotectWithDpapiCore(Byte* pbProtectedData, UInt32 cbProtectedData, Byte* pbOptionalEntropy, UInt32 cbOptionalEntropy)\r\n   at Microsoft.AspNetCore.DataProtection.Cng.DpapiSecretSerializerHelper.UnprotectWithDpapi(Byte[] protectedSecret)\r\n   at Microsoft.AspNetCore.DataProtection.XmlEncryption.DpapiXmlDecryptor.Decrypt(XElement encryptedElement)\r\n   at Microsoft.AspNetCore.DataProtection.XmlEncryption.XmlEncryptionExtensions.DecryptElement(XElement element, IActivator activator)\r\n   at Microsoft.AspNetCore.DataProtection.KeyManagement.XmlKeyManager.Microsoft.AspNetCore.DataProtection.KeyManagement.Internal.IInternalXmlKeyManager.DeserializeDescriptorFromKeyElement(XElement keyElement)","State":{"Message":"An exception occurred while processing the key element \u0027\u003Ckey id=\u00225dfe63fe-ea6f-4068-a771-3f2e7ef01991\u0022 version=\u00221\u0022 /\u003E\u0027.","Element":"\u003Ckey id=\u00225dfe63fe-ea6f-4068-a771-3f2e7ef01991\u0022 version=\u00221\u0022 /\u003E","{OriginalFormat}":"An exception occurred while processing the key element \u0027{Element}\u0027."},"Scopes":[]}&#xD;
{"Timestamp":"2026-09-22T05:35:29.901Z","EventId":12,"LogLevel":"Warning","Category":"Microsoft.AspNetCore.DataProtection.KeyManagement.DefaultKeyResolver","Message":"Key {5dfe63fe-ea6f-4068-a771-3f2e7ef01991} is ineligible to be the default key because its CreateEncryptor method failed.","Exception":"System.Security.Cryptography.CryptographicException: Error occurred during a cryptographic operation.\r\n   at Microsoft.AspNetCore.DataProtection.Cng.DpapiSecretSerializerHelper.UnprotectWithDpapiCore(Byte* pbProtectedData, UInt32 cbProtectedData, Byte* pbOptionalEntropy, UInt32 cbOptionalEntropy)\r\n   at Microsoft.AspNetCore.DataProtection.Cng.DpapiSecretSerializerHelper.UnprotectWithDpapi(Byte[] protectedSecret)\r\n   at Microsoft.AspNetCore.DataProtection.XmlEncryption.DpapiXmlDecryptor.Decrypt(XElement encryptedElement)\r\n   at Microsoft.AspNetCore.DataProtection.XmlEncryption.XmlEncryptionExtensions.DecryptElement(XElement element, IActivator activator)\r\n   at Microsoft.AspNetCore.DataProtection.KeyManagement.XmlKeyManager.Microsoft.AspNetCore.DataProtection.KeyManagement.Internal.IInternalXmlKeyManager.DeserializeDescriptorFromKeyElement(XElement keyElement)\r\n   at System.Lazy\u00601.ViaFactory(LazyThreadSafetyMode mode)\r\n   at System.Lazy\u00601.ExecutionAndPublication(LazyHelper executionAndPublication, Boolean useDefaultConstructor)\r\n   at System.Lazy\u00601.CreateValue()\r\n   at Microsoft.AspNetCore.DataProtection.AuthenticatedEncryption.CngGcmAuthenticatedEncryptorFactory.CreateEncryptorInstance(IKey key)\r\n   at Microsoft.AspNetCore.DataProtection.KeyManagement.KeyBase.CreateEncryptor()\r\n   at Microsoft.AspNetCore.DataProtection.KeyManagement.DefaultKeyResolver.CanCreateAuthenticatedEncryptor(IKey key)","State":{"Message":"Key {5dfe63fe-ea6f-4068-a771-3f2e7ef01991} is ineligible to be the default key because its CreateEncryptor method failed.","KeyId":"5dfe63fe-ea6f-4068-a771-3f2e7ef01991","MethodName":"CreateEncryptor","{OriginalFormat}":"Key {KeyId:B} is ineligible to be the default key because its {MethodName} method failed."},"Scopes":[]}&#xD;
{"Timestamp":"2026-09-22T05:35:29.901Z","EventId":12,"LogLevel":"Warning","Category":"Microsoft.AspNetCore.DataProtection.KeyManagement.DefaultKeyResolver","Message":"Key {5dfe63fe-ea6f-4068-a771-3f2e7ef01991} is ineligible to be the default key because its CreateEncryptor method failed.","Exception":"System.Security.Cryptography.CryptographicException: Error occurred during a cryptographic operation.\r\n   at Microsoft.AspNetCore.DataProtection.Cng.DpapiSecretSerializerHelper.UnprotectWithDpapiCore(Byte* pbProtectedData, UInt32 cbProtectedData, Byte* pbOptionalEntropy, UInt32 cbOptionalEntropy)\r\n   at Microsoft.AspNetCore.DataProtection.Cng.DpapiSecretSerializerHelper.UnprotectWithDpapi(Byte[] protectedSecret)\r\n   at Microsoft.AspNetCore.DataProtection.XmlEncryption.DpapiXmlDecryptor.Decrypt(XElement encryptedElement)\r\n   at Microsoft.AspNetCore.DataProtection.XmlEncryption.XmlEncryptionExtensions.DecryptElement(XElement element, IActivator activator)\r\n   at Microsoft.AspNetCore.DataProtection.KeyManagement.XmlKeyManager.Microsoft.AspNetCore.DataProtection.KeyManagement.Internal.IInternalXmlKeyManager.DeserializeDescriptorFromKeyElement(XElement keyElement)\r\n   at System.Lazy\u00601.ViaFactory(LazyThreadSafetyMode mode)\r\n--- End of stack trace from previous location ---\r\n   at System.Lazy\u00601.CreateValue()\r\n   at Microsoft.AspNetCore.DataProtection.AuthenticatedEncryption.CngGcmAuthenticatedEncryptorFactory.CreateEncryptorInstance(IKey key)\r\n   at Microsoft.AspNetCore.DataProtection.KeyManagement.KeyBase.CreateEncryptor()\r\n   at Microsoft.AspNetCore.DataProtection.KeyManagement.DefaultKeyResolver.CanCreateAuthenticatedEncryptor(IKey key)","State":{"Message":"Key {5dfe63fe-ea6f-4068-a771-3f2e7ef01991} is ineligible to be the default key because its CreateEncryptor method failed.","KeyId":"5dfe63fe-ea6f-4068-a771-3f2e7ef01991","MethodName":"CreateEncryptor","{OriginalFormat}":"Key {KeyId:B} is ineligible to be the default key because its {MethodName} method failed."},"Scopes":[]}&#xD;
{"Timestamp":"2026-09-22T05:35:29.901Z","EventId":12,"LogLevel":"Warning","Category":"Microsoft.AspNetCore.DataProtection.KeyManagement.DefaultKeyResolver","Message":"Key {5dfe63fe-ea6f-4068-a771-3f2e7ef01991} is ineligible to be the default key because its CreateEncryptor method failed.","Exception":"System.Security.Cryptography.CryptographicException: Error occurred during a cryptographic operation.\r\n   at Microsoft.AspNetCore.DataProtection.Cng.DpapiSecretSerializerHelper.UnprotectWithDpapiCore(Byte* pbProtectedData, UInt32 cbProtectedData, Byte* pbOptionalEntropy, UInt32 cbOptionalEntropy)\r\n   at Microsoft.AspNetCore.DataProtection.Cng.DpapiSecretSerializerHelper.UnprotectWithDpapi(Byte[] protectedSecret)\r\n   at Microsoft.AspNetCore.DataProtection.XmlEncryption.DpapiXmlDecryptor.Decrypt(XElement encryptedElement)\r\n   at Microsoft.AspNetCore.DataProtection.XmlEncryption.XmlEncryptionExtensions.DecryptElement(XElement element, IActivator activator)\r\n   at Microsoft.AspNetCore.DataProtection.KeyManagement.XmlKeyManager.Microsoft.AspNetCore.DataProtection.KeyManagement.Internal.IInternalXmlKeyManager.DeserializeDescriptorFromKeyElement(XElement keyElement)\r\n   at System.Lazy\u00601.ViaFactory(LazyThreadSafetyMode mode)\r\n--- End of stack trace from previous location ---\r\n   at System.Lazy\u00601.CreateValue()\r\n   at Microsoft.AspNetCore.DataProtection.AuthenticatedEncryption.CngGcmAuthenticatedEncryptorFactory.CreateEncryptorInstance(IKey key)\r\n   at Microsoft.AspNetCore.DataProtection.KeyManagement.KeyBase.CreateEncryptor()\r\n   at Microsoft.AspNetCore.DataProtection.KeyManagement.DefaultKeyResolver.CanCreateAuthenticatedEncryptor(IKey key)","State":{"Message":"Key {5dfe63fe-ea6f-4068-a771-3f2e7ef01991} is ineligible to be the default key because its CreateEncryptor method failed.","KeyId":"5dfe63fe-ea6f-4068-a771-3f2e7ef01991","MethodName":"CreateEncryptor","{OriginalFormat}":"Key {KeyId:B} is ineligible to be the default key because its {MethodName} method failed."},"Scopes":[]}&#xD;
{"Timestamp":"2026-09-22T05:35:29.906Z","EventId":48,"LogLevel":"Error","Category":"Microsoft.AspNetCore.DataProtection.KeyManagement.KeyRingProvider","Message":"An error occurred while reading the key ring.","Exception":"System.UnauthorizedAccessException: Access to the path \u0027C:\\Users\\Dimuthu_K\\AppData\\Local\\ASP.NET\\DataProtection-Keys\\cd32438c-e48a-4290-b2c6-915ece90e9ee.tmp\u0027 is denied.\r\n   at Microsoft.Win32.SafeHandles.SafeFileHandle.CreateFile(String fullPath, FileMode mode, FileAccess access, FileShare share, FileOptions options)\r\n   at Microsoft.Win32.SafeHandles.SafeFileHandle.Open(String fullPath, FileMode mode, FileAccess access, FileShare share, FileOptions options, Int64 preallocationSize, Nullable\u00601 unixCreateMode)\r\n   at System.IO.Strategies.OSFileStreamStrategy..ctor(String path, FileMode mode, FileAccess access, FileShare share, FileOptions options, Int64 preallocationSize, Nullable\u00601 unixCreateMode)\r\n   at Microsoft.AspNetCore.DataProtection.Repositories.FileSystemXmlRepository.StoreElementCore(XElement element, String filename)\r\n   at Microsoft.AspNetCore.DataProtection.Repositories.FileSystemXmlRepository.StoreElement(XElement element, String friendlyName)\r\n   at Microsoft.AspNetCore.DataProtection.KeyManagement.XmlKeyManager.Microsoft.AspNetCore.DataProtection.KeyManagement.Internal.IInternalXmlKeyManager.CreateNewKey(Guid keyId, DateTimeOffset creationDate, DateTimeOffset activationDate, DateTimeOffset expirationDate)\r\n   at Microsoft.AspNetCore.DataProtection.KeyManagement.XmlKeyManager.CreateNewKey(DateTimeOffset activationDate, DateTimeOffset expirationDate)\r\n   at Microsoft.AspNetCore.DataProtection.KeyManagement.KeyRingProvider.CreateCacheableKeyRingCore(DateTimeOffset now, IKey keyJustAdded)\r\n   at Microsoft.AspNetCore.DataProtection.KeyManagement.KeyRingProvider.GetCurrentKeyRingCore(DateTime utcNow, Boolean forceRefresh)","State":{"Message":"An error occurred while reading the key ring.","{OriginalFormat}":"An error occurred while reading the key ring."},"Scopes":[]}&#xD;
{"Timestamp":"2026-09-22T05:35:29.929Z","EventId":3,"LogLevel":"Warning","Category":"Microsoft.AspNetCore.HttpsPolicy.HttpsRedirectionMiddleware","Message":"Failed to determine the https port for redirect.","State":{"Message":"Failed to determine the https port for redirect.","{OriginalFormat}":"Failed to determine the https port for redirect."},"Scopes":[{"Message":"SpanId:0ba85e2aa2e0ebaa, TraceId:2043fecd0eed2c04fa02f597476da091, ParentId:0000000000000000","SpanId":"0ba85e2aa2e0ebaa","TraceId":"2043fecd0eed2c04fa02f597476da091","ParentId":"0000000000000000"},{"Message":"RequestPath:/api/matches/f535f596-1942-4e86-b6c3-cbbe5d6c9818/history RequestId:0HNOODCJGPCOQ","RequestId":"0HNOODCJGPCOQ","RequestPath":"/api/matches/f535f596-1942-4e86-b6c3-cbbe5d6c9818/history"}]}&#xD;
[xUnit.net 00:01:23.78]   Finished:    SurplusLink.Tests&#xD;
</StdOut>
    </Output>
    <RunInfos>
      <RunInfo computerName="LAPTOP-2QCBKKSM" outcome="Warning" timestamp="2026-09-22T11:04:43.2738240+05:30">
        <Text>[xUnit.net 00:00:26.36]     SurplusLink.Tests.WorkflowPersistenceTests.Actual_FastApi_graph_maps_back_to_postgres_without_inventory_mutations [SKIP]</Text>
      </RunInfo>
      <RunInfo computerName="LAPTOP-2QCBKKSM" outcome="Error" timestamp="2026-09-22T11:04:47.3647857+05:30">
        <Text>[xUnit.net 00:00:30.44]     SurplusLink.Tests.TransactionQueryIntegrationTests.Manager_can_filter_sort_history_analytics_and_complete_transactions [FAIL]</Text>
      </RunInfo>
    </RunInfos>
  </ResultSummary>
</TestRun>