<?xml version="1.0" encoding="utf-8"?>
<TestRun id="c3682663-394e-447d-83db-0044ff6df2c9" name="Dimuthu_K@LAPTOP-2QCBKKSM 2026-09-22 11:00:14" runUser="LAPTOP-2QCBKKSM\CodexSandboxOffline" xmlns="http://microsoft.com/schemas/VisualStudio/TeamTest/2010">
  <Times creation="2026-09-22T11:00:14.3817115+05:30" queuing="2026-09-22T11:00:14.3817121+05:30" start="2026-09-22T11:00:07.8820386+05:30" finish="2026-09-22T11:00:21.4039169+05:30" />
  <TestSettings name="default" id="5c1bb569-e4f4-41de-aed5-20a8e8afb8be">
    <Deployment runDeploymentRoot="Dimuthu_K_LAPTOP-2QCBKKSM_2026-09-22_11_00_14" />
  </TestSettings>
  <Results>
    <UnitTestResult executionId="1882af78-169e-43e8-94e6-6e6a2f16e5d1" testId="f39d28b2-f460-2e14-62c0-d0110d9c3507" testName="SurplusLink.Tests.WorkflowPersistenceTests.Self_owned_listing_is_excluded_before_candidate_limit_and_agent_cannot_reintroduce_it" computerName="LAPTOP-2QCBKKSM" duration="00:00:00.0010000" startTime="2026-09-22T11:00:14.3545686+05:30" endTime="2026-09-22T11:00:14.3545688+05:30" testType="13cdc9d9-ddb5-4fa4-a97d-d965ccfc6d4b" outcome="NotExecuted" testListId="8c84fa94-04c1-424b-9868-57a2d4851a1d" relativeResultsDirectory="1882af78-169e-43e8-94e6-6e6a2f16e5d1">
      <Output>
        <ErrorInfo>
          <Message>Set SURPLUSLINK_TEST_CONNECTION to PostgreSQL credentials with permission to create a disposable test database.</Message>
        </ErrorInfo>
      </Output>
    </UnitTestResult>
    <UnitTestResult executionId="d6314fa1-0ed2-46bb-b3b5-13c49dba208a" testId="dd6f19d5-3370-564e-6edb-cf994664afbf" testName="SurplusLink.Tests.WorkflowExecutionTests.Result_gate_rejects_forged_validity_missing_checks_ids_and_measurements" computerName="LAPTOP-2QCBKKSM" duration="00:00:00.0153066" startTime="2026-09-22T11:00:16.3997880+05:30" endTime="2026-09-22T11:00:16.3997893+05:30" testType="13cdc9d9-ddb5-4fa4-a97d-d965ccfc6d4b" outcome="Passed" testListId="8c84fa94-04c1-424b-9868-57a2d4851a1d" relativeResultsDirectory="d6314fa1-0ed2-46bb-b3b5-13c49dba208a" />
    <UnitTestResult executionId="69e8cd13-87e3-4c65-8d92-79dc56086f9e" testId="42b04134-1194-5c51-3d39-a13b0649b782" testName="SurplusLink.Tests.SharedApiQualityTests.Health_endpoint_reports_healthy" computerName="LAPTOP-2QCBKKSM" duration="00:00:03.2092207" startTime="2026-09-22T11:00:17.4483172+05:30" endTime="2026-09-22T11:00:17.4483180+05:30" testType="13cdc9d9-ddb5-4fa4-a97d-d965ccfc6d4b" outcome="Passed" testListId="8c84fa94-04c1-424b-9868-57a2d4851a1d" relativeResultsDirectory="69e8cd13-87e3-4c65-8d92-79dc56086f9e" />
    <UnitTestResult executionId="93228364-57fc-4cd4-8bff-48c384f5665e" testId="43e35b83-3547-c644-10d2-1c74d230a11c" testName="SurplusLink.Tests.RoutingProviderTests.Invalid_payload_returns_safe_failure(body: &quot;null&quot;)" computerName="LAPTOP-2QCBKKSM" duration="00:00:00.0003958" startTime="2026-09-22T11:00:15.1771958+05:30" endTime="2026-09-22T11:00:15.1771960+05:30" testType="13cdc9d9-ddb5-4fa4-a97d-d965ccfc6d4b" outcome="Passed" testListId="8c84fa94-04c1-424b-9868-57a2d4851a1d" relativeResultsDirectory="93228364-57fc-4cd4-8bff-48c384f5665e" />
    <UnitTestResult executionId="d9225a53-23e3-40bb-996e-4833c232a208" testId="afce285b-0040-19ae-4cf6-2eaf2d53e5bf" testName="SurplusLink.Tests.ProfileAndPhotoTests.Photo_upload_requires_seller_and_stores_real_image_bytes(role: &quot;MANAGER&quot;, status: 403)" computerName="LAPTOP-2QCBKKSM" duration="00:00:03.2962442" startTime="2026-09-22T11:00:17.5671019+05:30" endTime="2026-09-22T11:00:17.5671028+05:30" testType="13cdc9d9-ddb5-4fa4-a97d-d965ccfc6d4b" outcome="Passed" testListId="8c84fa94-04c1-424b-9868-57a2d4851a1d" relativeResultsDirectory="d9225a53-23e3-40bb-996e-4833c232a208" />
    <UnitTestResult executionId="9cffbcc9-1313-4df6-b14b-e8758b899e3a" testId="ab1ba9f9-5aa9-983d-424a-ddf41e20545c" testName="SurplusLink.Tests.CategoryAuthorizationTests.Anonymous_is_blocked_and_only_manager_can_write(role: &quot;SELLER&quot;, method: &quot;DELETE&quot;, expected: 403)" computerName="LAPTOP-2QCBKKSM" duration="00:00:00.3839055" startTime="2026-09-22T11:00:17.9405703+05:30" endTime="2026-09-22T11:00:17.9405709+05:30" testType="13cdc9d9-ddb5-4fa4-a97d-d965ccfc6d4b" outcome="Passed" testListId="8c84fa94-04c1-424b-9868-57a2d4851a1d" relativeResultsDirectory="9cffbcc9-1313-4df6-b14b-e8758b899e3a" />
    <UnitTestResult executionId="f762a8b4-07af-47ec-9e26-a2ab5a177c6c" testId="0e35313e-cd07-a263-07bc-8e10e0d2116c" testName="SurplusLink.Tests.WorkflowPersistenceTests.Transport_or_internal_service_failure_is_terminal_safe_and_does_not_leak_secrets" computerName="LAPTOP-2QCBKKSM" duration="00:00:00.0010000" startTime="2026-09-22T11:00:14.3559752+05:30" endTime="2026-09-22T11:00:14.3559755+05:30" testType="13cdc9d9-ddb5-4fa4-a97d-d965ccfc6d4b" outcome="NotExecuted" testListId="8c84fa94-04c1-424b-9868-57a2d4851a1d" relativeResultsDirectory="f762a8b4-07af-47ec-9e26-a2ab5a177c6c">
      <Output>
        <ErrorInfo>
          <Message>Set SURPLUSLINK_TEST_CONNECTION to PostgreSQL credentials with permission to create a disposable test database.</Message>
        </ErrorInfo>
      </Output>
    </UnitTestResult>
    <UnitTestResult executionId="50d254f7-f310-4f4c-8c2d-f64c849a9429" testId="f3cade3a-cff1-3dd6-3069-58fcd9efda9d" testName="SurplusLink.Tests.CategoryAuthorizationTests.Anonymous_is_blocked_and_only_manager_can_write(role: &quot;BUYER&quot;, method: &quot;POST&quot;, expected: 403)" computerName="LAPTOP-2QCBKKSM" duration="00:00:00.1997507" startTime="2026-09-22T11:00:19.2843185+05:30" endTime="2026-09-22T11:00:19.2843191+05:30" testType="13cdc9d9-ddb5-4fa4-a97d-d965ccfc6d4b" outcome="Passed" testListId="8c84fa94-04c1-424b-9868-57a2d4851a1d" relativeResultsDirectory="50d254f7-f310-4f4c-8c2d-f64c849a9429" />
    <UnitTestResult executionId="3e1ffb7f-12a9-4259-989d-8fbd86ab103b" testId="beaf31ca-9d2c-43a8-ef8e-bd94328b4294" testName="SurplusLink.Tests.DualRoleAuthTests.Missing_and_null_roles_are_rejected" computerName="LAPTOP-2QCBKKSM" duration="00:00:00.2504329" startTime="2026-09-22T11:00:20.8429292+05:30" endTime="2026-09-22T11:00:20.8429299+05:30" testType="13cdc9d9-ddb5-4fa4-a97d-d965ccfc6d4b" outcome="Passed" testListId="8c84fa94-04c1-424b-9868-57a2d4851a1d" relativeResultsDirectory="3e1ffb7f-12a9-4259-989d-8fbd86ab103b" />
    <UnitTestResult executionId="79eba32d-8a97-4b4f-837e-8cd998b03d12" testId="f334a56a-2120-61c2-bfea-e56e0b3e7b50" testName="SurplusLink.Tests.MatchQueryTests.Sorts_have_stable_ties_and_unknown_routes_last(sort: &quot;createdAt&quot;, direction: &quot;desc&quot;)" computerName="LAPTOP-2QCBKKSM" duration="00:00:00.0202771" startTime="2026-09-22T11:00:20.5444009+05:30" endTime="2026-09-22T11:00:20.5444016+05:30" testType="13cdc9d9-ddb5-4fa4-a97d-d965ccfc6d4b" outcome="Passed" testListId="8c84fa94-04c1-424b-9868-57a2d4851a1d" relativeResultsDirectory="79eba32d-8a97-4b4f-837e-8cd998b03d12" />
    <UnitTestResult executionId="6976fcb1-b8a1-4f41-91c1-438fd0fd40a4" testId="10852057-eeab-482d-8893-f4e223714e7f" testName="SurplusLink.Tests.RoutingProviderTests.Invalid_payload_returns_safe_failure(body: &quot;{\&quot;routes\&quot;:[{\&quot;summary\&quot;:{\&quot;distance\&quot;:-1,\&quot;durat&quot;···)" computerName="LAPTOP-2QCBKKSM" duration="00:00:00.0055927" startTime="2026-09-22T11:00:15.1748612+05:30" endTime="2026-09-22T11:00:15.1748622+05:30" testType="13cdc9d9-ddb5-4fa4-a97d-d965ccfc6d4b" outcome="Passed" testListId="8c84fa94-04c1-424b-9868-57a2d4851a1d" relativeResultsDirectory="6976fcb1-b8a1-4f41-91c1-438fd0fd40a4" />
    <UnitTestResult executionId="d088639b-07af-40ab-960b-7462ec30c93d" testId="e8a0483f-c167-f930-a10e-a9de3a6f1296" testName="SurplusLink.Tests.RoutingProviderTests.Rate_limit_returns_retry_after_without_retrying_or_exposing_provider_body" computerName="LAPTOP-2QCBKKSM" duration="00:00:00.0087814" startTime="2026-09-22T11:00:15.7082576+05:30" endTime="2026-09-22T11:00:15.7082582+05:30" testType="13cdc9d9-ddb5-4fa4-a97d-d965ccfc6d4b" outcome="Passed" testListId="8c84fa94-04c1-424b-9868-57a2d4851a1d" relativeResultsDirectory="d088639b-07af-40ab-960b-7462ec30c93d" />
    <UnitTestResult executionId="a547c28e-f8fa-4e02-9995-b1c932b4bccb" testId="78d35eb1-38bf-16d2-093b-e1ee2982f318" testName="SurplusLink.Tests.DualRoleAuthTests.Public_registration_rejects_invalid_roles_before_database_access(roles: [&quot;SELLER&quot;, &quot;SELLER&quot;])" computerName="LAPTOP-2QCBKKSM" duration="00:00:00.2868752" startTime="2026-09-22T11:00:19.0773240+05:30" endTime="2026-09-22T11:00:19.0773248+05:30" testType="13cdc9d9-ddb5-4fa4-a97d-d965ccfc6d4b" outcome="Passed" testListId="8c84fa94-04c1-424b-9868-57a2d4851a1d" relativeResultsDirectory="a547c28e-f8fa-4e02-9995-b1c932b4bccb" />
    <UnitTestResult executionId="74ecead6-d42f-42e3-89ab-021eb949831d" testId="4f7fcec4-7aa3-a378-8431-c78491df8213" testName="SurplusLink.Tests.BuyerRequirementsIntegrationTests.Expired_drafts_cannot_submit_and_expired_open_requests_cannot_start" computerName="LAPTOP-2QCBKKSM" duration="00:00:00.0010000" startTime="2026-09-22T11:00:14.3581992+05:30" endTime="2026-09-22T11:00:14.3581994+05:30" testType="13cdc9d9-ddb5-4fa4-a97d-d965ccfc6d4b" outcome="NotExecuted" testListId="8c84fa94-04c1-424b-9868-57a2d4851a1d" relativeResultsDirectory="74ecead6-d42f-42e3-89ab-021eb949831d">
      <Output>
        <ErrorInfo>
          <Message>Set SURPLUSLINK_TEST_CONNECTION to PostgreSQL credentials with permission to create a disposable test database.</Message>
        </ErrorInfo>
      </Output>
    </UnitTestResult>
    <UnitTestResult executionId="2c7cba45-2460-48ee-abe5-0a641f8a89a3" testId="8ba9d289-fce9-0631-2f1e-3f98af66fb31" testName="SurplusLink.Tests.CategoryAuthorizationTests.Anonymous_is_blocked_and_only_manager_can_write(role: &quot;BUYER&quot;, method: &quot;DELETE&quot;, expected: 403)" computerName="LAPTOP-2QCBKKSM" duration="00:00:00.2030235" startTime="2026-09-22T11:00:20.0082465+05:30" endTime="2026-09-22T11:00:20.0082475+05:30" testType="13cdc9d9-ddb5-4fa4-a97d-d965ccfc6d4b" outcome="Passed" testListId="8c84fa94-04c1-424b-9868-57a2d4851a1d" relativeResultsDirectory="2c7cba45-2460-48ee-abe5-0a641f8a89a3" />
    <UnitTestResult executionId="20b5b678-c8bb-46e8-8a0e-eb7e2837c361" testId="e2b107ba-fac6-d7bf-060d-8ce5f98ab42b" testName="SurplusLink.Tests.RequirementQueriesAndHistoryTests.Search_filters_and_totals_are_scoped_before_pagination" computerName="LAPTOP-2QCBKKSM" duration="00:00:00.0010000" startTime="2026-09-22T11:00:14.3455664+05:30" endTime="2026-09-22T11:00:14.3455666+05:30" testType="13cdc9d9-ddb5-4fa4-a97d-d965ccfc6d4b" outcome="NotExecuted" testListId="8c84fa94-04c1-424b-9868-57a2d4851a1d" relativeResultsDirectory="20b5b678-c8bb-46e8-8a0e-eb7e2837c361">
      <Output>
        <ErrorInfo>
          <Message>Set SURPLUSLINK_TEST_CONNECTION to PostgreSQL credentials with permission to create a disposable test database.</Message>
        </ErrorInfo>
      </Output>
    </UnitTestResult>
    <UnitTestResult executionId="091969c2-d79a-4806-b51d-f2febc0e08d2" testId="9777e717-ebb8-19bc-dc62-621897cfcba1" testName="SurplusLink.Tests.MatchIntegrationTests.Concurrent_rejection_prevents_stale_rank_and_rolls_back_its_audit" computerName="LAPTOP-2QCBKKSM" duration="00:00:00.0010000" startTime="2026-09-22T11:00:14.3340592+05:30" endTime="2026-09-22T11:00:14.3340595+05:30" testType="13cdc9d9-ddb5-4fa4-a97d-d965ccfc6d4b" outcome="NotExecuted" testListId="8c84fa94-04c1-424b-9868-57a2d4851a1d" relativeResultsDirectory="091969c2-d79a-4806-b51d-f2febc0e08d2">
      <Output>
        <ErrorInfo>
          <Message>Set SURPLUSLINK_TEST_CONNECTION to PostgreSQL credentials with permission to create a disposable test database.</Message>
        </ErrorInfo>
      </Output>
    </UnitTestResult>
    <UnitTestResult executionId="165f8437-11fb-4d8c-ba15-4bbbedfaa08a" testId="8ce08393-bf59-bf6f-43d5-d29593d4194e" testName="SurplusLink.Tests.DualRoleAuthTests.Public_registration_rejects_invalid_roles_before_database_access(roles: [&quot;UNKNOWN&quot;])" computerName="LAPTOP-2QCBKKSM" duration="00:00:00.2844351" startTime="2026-09-22T11:00:18.7874962+05:30" endTime="2026-09-22T11:00:18.7874967+05:30" testType="13cdc9d9-ddb5-4fa4-a97d-d965ccfc6d4b" outcome="Passed" testListId="8c84fa94-04c1-424b-9868-57a2d4851a1d" relativeResultsDirectory="165f8437-11fb-4d8c-ba15-4bbbedfaa08a" />
    <UnitTestResult executionId="c9a36a19-35e8-4b5c-ae25-3e32a2e41416" testId="57f00d4f-a0cc-e63a-1eb4-bc697c93c806" testName="SurplusLink.Tests.LocationReverseGeocodingTests.Reverse_returns_display_name_and_reuses_cached_coordinates" computerName="LAPTOP-2QCBKKSM" duration="00:00:00.9327512" startTime="2026-09-22T11:00:15.1714806+05:30" endTime="2026-09-22T11:00:15.1714814+05:30" testType="13cdc9d9-ddb5-4fa4-a97d-d965ccfc6d4b" outcome="Passed" testListId="8c84fa94-04c1-424b-9868-57a2d4851a1d" relativeResultsDirectory="c9a36a19-35e8-4b5c-ae25-3e32a2e41416" />
    <UnitTestResult executionId="c047006c-c594-4ccb-be56-6187d4586cfd" testId="2b44f9bc-5100-6044-0991-78ce8bdca8c4" testName="SurplusLink.Tests.BuyerRequirementsIntegrationTests.Concurrent_submit_and_start_calls_transition_once_without_reserving" computerName="LAPTOP-2QCBKKSM" duration="00:00:00.0010000" startTime="2026-09-22T11:00:14.3565996+05:30" endTime="2026-09-22T11:00:14.3565999+05:30" testType="13cdc9d9-ddb5-4fa4-a97d-d965ccfc6d4b" outcome="NotExecuted" testListId="8c84fa94-04c1-424b-9868-57a2d4851a1d" relativeResultsDirectory="c047006c-c594-4ccb-be56-6187d4586cfd">
      <Output>
        <ErrorInfo>
          <Message>Set SURPLUSLINK_TEST_CONNECTION to PostgreSQL credentials with permission to create a disposable test database.</Message>
        </ErrorInfo>
      </Output>
    </UnitTestResult>
    <UnitTestResult executionId="0d7b2337-0f0c-4bc2-b0a8-2a8b912e89d7" testId="b352643d-0a2f-3310-d96c-145fffe798f6" testName="SurplusLink.Tests.MatchIntegrationTests.Filters_totals_sorting_and_pagination_are_requirement_scoped" computerName="LAPTOP-2QCBKKSM" duration="00:00:00.0010000" startTime="2026-09-22T11:00:14.3335212+05:30" endTime="2026-09-22T11:00:14.3335216+05:30" testType="13cdc9d9-ddb5-4fa4-a97d-d965ccfc6d4b" outcome="NotExecuted" testListId="8c84fa94-04c1-424b-9868-57a2d4851a1d" relativeResultsDirectory="0d7b2337-0f0c-4bc2-b0a8-2a8b912e89d7">
      <Output>
        <ErrorInfo>
          <Message>Set SURPLUSLINK_TEST_CONNECTION to PostgreSQL credentials with permission to create a disposable test database.</Message>
        </ErrorInfo>
      </Output>
    </UnitTestResult>
    <UnitTestResult executionId="44dd6ca9-c9b1-440b-ba8a-90aecce2da5b" testId="b5ec5bcf-f65b-63fc-774c-404d1d09a310" testName="SurplusLink.Tests.RequirementQueriesAndHistoryTests.Empty_analytics_has_zero_counts_and_null_budget_average" computerName="LAPTOP-2QCBKKSM" duration="00:00:00.0010000" startTime="2026-09-22T11:00:14.3445235+05:30" endTime="2026-09-22T11:00:14.3445240+05:30" testType="13cdc9d9-ddb5-4fa4-a97d-d965ccfc6d4b" outcome="NotExecuted" testListId="8c84fa94-04c1-424b-9868-57a2d4851a1d" relativeResultsDirectory="44dd6ca9-c9b1-440b-ba8a-90aecce2da5b">
      <Output>
        <ErrorInfo>
          <Message>Set SURPLUSLINK_TEST_CONNECTION to PostgreSQL credentials with permission to create a disposable test database.</Message>
        </ErrorInfo>
      </Output>
    </UnitTestResult>
    <UnitTestResult executionId="3d521a0d-4571-4b00-929c-1eab5a690cba" testId="d032e2ae-e984-6e92-4a02-8310a05a5a7f" testName="SurplusLink.Tests.RoutingProviderTests.Invalid_payload_returns_safe_failure(body: &quot;not json&quot;)" computerName="LAPTOP-2QCBKKSM" duration="00:00:00.9306941" startTime="2026-09-22T11:00:15.1690365+05:30" endTime="2026-09-22T11:00:15.1690375+05:30" testType="13cdc9d9-ddb5-4fa4-a97d-d965ccfc6d4b" outcome="Passed" testListId="8c84fa94-04c1-424b-9868-57a2d4851a1d" relativeResultsDirectory="3d521a0d-4571-4b00-929c-1eab5a690cba" />
    <UnitTestResult executionId="19935a26-10d9-41e2-ba32-179b66c3e707" testId="41a24675-7ac8-9752-04a7-bd7ca73ea1b2" testName="SurplusLink.Tests.RoutingProviderTests.Timeout_returns_safe_failure_without_a_fabricated_estimate" computerName="LAPTOP-2QCBKKSM" duration="00:00:00.0796589" startTime="2026-09-22T11:00:15.6750645+05:30" endTime="2026-09-22T11:00:15.6750654+05:30" testType="13cdc9d9-ddb5-4fa4-a97d-d965ccfc6d4b" outcome="Passed" testListId="8c84fa94-04c1-424b-9868-57a2d4851a1d" relativeResultsDirectory="19935a26-10d9-41e2-ba32-179b66c3e707" />
    <UnitTestResult executionId="be024005-7fde-48c5-9215-e44600e280ad" testId="77a40dcf-ac8e-5720-553c-327fe646af40" testName="SurplusLink.Tests.MatchQueryTests.Sorts_have_stable_ties_and_unknown_routes_last(sort: &quot;distance&quot;, direction: &quot;asc&quot;)" computerName="LAPTOP-2QCBKKSM" duration="00:00:00.0162447" startTime="2026-09-22T11:00:20.6265081+05:30" endTime="2026-09-22T11:00:20.6265088+05:30" testType="13cdc9d9-ddb5-4fa4-a97d-d965ccfc6d4b" outcome="Passed" testListId="8c84fa94-04c1-424b-9868-57a2d4851a1d" relativeResultsDirectory="be024005-7fde-48c5-9215-e44600e280ad" />
    <UnitTestResult executionId="1f992728-8d16-4b3f-98ea-24d85a28ee0e" testId="85522e20-6c11-f494-d21d-c5581128da90" testName="SurplusLink.Tests.CategoryAuthorizationTests.Anonymous_is_blocked_and_only_manager_can_write(role: null, method: &quot;PUT&quot;, expected: 401)" computerName="LAPTOP-2QCBKKSM" duration="00:00:00.2786200" startTime="2026-09-22T11:00:18.2236733+05:30" endTime="2026-09-22T11:00:18.2236739+05:30" testType="13cdc9d9-ddb5-4fa4-a97d-d965ccfc6d4b" outcome="Passed" testListId="8c84fa94-04c1-424b-9868-57a2d4851a1d" relativeResultsDirectory="1f992728-8d16-4b3f-98ea-24d85a28ee0e" />
    <UnitTestResult executionId="98631a9b-11bd-4ab6-bdbe-85bd599a64cf" testId="15f4dde7-c191-bf53-bfab-6be211597c74" testName="SurplusLink.Tests.WorkflowPersistenceTests.Invalid_validation_persists_revision_and_reopens_request_for_explicit_retry" computerName="LAPTOP-2QCBKKSM" duration="00:00:00.0010000" startTime="2026-09-22T11:00:14.3518568+05:30" endTime="2026-09-22T11:00:14.3518572+05:30" testType="13cdc9d9-ddb5-4fa4-a97d-d965ccfc6d4b" outcome="NotExecuted" testListId="8c84fa94-04c1-424b-9868-57a2d4851a1d" relativeResultsDirectory="98631a9b-11bd-4ab6-bdbe-85bd599a64cf">
      <Output>
        <ErrorInfo>
          <Message>Set SURPLUSLINK_TEST_CONNECTION to PostgreSQL credentials with permission to create a disposable test database.</Message>
        </ErrorInfo>
      </Output>
    </UnitTestResult>
    <UnitTestResult executionId="5749621a-a9c9-4835-8e2c-b1ec0a8daa02" testId="15bb7592-e38e-6396-b1d9-60a3a9c80677" testName="SurplusLink.Tests.CategoryAuthorizationTests.Anonymous_is_blocked_and_only_manager_can_write(role: null, method: &quot;POST&quot;, expected: 401)" computerName="LAPTOP-2QCBKKSM" duration="00:00:00.2512461" startTime="2026-09-22T11:00:18.9022605+05:30" endTime="2026-09-22T11:00:18.9022614+05:30" testType="13cdc9d9-ddb5-4fa4-a97d-d965ccfc6d4b" outcome="Passed" testListId="8c84fa94-04c1-424b-9868-57a2d4851a1d" relativeResultsDirectory="5749621a-a9c9-4835-8e2c-b1ec0a8daa02" />
    <UnitTestResult executionId="bfa52196-0d37-4488-982a-233845fb7f50" testId="217deb09-f1d1-2d6d-8e60-aecb3f47c95b" testName="SurplusLink.Tests.TransactionQueryIntegrationTests.Manager_can_filter_sort_history_analytics_and_complete_transactions" computerName="LAPTOP-2QCBKKSM" duration="00:00:00.0010000" startTime="2026-09-22T11:00:14.3462890+05:30" endTime="2026-09-22T11:00:14.3462892+05:30" testType="13cdc9d9-ddb5-4fa4-a97d-d965ccfc6d4b" outcome="NotExecuted" testListId="8c84fa94-04c1-424b-9868-57a2d4851a1d" relativeResultsDirectory="bfa52196-0d37-4488-982a-233845fb7f50">
      <Output>
        <ErrorInfo>
          <Message>Set SURPLUSLINK_TEST_CONNECTION to PostgreSQL credentials with permission to create a disposable test database.</Message>
        </ErrorInfo>
      </Output>
    </UnitTestResult>
    <UnitTestResult executionId="e5bd10fc-835b-4478-97b3-63513f857709" testId="234b79ee-9d44-c0bf-975d-9cfae5bfc15f" testName="SurplusLink.Tests.MatchQueryTests.Query_validation_rejects_unknown_status_sort_direction_and_unsafe_paging" computerName="LAPTOP-2QCBKKSM" duration="00:00:00.0083591" startTime="2026-09-22T11:00:20.6350955+05:30" endTime="2026-09-22T11:00:20.6350961+05:30" testType="13cdc9d9-ddb5-4fa4-a97d-d965ccfc6d4b" outcome="Passed" testListId="8c84fa94-04c1-424b-9868-57a2d4851a1d" relativeResultsDirectory="e5bd10fc-835b-4478-97b3-63513f857709" />
    <UnitTestResult executionId="0bc42447-3aa9-4fab-9569-e616dd227da7" testId="ee8d0a07-4eaa-cf84-4312-b06acee0036a" testName="SurplusLink.Tests.SharedApiQualityTests.Cors_allows_only_configured_origins(origin: &quot;https://untrusted.example&quot;, shouldBeAllowed: False)" computerName="LAPTOP-2QCBKKSM" duration="00:00:00.0345373" startTime="2026-09-22T11:00:17.4848359+05:30" endTime="2026-09-22T11:00:17.4848368+05:30" testType="13cdc9d9-ddb5-4fa4-a97d-d965ccfc6d4b" outcome="Passed" testListId="8c84fa94-04c1-424b-9868-57a2d4851a1d" relativeResultsDirectory="0bc42447-3aa9-4fab-9569-e616dd227da7" />
    <UnitTestResult executionId="2739420a-93ea-4922-a4cc-4e8a56327e9c" testId="5d348d5b-774b-8867-ef40-8c19a882d173" testName="SurplusLink.Tests.MaterialInventorySchemaTests.Material_listing_fields_photos_constraints_and_indexes_are_configured" computerName="LAPTOP-2QCBKKSM" duration="00:00:06.0275260" startTime="2026-09-22T11:00:20.2662698+05:30" endTime="2026-09-22T11:00:20.2662699+05:30" testType="13cdc9d9-ddb5-4fa4-a97d-d965ccfc6d4b" outcome="Passed" testListId="8c84fa94-04c1-424b-9868-57a2d4851a1d" relativeResultsDirectory="2739420a-93ea-4922-a4cc-4e8a56327e9c" />
    <UnitTestResult executionId="6a0222f0-c75d-4692-abd0-909d047cbb13" testId="96456dd3-f452-8a49-e6e3-c6a33c95973b" testName="SurplusLink.Tests.CategoryAuthorizationTests.Anonymous_is_blocked_and_only_manager_can_write(role: &quot;SELLER&quot;, method: &quot;PUT&quot;, expected: 403)" computerName="LAPTOP-2QCBKKSM" duration="00:00:00.2798124" startTime="2026-09-22T11:00:19.7829291+05:30" endTime="2026-09-22T11:00:19.7829299+05:30" testType="13cdc9d9-ddb5-4fa4-a97d-d965ccfc6d4b" outcome="Passed" testListId="8c84fa94-04c1-424b-9868-57a2d4851a1d" relativeResultsDirectory="6a0222f0-c75d-4692-abd0-909d047cbb13" />
    <UnitTestResult executionId="83349b45-c640-4076-9a7a-4557ae11dd85" testId="552f9d74-104a-b0ed-1a4f-2a861b650737" testName="SurplusLink.Tests.RequirementQueriesAndHistoryTests.Query_validation_and_optional_notes_contract_are_enforced" computerName="LAPTOP-2QCBKKSM" duration="00:00:00.0010000" startTime="2026-09-22T11:00:14.3450946+05:30" endTime="2026-09-22T11:00:14.3450948+05:30" testType="13cdc9d9-ddb5-4fa4-a97d-d965ccfc6d4b" outcome="NotExecuted" testListId="8c84fa94-04c1-424b-9868-57a2d4851a1d" relativeResultsDirectory="83349b45-c640-4076-9a7a-4557ae11dd85">
      <Output>
        <ErrorInfo>
          <Message>Set SURPLUSLINK_TEST_CONNECTION to PostgreSQL credentials with permission to create a disposable test database.</Message>
        </ErrorInfo>
      </Output>
    </UnitTestResult>
    <UnitTestResult executionId="fc5fb913-fab5-4a0e-8b7e-193fe91e2971" testId="b726ada9-919b-afad-956d-8a55ac0035db" testName="SurplusLink.Tests.MaterialListingQueryBuilderTests.Sorting_and_pagination_return_the_requested_page_and_correct_totals" computerName="LAPTOP-2QCBKKSM" duration="00:00:00.0518780" startTime="2026-09-22T11:00:15.1709778+05:30" endTime="2026-09-22T11:00:15.1709787+05:30" testType="13cdc9d9-ddb5-4fa4-a97d-d965ccfc6d4b" outcome="Passed" testListId="8c84fa94-04c1-424b-9868-57a2d4851a1d" relativeResultsDirectory="fc5fb913-fab5-4a0e-8b7e-193fe91e2971" />
    <UnitTestResult executionId="7ce81db8-c368-4880-8c02-062446aff8db" testId="0886b5b9-63d0-8087-b112-009c3e174a80" testName="SurplusLink.Tests.BuyerRequirementsIntegrationTests.Database_constraints_reject_invalid_direct_writes_and_migration_preserves_legacy_links" computerName="LAPTOP-2QCBKKSM" duration="00:00:00.0010000" startTime="2026-09-22T11:00:14.3476727+05:30" endTime="2026-09-22T11:00:14.3476729+05:30" testType="13cdc9d9-ddb5-4fa4-a97d-d965ccfc6d4b" outcome="NotExecuted" testListId="8c84fa94-04c1-424b-9868-57a2d4851a1d" relativeResultsDirectory="7ce81db8-c368-4880-8c02-062446aff8db">
      <Output>
        <ErrorInfo>
          <Message>Set SURPLUSLINK_TEST_CONNECTION to PostgreSQL credentials with permission to create a disposable test database.</Message>
        </ErrorInfo>
      </Output>
    </UnitTestResult>
    <UnitTestResult executionId="5370e88c-7b01-45ef-a6ce-acfafce9ccb6" testId="9a4fe454-b3a5-22dd-7301-fd21c6fc9882" testName="SurplusLink.Tests.ProfilePersistenceTests.Buyer_sees_seller_contact_on_listing_without_private_address_or_password" computerName="LAPTOP-2QCBKKSM" duration="00:00:00.0010000" startTime="2026-09-22T11:00:14.3466912+05:30" endTime="2026-09-22T11:00:14.3466915+05:30" testType="13cdc9d9-ddb5-4fa4-a97d-d965ccfc6d4b" outcome="NotExecuted" testListId="8c84fa94-04c1-424b-9868-57a2d4851a1d" relativeResultsDirectory="5370e88c-7b01-45ef-a6ce-acfafce9ccb6">
      <Output>
        <ErrorInfo>
          <Message>Set SURPLUSLINK_TEST_CONNECTION to PostgreSQL credentials with permission to create a disposable test database.</Message>
        </ErrorInfo>
      </Output>
    </UnitTestResult>
    <UnitTestResult executionId="a7881e34-5bd8-41f4-9bc0-529cd742e37c" testId="0c093ad0-959a-116d-d06b-dff51a336ba1" testName="SurplusLink.Tests.CategoryAuthorizationTests.Anonymous_is_blocked_and_only_manager_can_write(role: &quot;MANAGER&quot;, method: &quot;DELETE&quot;, expected: 204)" computerName="LAPTOP-2QCBKKSM" duration="00:00:00.2122230" startTime="2026-09-22T11:00:19.5013784+05:30" endTime="2026-09-22T11:00:19.5013791+05:30" testType="13cdc9d9-ddb5-4fa4-a97d-d965ccfc6d4b" outcome="Passed" testListId="8c84fa94-04c1-424b-9868-57a2d4851a1d" relativeResultsDirectory="a7881e34-5bd8-41f4-9bc0-529cd742e37c" />
    <UnitTestResult executionId="8ea8e787-09ea-4ba0-a6c0-d4764f73b72f" testId="48d7b2a4-cbdc-806e-5c12-cca59e44f935" testName="SurplusLink.Tests.DualRoleAuthTests.Registration_login_me_and_permissions_cover_all_marketplace_role_combinations" computerName="LAPTOP-2QCBKKSM" duration="00:00:00.0010000" startTime="2026-09-22T11:00:20.8467179+05:30" endTime="2026-09-22T11:00:20.8467184+05:30" testType="13cdc9d9-ddb5-4fa4-a97d-d965ccfc6d4b" outcome="NotExecuted" testListId="8c84fa94-04c1-424b-9868-57a2d4851a1d" relativeResultsDirectory="8ea8e787-09ea-4ba0-a6c0-d4764f73b72f">
      <Output>
        <ErrorInfo>
          <Message>Set SURPLUSLINK_TEST_CONNECTION to PostgreSQL credentials with permission to create a disposable test database.</Message>
        </ErrorInfo>
      </Output>
    </UnitTestResult>
    <UnitTestResult executionId="3f319566-bd96-4837-90e2-9c10aba456d6" testId="08fae7fa-8c12-2305-d846-60460697f5ed" testName="SurplusLink.Tests.MatchQueryTests.Sorts_have_stable_ties_and_unknown_routes_last(sort: &quot;estimatedTransportCost&quot;, direction: &quot;asc&quot;)" computerName="LAPTOP-2QCBKKSM" duration="00:00:00.0168579" startTime="2026-09-22T11:00:20.6100386+05:30" endTime="2026-09-22T11:00:20.6100391+05:30" testType="13cdc9d9-ddb5-4fa4-a97d-d965ccfc6d4b" outcome="Passed" testListId="8c84fa94-04c1-424b-9868-57a2d4851a1d" relativeResultsDirectory="3f319566-bd96-4837-90e2-9c10aba456d6" />
    <UnitTestResult executionId="662b8334-17b7-4f4c-bf66-3dbf8ecfb579" testId="5a04abfe-7da8-be47-9ef6-46790204c1c5" testName="SurplusLink.Tests.MatchIntegrationTests.History_and_analytics_track_actions_and_route_attempts_with_access_control" computerName="LAPTOP-2QCBKKSM" duration="00:00:00.0010000" startTime="2026-09-22T11:00:14.3358316+05:30" endTime="2026-09-22T11:00:14.3358318+05:30" testType="13cdc9d9-ddb5-4fa4-a97d-d965ccfc6d4b" outcome="NotExecuted" testListId="8c84fa94-04c1-424b-9868-57a2d4851a1d" relativeResultsDirectory="662b8334-17b7-4f4c-bf66-3dbf8ecfb579">
      <Output>
        <ErrorInfo>
          <Message>Set SURPLUSLINK_TEST_CONNECTION to PostgreSQL credentials with permission to create a disposable test database.</Message>
        </ErrorInfo>
      </Output>
    </UnitTestResult>
    <UnitTestResult executionId="b6e396cf-56db-4d24-9178-5016887777bf" testId="ff0b4f64-6a6d-f1ad-a1fd-a0fa92c5bc6c" testName="SurplusLink.Tests.RequirementQueriesAndHistoryTests.Concurrent_start_and_future_tracked_status_changes_are_audited_atomically" computerName="LAPTOP-2QCBKKSM" duration="00:00:00.0010000" startTime="2026-09-22T11:00:14.3365992+05:30" endTime="2026-09-22T11:00:14.3365999+05:30" testType="13cdc9d9-ddb5-4fa4-a97d-d965ccfc6d4b" outcome="NotExecuted" testListId="8c84fa94-04c1-424b-9868-57a2d4851a1d" relativeResultsDirectory="b6e396cf-56db-4d24-9178-5016887777bf">
      <Output>
        <ErrorInfo>
          <Message>Set SURPLUSLINK_TEST_CONNECTION to PostgreSQL credentials with permission to create a disposable test database.</Message>
        </ErrorInfo>
      </Output>
    </UnitTestResult>
    <UnitTestResult executionId="eff44f32-e3a7-4cfb-a3a0-6cd0e62cb0f3" testId="8ba5b1b1-be29-6954-1312-0b6369e1d490" testName="SurplusLink.Tests.DualRoleAuthTests.Shared_self_match_policy_rejects_owner_and_allows_other_seller" computerName="LAPTOP-2QCBKKSM" duration="00:00:00.0007722" startTime="2026-09-22T11:00:20.8439780+05:30" endTime="2026-09-22T11:00:20.8439785+05:30" testType="13cdc9d9-ddb5-4fa4-a97d-d965ccfc6d4b" outcome="Passed" testListId="8c84fa94-04c1-424b-9868-57a2d4851a1d" relativeResultsDirectory="eff44f32-e3a7-4cfb-a3a0-6cd0e62cb0f3" />
    <UnitTestResult executionId="3142ee65-bbca-4446-9801-63a4e687a580" testId="e8149e2c-2173-b5c0-24fd-ca1ab67c0572" testName="SurplusLink.Tests.BuyerRequirementsIntegrationTests.Invalid_values_unknown_fields_and_missing_ids_are_rejected" computerName="LAPTOP-2QCBKKSM" duration="00:00:00.0010000" startTime="2026-09-22T11:00:14.3552388+05:30" endTime="2026-09-22T11:00:14.3552391+05:30" testType="13cdc9d9-ddb5-4fa4-a97d-d965ccfc6d4b" outcome="NotExecuted" testListId="8c84fa94-04c1-424b-9868-57a2d4851a1d" relativeResultsDirectory="3142ee65-bbca-4446-9801-63a4e687a580">
      <Output>
        <ErrorInfo>
          <Message>Set SURPLUSLINK_TEST_CONNECTION to PostgreSQL credentials with permission to create a disposable test database.</Message>
        </ErrorInfo>
      </Output>
    </UnitTestResult>
    <UnitTestResult executionId="ec2f37a6-07bb-4c33-85c2-3561f0e411db" testId="17fd7ada-f545-0182-8bd6-42c2e834a167" testName="SurplusLink.Tests.SchemaIntegrityTests.Listing_uses_postgresql_xmin_for_optimistic_concurrency" computerName="LAPTOP-2QCBKKSM" duration="00:00:06.0274878" startTime="2026-09-22T11:00:20.2662013+05:30" endTime="2026-09-22T11:00:20.2662019+05:30" testType="13cdc9d9-ddb5-4fa4-a97d-d965ccfc6d4b" outcome="Passed" testListId="8c84fa94-04c1-424b-9868-57a2d4851a1d" relativeResultsDirectory="ec2f37a6-07bb-4c33-85c2-3561f0e411db" />
    <UnitTestResult executionId="84eb2cd3-088d-4a45-bca8-36a1addae2a1" testId="276273d4-170e-818e-3132-2b62c7191caa" testName="SurplusLink.Tests.MatchQueryTests.Sorts_have_stable_ties_and_unknown_routes_last(sort: &quot;estimatedTransportCost&quot;, direction: &quot;desc&quot;)" computerName="LAPTOP-2QCBKKSM" duration="00:00:06.2254132" startTime="2026-09-22T11:00:20.4637257+05:30" endTime="2026-09-22T11:00:20.4637264+05:30" testType="13cdc9d9-ddb5-4fa4-a97d-d965ccfc6d4b" outcome="Passed" testListId="8c84fa94-04c1-424b-9868-57a2d4851a1d" relativeResultsDirectory="84eb2cd3-088d-4a45-bca8-36a1addae2a1" />
    <UnitTestResult executionId="2f9f08bf-cf24-43bf-9e50-3625b3e0f0cb" testId="3f857587-118c-3577-f482-e554a97a00f6" testName="SurplusLink.Tests.DualRoleAuthTests.Public_registration_rejects_invalid_roles_before_database_access(roles: [&quot;SELLER&quot;, &quot;BUYER&quot;, &quot;MANAGER&quot;])" computerName="LAPTOP-2QCBKKSM" duration="00:00:00.3184586" startTime="2026-09-22T11:00:19.9040671+05:30" endTime="2026-09-22T11:00:19.9040677+05:30" testType="13cdc9d9-ddb5-4fa4-a97d-d965ccfc6d4b" outcome="Passed" testListId="8c84fa94-04c1-424b-9868-57a2d4851a1d" relativeResultsDirectory="2f9f08bf-cf24-43bf-9e50-3625b3e0f0cb" />
    <UnitTestResult executionId="28fbdfb5-ef3c-4f6e-a280-9f3aac062b93" testId="4e8307f4-3a39-7934-c659-7995060ad7e2" testName="SurplusLink.Tests.UserRoleMigrationTests.Migration_round_trips_single_roles_rejects_duplicates_and_refuses_lossy_rollback" computerName="LAPTOP-2QCBKKSM" duration="00:00:00.0010000" startTime="2026-09-22T11:00:14.2900912+05:30" endTime="2026-09-22T11:00:14.2901666+05:30" testType="13cdc9d9-ddb5-4fa4-a97d-d965ccfc6d4b" outcome="NotExecuted" testListId="8c84fa94-04c1-424b-9868-57a2d4851a1d" relativeResultsDirectory="28fbdfb5-ef3c-4f6e-a280-9f3aac062b93">
      <Output>
        <ErrorInfo>
          <Message>Set SURPLUSLINK_TEST_CONNECTION to PostgreSQL credentials with permission to create a disposable test database.</Message>
        </ErrorInfo>
      </Output>
    </UnitTestResult>
    <UnitTestResult executionId="529a7f69-9572-4ae9-8d0f-361a3c0c8d9e" testId="17dfc437-1635-6ca2-8a95-44f9fedae91d" testName="SurplusLink.Tests.WorkflowExecutionTests.Permanent_http_failure_is_not_retried(status: Unauthorized)" computerName="LAPTOP-2QCBKKSM" duration="00:00:00.0009354" startTime="2026-09-22T11:00:16.4072746+05:30" endTime="2026-09-22T11:00:16.4072752+05:30" testType="13cdc9d9-ddb5-4fa4-a97d-d965ccfc6d4b" outcome="Passed" testListId="8c84fa94-04c1-424b-9868-57a2d4851a1d" relativeResultsDirectory="529a7f69-9572-4ae9-8d0f-361a3c0c8d9e" />
    <UnitTestResult executionId="98237031-4cb3-4db2-9752-05bc117b5afc" testId="94de22db-cea2-5e56-b296-cb89327e19a6" testName="SurplusLink.Tests.ProfileAndPhotoTests.Profile_fields_validate(name: &quot;A Seller&quot;, phone: &quot;+94 771234567&quot;, address: &quot;Colombo&quot;, valid: True)" computerName="LAPTOP-2QCBKKSM" duration="00:00:00.0001937" startTime="2026-09-22T11:00:19.2687275+05:30" endTime="2026-09-22T11:00:19.2687279+05:30" testType="13cdc9d9-ddb5-4fa4-a97d-d965ccfc6d4b" outcome="Passed" testListId="8c84fa94-04c1-424b-9868-57a2d4851a1d" relativeResultsDirectory="98237031-4cb3-4db2-9752-05bc117b5afc" />
    <UnitTestResult executionId="6cbaa673-e734-4b44-b690-fc6ad8ae2afb" testId="6ec97de0-5b68-11f8-6aae-9d0c225aecf7" testName="SurplusLink.Tests.BuyerRequirementsIntegrationTests.Swagger_documents_all_requirement_routes_and_shared_auth_routes" computerName="LAPTOP-2QCBKKSM" duration="00:00:00.0010000" startTime="2026-09-22T11:00:14.3522987+05:30" endTime="2026-09-22T11:00:14.3522990+05:30" testType="13cdc9d9-ddb5-4fa4-a97d-d965ccfc6d4b" outcome="NotExecuted" testListId="8c84fa94-04c1-424b-9868-57a2d4851a1d" relativeResultsDirectory="6cbaa673-e734-4b44-b690-fc6ad8ae2afb">
      <Output>
        <ErrorInfo>
          <Message>Set SURPLUSLINK_TEST_CONNECTION to PostgreSQL credentials with permission to create a disposable test database.</Message>
        </ErrorInfo>
      </Output>
    </UnitTestResult>
    <UnitTestResult executionId="99c11458-cc60-484c-a284-dbd0ad60393b" testId="21106d5c-3331-548e-f95f-8c6a4f264786" testName="SurplusLink.Tests.ReservationRegistrationTests.Reservation_service_is_registered_as_scoped_dependency" computerName="LAPTOP-2QCBKKSM" duration="00:00:02.8424942" startTime="2026-09-22T11:00:17.1029180+05:30" endTime="2026-09-22T11:00:17.1029190+05:30" testType="13cdc9d9-ddb5-4fa4-a97d-d965ccfc6d4b" outcome="Passed" testListId="8c84fa94-04c1-424b-9868-57a2d4851a1d" relativeResultsDirectory="99c11458-cc60-484c-a284-dbd0ad60393b" />
    <UnitTestResult executionId="3188d1de-30fc-426b-96a6-8ff4b88aaaed" testId="de516b27-1e30-80e9-7da4-6a927dcc8076" testName="SurplusLink.Tests.RoutingProviderTests.Network_errors_are_safe_and_caller_cancellation_is_preserved" computerName="LAPTOP-2QCBKKSM" duration="00:00:00.0149419" startTime="2026-09-22T11:00:15.6962706+05:30" endTime="2026-09-22T11:00:15.6962718+05:30" testType="13cdc9d9-ddb5-4fa4-a97d-d965ccfc6d4b" outcome="Passed" testListId="8c84fa94-04c1-424b-9868-57a2d4851a1d" relativeResultsDirectory="3188d1de-30fc-426b-96a6-8ff4b88aaaed" />
    <UnitTestResult executionId="1c048700-4591-4546-bb81-5c3232633cc4" testId="cac7a598-7a6f-a6e1-0562-8d0dee359a66" testName="SurplusLink.Tests.CategoryAuthorizationTests.Anonymous_is_blocked_and_only_manager_can_write(role: null, method: &quot;GET&quot;, expected: 401)" computerName="LAPTOP-2QCBKKSM" duration="00:00:00.1781243" startTime="2026-09-22T11:00:19.0831212+05:30" endTime="2026-09-22T11:00:19.0831219+05:30" testType="13cdc9d9-ddb5-4fa4-a97d-d965ccfc6d4b" outcome="Passed" testListId="8c84fa94-04c1-424b-9868-57a2d4851a1d" relativeResultsDirectory="1c048700-4591-4546-bb81-5c3232633cc4" />
    <UnitTestResult executionId="53c248ff-54c6-42ed-a9c5-b1dcbf05e699" testId="a5772666-46a8-253e-98e8-a365e6f703ab" testName="SurplusLink.Tests.MatchIntegrationTests.Other_sellers_still_obey_every_existing_candidate_eligibility_rule" computerName="LAPTOP-2QCBKKSM" duration="00:00:00.0010000" startTime="2026-09-22T11:00:14.3361564+05:30" endTime="2026-09-22T11:00:14.3361566+05:30" testType="13cdc9d9-ddb5-4fa4-a97d-d965ccfc6d4b" outcome="NotExecuted" testListId="8c84fa94-04c1-424b-9868-57a2d4851a1d" relativeResultsDirectory="53c248ff-54c6-42ed-a9c5-b1dcbf05e699">
      <Output>
        <ErrorInfo>
          <Message>Set SURPLUSLINK_TEST_CONNECTION to PostgreSQL credentials with permission to create a disposable test database.</Message>
        </ErrorInfo>
      </Output>
    </UnitTestResult>
    <UnitTestResult executionId="7478c4d1-ce21-44ec-8cce-30e02eaa2372" testId="87f66180-34b2-b99c-1809-fd0913c18073" testName="SurplusLink.Tests.ProfileAndPhotoTests.Profile_fields_validate(name: &quot;A Seller&quot;, phone: &quot;bad&quot;, address: &quot;Colombo&quot;, valid: False)" computerName="LAPTOP-2QCBKKSM" duration="00:00:00.0012943" startTime="2026-09-22T11:00:19.2680105+05:30" endTime="2026-09-22T11:00:19.2680111+05:30" testType="13cdc9d9-ddb5-4fa4-a97d-d965ccfc6d4b" outcome="Passed" testListId="8c84fa94-04c1-424b-9868-57a2d4851a1d" relativeResultsDirectory="7478c4d1-ce21-44ec-8cce-30e02eaa2372" />
    <UnitTestResult executionId="338bd788-392f-4dea-bd73-ebe1206c99bf" testId="f935b5e1-6e23-8336-0d00-8ff23b393d40" testName="SurplusLink.Tests.BuyerRequirementsIntegrationTests.Authentication_ownership_and_manager_read_only_access_cover_every_route" computerName="LAPTOP-2QCBKKSM" duration="00:00:00.0010000" startTime="2026-09-22T11:00:14.3499157+05:30" endTime="2026-09-22T11:00:14.3499159+05:30" testType="13cdc9d9-ddb5-4fa4-a97d-d965ccfc6d4b" outcome="NotExecuted" testListId="8c84fa94-04c1-424b-9868-57a2d4851a1d" relativeResultsDirectory="338bd788-392f-4dea-bd73-ebe1206c99bf">
      <Output>
        <ErrorInfo>
          <Message>Set SURPLUSLINK_TEST_CONNECTION to PostgreSQL credentials with permission to create a disposable test database.</Message>
        </ErrorInfo>
      </Output>
    </UnitTestResult>
    <UnitTestResult executionId="98095332-050b-4d75-84d9-124303965e76" testId="f8eadfd1-6a62-32fd-3f08-fb388f78a910" testName="SurplusLink.Tests.BuyerRequirementsIntegrationTests.Lifecycle_guards_and_persisted_workflow_leave_stock_unreserved" computerName="LAPTOP-2QCBKKSM" duration="00:00:00.0010000" startTime="2026-09-22T11:00:14.3540348+05:30" endTime="2026-09-22T11:00:14.3540351+05:30" testType="13cdc9d9-ddb5-4fa4-a97d-d965ccfc6d4b" outcome="NotExecuted" testListId="8c84fa94-04c1-424b-9868-57a2d4851a1d" relativeResultsDirectory="98095332-050b-4d75-84d9-124303965e76">
      <Output>
        <ErrorInfo>
          <Message>Set SURPLUSLINK_TEST_CONNECTION to PostgreSQL credentials with permission to create a disposable test database.</Message>
        </ErrorInfo>
      </Output>
    </UnitTestResult>
    <UnitTestResult executionId="5731b261-6b99-469d-86b0-9e9ebf04a477" testId="8ec04704-d6a5-b1a4-8240-c1740e11d7de" testName="SurplusLink.Tests.MatchQueryTests.Sorts_have_stable_ties_and_unknown_routes_last(sort: &quot;score&quot;, direction: &quot;desc&quot;)" computerName="LAPTOP-2QCBKKSM" duration="00:00:00.0184082" startTime="2026-09-22T11:00:20.5238504+05:30" endTime="2026-09-22T11:00:20.5238511+05:30" testType="13cdc9d9-ddb5-4fa4-a97d-d965ccfc6d4b" outcome="Passed" testListId="8c84fa94-04c1-424b-9868-57a2d4851a1d" relativeResultsDirectory="5731b261-6b99-469d-86b0-9e9ebf04a477" />
    <UnitTestResult executionId="11a757bb-9385-4317-99af-944ac45a2291" testId="0ae8b584-1ba5-de2b-29a4-849678807b3c" testName="SurplusLink.Tests.RequirementQueriesAndHistoryTests.Analytics_returns_consistent_counts_upcoming_preview_and_unit_aware_averages" computerName="LAPTOP-2QCBKKSM" duration="00:00:00.0010000" startTime="2026-09-22T11:00:14.3354896+05:30" endTime="2026-09-22T11:00:14.3354899+05:30" testType="13cdc9d9-ddb5-4fa4-a97d-d965ccfc6d4b" outcome="NotExecuted" testListId="8c84fa94-04c1-424b-9868-57a2d4851a1d" relativeResultsDirectory="11a757bb-9385-4317-99af-944ac45a2291">
      <Output>
        <ErrorInfo>
          <Message>Set SURPLUSLINK_TEST_CONNECTION to PostgreSQL credentials with permission to create a disposable test database.</Message>
        </ErrorInfo>
      </Output>
    </UnitTestResult>
    <UnitTestResult executionId="d0e59af9-d9b8-4492-84d4-df2ae6a4f095" testId="6bf137ef-f972-6d4d-14bc-fb5646bac0ad" testName="SurplusLink.Tests.CategoryAuthorizationTests.Anonymous_is_blocked_and_only_manager_can_write(role: &quot;SELLER&quot;, method: &quot;POST&quot;, expected: 403)" computerName="LAPTOP-2QCBKKSM" duration="00:00:02.3394165" startTime="2026-09-22T11:00:17.5513488+05:30" endTime="2026-09-22T11:00:17.5513495+05:30" testType="13cdc9d9-ddb5-4fa4-a97d-d965ccfc6d4b" outcome="Passed" testListId="8c84fa94-04c1-424b-9868-57a2d4851a1d" relativeResultsDirectory="d0e59af9-d9b8-4492-84d4-df2ae6a4f095" />
    <UnitTestResult executionId="4d9e3c75-1367-4c9b-80e3-afa9c06c1b87" testId="9f254cce-e56d-e5ec-52b4-b634a4e97e1f" testName="SurplusLink.Tests.AgentWorkflowIntegrationTests.Buyer_and_seller_claims_never_grant_manager_workflow_decisions_but_dual_role_trade_with_another_party_is_valid" computerName="LAPTOP-2QCBKKSM" duration="00:00:00.0010000" startTime="2026-09-22T11:00:15.2772444+05:30" endTime="2026-09-22T11:00:15.2772447+05:30" testType="13cdc9d9-ddb5-4fa4-a97d-d965ccfc6d4b" outcome="NotExecuted" testListId="8c84fa94-04c1-424b-9868-57a2d4851a1d" relativeResultsDirectory="4d9e3c75-1367-4c9b-80e3-afa9c06c1b87">
      <Output>
        <ErrorInfo>
          <Message>Set SURPLUSLINK_TEST_CONNECTION to PostgreSQL credentials with permission to create a disposable test database.</Message>
        </ErrorInfo>
      </Output>
    </UnitTestResult>
    <UnitTestResult executionId="7b0a3a79-ffa8-47fe-b2ab-5fd53f085629" testId="62581e76-83e1-0eb8-3c83-6297b8d349a8" testName="SurplusLink.Tests.SchemaIntegrityTests.Database_checks_enforce_numeric_invariants" computerName="LAPTOP-2QCBKKSM" duration="00:00:00.0252749" startTime="2026-09-22T11:00:20.4877752+05:30" endTime="2026-09-22T11:00:20.4877761+05:30" testType="13cdc9d9-ddb5-4fa4-a97d-d965ccfc6d4b" outcome="Passed" testListId="8c84fa94-04c1-424b-9868-57a2d4851a1d" relativeResultsDirectory="7b0a3a79-ffa8-47fe-b2ab-5fd53f085629" />
    <UnitTestResult executionId="fe4f2945-0f69-49b3-a5fa-25cf9fe396f9" testId="e6f9fa08-8cfa-72b0-a0ae-967eff3c455c" testName="SurplusLink.Tests.RoutingProviderTests.Provider_is_swappable_and_missing_pricing_does_not_invent_a_quote" computerName="LAPTOP-2QCBKKSM" duration="00:00:00.3209640" startTime="2026-09-22T11:00:15.5780158+05:30" endTime="2026-09-22T11:00:15.5780167+05:30" testType="13cdc9d9-ddb5-4fa4-a97d-d965ccfc6d4b" outcome="Passed" testListId="8c84fa94-04c1-424b-9868-57a2d4851a1d" relativeResultsDirectory="fe4f2945-0f69-49b3-a5fa-25cf9fe396f9" />
    <UnitTestResult executionId="786d3419-fd37-48aa-acb5-e4d7230d8f04" testId="4ab7e0c8-ce99-2c2d-93f5-445805dcf347" testName="SurplusLink.Tests.MatchQueryTests.Sorts_have_stable_ties_and_unknown_routes_last(sort: &quot;createdAt&quot;, direction: &quot;asc&quot;)" computerName="LAPTOP-2QCBKKSM" duration="00:00:00.0134229" startTime="2026-09-22T11:00:20.5929480+05:30" endTime="2026-09-22T11:00:20.5929485+05:30" testType="13cdc9d9-ddb5-4fa4-a97d-d965ccfc6d4b" outcome="Passed" testListId="8c84fa94-04c1-424b-9868-57a2d4851a1d" relativeResultsDirectory="786d3419-fd37-48aa-acb5-e4d7230d8f04" />
    <UnitTestResult executionId="92af194a-c4db-4092-bc21-420c47a66c9b" testId="ab67aafc-5fc8-d346-fb62-44f14dd13907" testName="SurplusLink.Tests.RoutingProviderTests.Normal_route_converts_units_uses_header_and_calculates_transport_cost" computerName="LAPTOP-2QCBKKSM" duration="00:00:00.0794801" startTime="2026-09-22T11:00:15.2567724+05:30" endTime="2026-09-22T11:00:15.2567730+05:30" testType="13cdc9d9-ddb5-4fa4-a97d-d965ccfc6d4b" outcome="Passed" testListId="8c84fa94-04c1-424b-9868-57a2d4851a1d" relativeResultsDirectory="92af194a-c4db-4092-bc21-420c47a66c9b" />
    <UnitTestResult executionId="0f60d09e-5333-4ffe-9c52-663002743cbd" testId="70e50389-0bd9-beea-0f48-1e7067fe2111" testName="SurplusLink.Tests.DualRoleAuthTests.Public_registration_rejects_invalid_roles_before_database_access(roles: [&quot;0&quot;])" computerName="LAPTOP-2QCBKKSM" duration="00:00:00.2119475" startTime="2026-09-22T11:00:20.1173697+05:30" endTime="2026-09-22T11:00:20.1173702+05:30" testType="13cdc9d9-ddb5-4fa4-a97d-d965ccfc6d4b" outcome="Passed" testListId="8c84fa94-04c1-424b-9868-57a2d4851a1d" relativeResultsDirectory="0f60d09e-5333-4ffe-9c52-663002743cbd" />
    <UnitTestResult executionId="26bb53fe-676a-4a8d-a8a2-4226102e07b9" testId="16084051-84f4-0693-bc7f-45f56b71ced6" testName="SurplusLink.Tests.ProfileAndPhotoTests.Profile_fields_validate(name: &quot;&quot;, phone: &quot;0771234567&quot;, address: &quot;Colombo&quot;, valid: False)" computerName="LAPTOP-2QCBKKSM" duration="00:00:00.0002348" startTime="2026-09-22T11:00:19.2684061+05:30" endTime="2026-09-22T11:00:19.2684066+05:30" testType="13cdc9d9-ddb5-4fa4-a97d-d965ccfc6d4b" outcome="Passed" testListId="8c84fa94-04c1-424b-9868-57a2d4851a1d" relativeResultsDirectory="26bb53fe-676a-4a8d-a8a2-4226102e07b9" />
    <UnitTestResult executionId="7901f005-916e-4f28-8c99-00db73f6169b" testId="dc8617da-97a3-06b9-5242-d3ea0cf1211b" testName="SurplusLink.Tests.WorkflowExecutionTests.Http_timeout_does_not_dispatch_duplicate_work" computerName="LAPTOP-2QCBKKSM" duration="00:00:01.0299132" startTime="2026-09-22T11:00:16.3841411+05:30" endTime="2026-09-22T11:00:16.3841424+05:30" testType="13cdc9d9-ddb5-4fa4-a97d-d965ccfc6d4b" outcome="Passed" testListId="8c84fa94-04c1-424b-9868-57a2d4851a1d" relativeResultsDirectory="7901f005-916e-4f28-8c99-00db73f6169b" />
    <UnitTestResult executionId="716c0a13-99f2-4755-b366-92d16a72b7f7" testId="03deadaf-3bdc-07e5-5817-16adf5ac214e" testName="SurplusLink.Tests.DualRoleAuthTests.Public_registration_rejects_invalid_roles_before_database_access(roles: [&quot;BUYER&quot;, &quot;BUYER&quot;])" computerName="LAPTOP-2QCBKKSM" duration="00:00:00.2931932" startTime="2026-09-22T11:00:18.2352139+05:30" endTime="2026-09-22T11:00:18.2352146+05:30" testType="13cdc9d9-ddb5-4fa4-a97d-d965ccfc6d4b" outcome="Passed" testListId="8c84fa94-04c1-424b-9868-57a2d4851a1d" relativeResultsDirectory="716c0a13-99f2-4755-b366-92d16a72b7f7" />
    <UnitTestResult executionId="a6742e02-cb09-4959-8f77-dc90c43bc14e" testId="20cc3bb3-2c19-1ef3-422f-46306e8840dc" testName="SurplusLink.Tests.DualRoleAuthTests.Public_registration_rejects_invalid_roles_before_database_access(roles: [&quot;BUYER&quot;, &quot;MANAGER&quot;])" computerName="LAPTOP-2QCBKKSM" duration="00:00:00.2432007" startTime="2026-09-22T11:00:19.3225447+05:30" endTime="2026-09-22T11:00:19.3225455+05:30" testType="13cdc9d9-ddb5-4fa4-a97d-d965ccfc6d4b" outcome="Passed" testListId="8c84fa94-04c1-424b-9868-57a2d4851a1d" relativeResultsDirectory="a6742e02-cb09-4959-8f77-dc90c43bc14e" />
    <UnitTestResult executionId="87792e9b-e862-4d2e-8240-ca3bd53120c3" testId="544d1220-8829-3aa4-5d1a-55bfa4e357ad" testName="SurplusLink.Tests.ProfileAndPhotoTests.Photo_upload_requires_seller_and_stores_real_image_bytes(role: &quot;SELLER&quot;, status: 201)" computerName="LAPTOP-2QCBKKSM" duration="00:00:01.0186987" startTime="2026-09-22T11:00:19.2547192+05:30" endTime="2026-09-22T11:00:19.2547198+05:30" testType="13cdc9d9-ddb5-4fa4-a97d-d965ccfc6d4b" outcome="Passed" testListId="8c84fa94-04c1-424b-9868-57a2d4851a1d" relativeResultsDirectory="87792e9b-e862-4d2e-8240-ca3bd53120c3" />
    <UnitTestResult executionId="d80829a4-4ef5-4661-a8d4-c39c3a130e8c" testId="722539cc-1d42-2ad1-e4cf-03912be8e05a" testName="SurplusLink.Tests.RequirementQueriesAndHistoryTests.History_records_operations_and_status_pairs_and_enforces_access" computerName="LAPTOP-2QCBKKSM" duration="00:00:00.0010000" startTime="2026-09-22T11:00:14.2971711+05:30" endTime="2026-09-22T11:00:14.2971714+05:30" testType="13cdc9d9-ddb5-4fa4-a97d-d965ccfc6d4b" outcome="NotExecuted" testListId="8c84fa94-04c1-424b-9868-57a2d4851a1d" relativeResultsDirectory="d80829a4-4ef5-4661-a8d4-c39c3a130e8c">
      <Output>
        <ErrorInfo>
          <Message>Set SURPLUSLINK_TEST_CONNECTION to PostgreSQL credentials with permission to create a disposable test database.</Message>
        </ErrorInfo>
      </Output>
    </UnitTestResult>
    <UnitTestResult executionId="60fb7dbd-818c-4e04-93c6-7c6e95d4a114" testId="8f862316-576a-30d7-02ca-afcb3d93e17a" testName="SurplusLink.Tests.RoutingProviderTests.Missing_configuration_and_invalid_coordinates_make_no_http_call" computerName="LAPTOP-2QCBKKSM" duration="00:00:00.0027224" startTime="2026-09-22T11:00:15.6992361+05:30" endTime="2026-09-22T11:00:15.6992369+05:30" testType="13cdc9d9-ddb5-4fa4-a97d-d965ccfc6d4b" outcome="Passed" testListId="8c84fa94-04c1-424b-9868-57a2d4851a1d" relativeResultsDirectory="60fb7dbd-818c-4e04-93c6-7c6e95d4a114" />
    <UnitTestResult executionId="0c4f1d45-ccf5-4b30-89cf-b4a2399b25ea" testId="e4fd6b06-9757-4f98-ff8e-54069277899b" testName="SurplusLink.Tests.BuyerRequirementsIntegrationTests.Draft_crud_preserves_owner_timestamps_and_lists_only_own_rows" computerName="LAPTOP-2QCBKKSM" duration="00:00:00.0010000" startTime="2026-09-22T11:00:14.3508155+05:30" endTime="2026-09-22T11:00:14.3508159+05:30" testType="13cdc9d9-ddb5-4fa4-a97d-d965ccfc6d4b" outcome="NotExecuted" testListId="8c84fa94-04c1-424b-9868-57a2d4851a1d" relativeResultsDirectory="0c4f1d45-ccf5-4b30-89cf-b4a2399b25ea">
      <Output>
        <ErrorInfo>
          <Message>Set SURPLUSLINK_TEST_CONNECTION to PostgreSQL credentials with permission to create a disposable test database.</Message>
        </ErrorInfo>
      </Output>
    </UnitTestResult>
    <UnitTestResult executionId="708cf2bb-35a8-410d-ac2b-eab94f882716" testId="c680becf-e822-53d5-093c-afedc82fe450" testName="SurplusLink.Tests.CategoryAuthorizationTests.Anonymous_is_blocked_and_only_manager_can_write(role: &quot;MANAGER&quot;, method: &quot;POST&quot;, expected: 201)" computerName="LAPTOP-2QCBKKSM" duration="00:00:00.3476104" startTime="2026-09-22T11:00:18.6484095+05:30" endTime="2026-09-22T11:00:18.6484102+05:30" testType="13cdc9d9-ddb5-4fa4-a97d-d965ccfc6d4b" outcome="Passed" testListId="8c84fa94-04c1-424b-9868-57a2d4851a1d" relativeResultsDirectory="708cf2bb-35a8-410d-ac2b-eab94f882716" />
    <UnitTestResult executionId="e7252ae3-d407-4729-8627-f925b0687fc8" testId="8eb1a8cc-bb93-26d8-d27f-4c6c21b62825" testName="SurplusLink.Tests.SharedApiQualityTests.Invalid_model_returns_validation_problem_details" computerName="LAPTOP-2QCBKKSM" duration="00:00:00.0404307" startTime="2026-09-22T11:00:18.5398175+05:30" endTime="2026-09-22T11:00:18.5398182+05:30" testType="13cdc9d9-ddb5-4fa4-a97d-d965ccfc6d4b" outcome="Passed" testListId="8c84fa94-04c1-424b-9868-57a2d4851a1d" relativeResultsDirectory="e7252ae3-d407-4729-8627-f925b0687fc8" />
    <UnitTestResult executionId="af913b1d-b086-47a5-ac0d-21d42bdf35a1" testId="9f42b7d1-8a9b-c3bb-075c-9aef6087300f" testName="SurplusLink.Tests.DualRoleAuthTests.Public_registration_rejects_invalid_roles_before_database_access(roles: [])" computerName="LAPTOP-2QCBKKSM" duration="00:00:00.2273734" startTime="2026-09-22T11:00:19.5835798+05:30" endTime="2026-09-22T11:00:19.5835807+05:30" testType="13cdc9d9-ddb5-4fa4-a97d-d965ccfc6d4b" outcome="Passed" testListId="8c84fa94-04c1-424b-9868-57a2d4851a1d" relativeResultsDirectory="af913b1d-b086-47a5-ac0d-21d42bdf35a1" />
    <UnitTestResult executionId="380639b2-c17c-4319-ae00-8d634ced9de0" testId="ea61691b-709f-f593-6e3c-ed0eff35f7de" testName="SurplusLink.Tests.DualRoleAuthTests.Migrated_users_keep_ids_roles_ownership_and_manager_login" computerName="LAPTOP-2QCBKKSM" duration="00:00:00.0010000" startTime="2026-09-22T11:00:20.8463255+05:30" endTime="2026-09-22T11:00:20.8463261+05:30" testType="13cdc9d9-ddb5-4fa4-a97d-d965ccfc6d4b" outcome="NotExecuted" testListId="8c84fa94-04c1-424b-9868-57a2d4851a1d" relativeResultsDirectory="380639b2-c17c-4319-ae00-8d634ced9de0">
      <Output>
        <ErrorInfo>
          <Message>Set SURPLUSLINK_TEST_CONNECTION to PostgreSQL credentials with permission to create a disposable test database.</Message>
        </ErrorInfo>
      </Output>
    </UnitTestResult>
    <UnitTestResult executionId="924db80c-c8f0-41af-99a0-7c446ac36290" testId="b6485512-32b6-5a7d-b787-c4c5345c145c" testName="SurplusLink.Tests.ProfileAndPhotoTests.Photo_upload_requires_seller_and_stores_real_image_bytes(role: null, status: 401)" computerName="LAPTOP-2QCBKKSM" duration="00:00:00.3673852" startTime="2026-09-22T11:00:17.9365163+05:30" endTime="2026-09-22T11:00:17.9365171+05:30" testType="13cdc9d9-ddb5-4fa4-a97d-d965ccfc6d4b" outcome="Passed" testListId="8c84fa94-04c1-424b-9868-57a2d4851a1d" relativeResultsDirectory="924db80c-c8f0-41af-99a0-7c446ac36290" />
    <UnitTestResult executionId="bc63fe5c-5bc9-43a9-a418-6ef6637147f5" testId="df5c4c80-d85a-8f26-f7e6-fe2914dd1c38" testName="SurplusLink.Tests.SharedApiQualityTests.Cors_allows_only_configured_origins(origin: &quot;http://localhost:5173&quot;, shouldBeAllowed: True)" computerName="LAPTOP-2QCBKKSM" duration="00:00:00.0233355" startTime="2026-09-22T11:00:17.5148894+05:30" endTime="2026-09-22T11:00:17.5148897+05:30" testType="13cdc9d9-ddb5-4fa4-a97d-d965ccfc6d4b" outcome="Passed" testListId="8c84fa94-04c1-424b-9868-57a2d4851a1d" relativeResultsDirectory="bc63fe5c-5bc9-43a9-a418-6ef6637147f5" />
    <UnitTestResult executionId="8afa4a77-45b0-4df1-844e-1488e9dea770" testId="bf746912-6127-1963-41ed-f141f7f9bed7" testName="SurplusLink.Tests.MatchQueryTests.Sorts_have_stable_ties_and_unknown_routes_last(sort: &quot;score&quot;, direction: &quot;asc&quot;)" computerName="LAPTOP-2QCBKKSM" duration="00:00:00.0346133" startTime="2026-09-22T11:00:20.5793267+05:30" endTime="2026-09-22T11:00:20.5793273+05:30" testType="13cdc9d9-ddb5-4fa4-a97d-d965ccfc6d4b" outcome="Passed" testListId="8c84fa94-04c1-424b-9868-57a2d4851a1d" relativeResultsDirectory="8afa4a77-45b0-4df1-844e-1488e9dea770" />
    <UnitTestResult executionId="14b4b615-a183-4c86-9ed6-4c11c3d2c5c2" testId="bf014859-0a08-d9a5-0dee-047af57ff885" testName="SurplusLink.Tests.RoutingProviderTests.Invalid_payload_returns_safe_failure(body: &quot;{\&quot;routes\&quot;:[{\&quot;summary\&quot;:{\&quot;distance\&quot;:1000}}]}&quot;)" computerName="LAPTOP-2QCBKKSM" duration="00:00:00.0002633" startTime="2026-09-22T11:00:15.1773960+05:30" endTime="2026-09-22T11:00:15.1773961+05:30" testType="13cdc9d9-ddb5-4fa4-a97d-d965ccfc6d4b" outcome="Passed" testListId="8c84fa94-04c1-424b-9868-57a2d4851a1d" relativeResultsDirectory="14b4b615-a183-4c86-9ed6-4c11c3d2c5c2" />
    <UnitTestResult executionId="05963afc-0b9c-43b3-8524-eed5a54dbd3b" testId="fab38af0-bd87-6746-a582-7be990db1cd3" testName="SurplusLink.Tests.RoutingProviderTests.Provider_failure_does_not_echo_body(status: 500)" computerName="LAPTOP-2QCBKKSM" duration="00:00:00.0028650" startTime="2026-09-22T11:00:15.5812181+05:30" endTime="2026-09-22T11:00:15.5812189+05:30" testType="13cdc9d9-ddb5-4fa4-a97d-d965ccfc6d4b" outcome="Passed" testListId="8c84fa94-04c1-424b-9868-57a2d4851a1d" relativeResultsDirectory="05963afc-0b9c-43b3-8524-eed5a54dbd3b" />
    <UnitTestResult executionId="3b8dbf6a-080e-424e-9671-3e2adf28ba0e" testId="663f8c54-8c15-f623-c02a-678a2dd88e53" testName="SurplusLink.Tests.CategoryAuthorizationTests.Authenticated_roles_can_list_categories(role: &quot;BUYER&quot;)" computerName="LAPTOP-2QCBKKSM" duration="00:00:00.1346554" startTime="2026-09-22T11:00:21.1610877+05:30" endTime="2026-09-22T11:00:21.1610886+05:30" testType="13cdc9d9-ddb5-4fa4-a97d-d965ccfc6d4b" outcome="Passed" testListId="8c84fa94-04c1-424b-9868-57a2d4851a1d" relativeResultsDirectory="3b8dbf6a-080e-424e-9671-3e2adf28ba0e" />
    <UnitTestResult executionId="15e9ddf6-a178-4276-9ce0-87480429e369" testId="2a890950-b1e4-18ca-5e3c-75646c5d5480" testName="SurplusLink.Tests.AgentWorkflowIntegrationTests.Reject_and_revise_never_reserve_and_store_manager_decisions" computerName="LAPTOP-2QCBKKSM" duration="00:00:00.0010000" startTime="2026-09-22T11:00:15.2767120+05:30" endTime="2026-09-22T11:00:15.2767129+05:30" testType="13cdc9d9-ddb5-4fa4-a97d-d965ccfc6d4b" outcome="NotExecuted" testListId="8c84fa94-04c1-424b-9868-57a2d4851a1d" relativeResultsDirectory="15e9ddf6-a178-4276-9ce0-87480429e369">
      <Output>
        <ErrorInfo>
          <Message>Set SURPLUSLINK_TEST_CONNECTION to PostgreSQL credentials with permission to create a disposable test database.</Message>
        </ErrorInfo>
      </Output>
    </UnitTestResult>
    <UnitTestResult executionId="591a57a6-65d9-49aa-bde1-0960a92e2fcb" testId="ae77d70e-3bee-5f7a-29ce-ebf3680ab6d2" testName="SurplusLink.Tests.ProfileAndPhotoTests.Account_response_includes_profile_but_not_password_and_photo_paths_reject_active_content" computerName="LAPTOP-2QCBKKSM" duration="00:00:00.0106550" startTime="2026-09-22T11:00:19.2796055+05:30" endTime="2026-09-22T11:00:19.2796061+05:30" testType="13cdc9d9-ddb5-4fa4-a97d-d965ccfc6d4b" outcome="Passed" testListId="8c84fa94-04c1-424b-9868-57a2d4851a1d" relativeResultsDirectory="591a57a6-65d9-49aa-bde1-0960a92e2fcb" />
    <UnitTestResult executionId="73261175-7c7f-4d4b-a1ef-8ef724467a94" testId="cd9090de-2d6f-714e-bba7-53b7f434e1d1" testName="SurplusLink.Tests.SchemaIntegrityTests.Marketplace_entities_have_primary_and_foreign_keys" computerName="LAPTOP-2QCBKKSM" duration="00:00:00.1896186" startTime="2026-09-22T11:00:20.4560007+05:30" endTime="2026-09-22T11:00:20.4560013+05:30" testType="13cdc9d9-ddb5-4fa4-a97d-d965ccfc6d4b" outcome="Passed" testListId="8c84fa94-04c1-424b-9868-57a2d4851a1d" relativeResultsDirectory="73261175-7c7f-4d4b-a1ef-8ef724467a94" />
    <UnitTestResult executionId="3196ab2e-26e0-4113-952a-c67906852cc3" testId="bbaeea16-4950-0742-0520-58a5d74cb996" testName="SurplusLink.Tests.BuyerRequirementsIntegrationTests.Marketplace_role_matrix_preserves_listing_ownership_admin_boundaries_and_self_match_exclusion" computerName="LAPTOP-2QCBKKSM" duration="00:00:00.0010000" startTime="2026-09-22T11:00:14.3470912+05:30" endTime="2026-09-22T11:00:14.3470914+05:30" testType="13cdc9d9-ddb5-4fa4-a97d-d965ccfc6d4b" outcome="NotExecuted" testListId="8c84fa94-04c1-424b-9868-57a2d4851a1d" relativeResultsDirectory="3196ab2e-26e0-4113-952a-c67906852cc3">
      <Output>
        <ErrorInfo>
          <Message>Set SURPLUSLINK_TEST_CONNECTION to PostgreSQL credentials with permission to create a disposable test database.</Message>
        </ErrorInfo>
      </Output>
    </UnitTestResult>
    <UnitTestResult executionId="590c1e8e-3d3c-4887-bd27-d5a90a7b1d1d" testId="4d377490-7fda-8c11-8d00-6e89ec7fa169" testName="SurplusLink.Tests.SharedApiQualityTests.Unknown_route_returns_standard_problem_details" computerName="LAPTOP-2QCBKKSM" duration="00:00:00.0129669" startTime="2026-09-22T11:00:18.4976140+05:30" endTime="2026-09-22T11:00:18.4976149+05:30" testType="13cdc9d9-ddb5-4fa4-a97d-d965ccfc6d4b" outcome="Passed" testListId="8c84fa94-04c1-424b-9868-57a2d4851a1d" relativeResultsDirectory="590c1e8e-3d3c-4887-bd27-d5a90a7b1d1d" />
    <UnitTestResult executionId="490f030c-a5d6-4a98-a3bb-6fd1205754f3" testId="42ab700e-3635-4653-1bb9-2393ab802ecf" testName="SurplusLink.Tests.SchemaIntegrityTests.Required_unique_and_query_indexes_are_configured" computerName="LAPTOP-2QCBKKSM" duration="00:00:00.0059810" startTime="2026-09-22T11:00:20.4622530+05:30" endTime="2026-09-22T11:00:20.4622538+05:30" testType="13cdc9d9-ddb5-4fa4-a97d-d965ccfc6d4b" outcome="Passed" testListId="8c84fa94-04c1-424b-9868-57a2d4851a1d" relativeResultsDirectory="490f030c-a5d6-4a98-a3bb-6fd1205754f3" />
    <UnitTestResult executionId="04706ba1-de3f-40d9-8ccc-d941ac4b82fc" testId="fa17d458-ec60-f240-a175-e53079cfc540" testName="SurplusLink.Tests.MatchQueryTests.Sorts_have_stable_ties_and_unknown_routes_last(sort: &quot;distance&quot;, direction: &quot;desc&quot;)" computerName="LAPTOP-2QCBKKSM" duration="00:00:00.0203629" startTime="2026-09-22T11:00:20.5051735+05:30" endTime="2026-09-22T11:00:20.5051740+05:30" testType="13cdc9d9-ddb5-4fa4-a97d-d965ccfc6d4b" outcome="Passed" testListId="8c84fa94-04c1-424b-9868-57a2d4851a1d" relativeResultsDirectory="04706ba1-de3f-40d9-8ccc-d941ac4b82fc" />
    <UnitTestResult executionId="f81f7ece-3ab0-478e-89d5-7b74565e6041" testId="276af9cb-fa2b-3c7c-82cf-8aaf167b8e13" testName="SurplusLink.Tests.DualRoleAuthTests.Public_registration_rejects_invalid_roles_before_database_access(roles: [&quot;SELLER,BUYER&quot;])" computerName="LAPTOP-2QCBKKSM" duration="00:00:00.2631700" startTime="2026-09-22T11:00:18.5006581+05:30" endTime="2026-09-22T11:00:18.5006586+05:30" testType="13cdc9d9-ddb5-4fa4-a97d-d965ccfc6d4b" outcome="Passed" testListId="8c84fa94-04c1-424b-9868-57a2d4851a1d" relativeResultsDirectory="f81f7ece-3ab0-478e-89d5-7b74565e6041" />
    <UnitTestResult executionId="61ebf37a-5d7d-470e-9e87-215f6d9b3b98" testId="1a6ac37e-32fd-c463-3ed6-4569359ab972" testName="SurplusLink.Tests.CategoryAuthorizationTests.Authenticated_roles_can_list_categories(role: &quot;MANAGER&quot;)" computerName="LAPTOP-2QCBKKSM" duration="00:00:00.2314401" startTime="2026-09-22T11:00:20.8514247+05:30" endTime="2026-09-22T11:00:20.8514257+05:30" testType="13cdc9d9-ddb5-4fa4-a97d-d965ccfc6d4b" outcome="Passed" testListId="8c84fa94-04c1-424b-9868-57a2d4851a1d" relativeResultsDirectory="61ebf37a-5d7d-470e-9e87-215f6d9b3b98" />
    <UnitTestResult executionId="50d55df3-6077-4eef-86b4-d8cf5dc69521" testId="f408d3de-527b-fb31-cb05-ab10dbcadff6" testName="SurplusLink.Tests.ProfilePersistenceTests.Registration_and_self_profile_update_persist_contact_details" computerName="LAPTOP-2QCBKKSM" duration="00:00:00.0010000" startTime="2026-09-22T11:00:14.3495201+05:30" endTime="2026-09-22T11:00:14.3495204+05:30" testType="13cdc9d9-ddb5-4fa4-a97d-d965ccfc6d4b" outcome="NotExecuted" testListId="8c84fa94-04c1-424b-9868-57a2d4851a1d" relativeResultsDirectory="50d55df3-6077-4eef-86b4-d8cf5dc69521">
      <Output>
        <ErrorInfo>
          <Message>Set SURPLUSLINK_TEST_CONNECTION to PostgreSQL credentials with permission to create a disposable test database.</Message>
        </ErrorInfo>
      </Output>
    </UnitTestResult>
    <UnitTestResult executionId="ec7e803e-dae9-462d-97b1-02b7f0f8509a" testId="13a10165-6e45-4adc-874b-56cb58ca68ec" testName="SurplusLink.Tests.RoutingProviderTests.Provider_failure_does_not_echo_body(status: 401)" computerName="LAPTOP-2QCBKKSM" duration="00:00:00.0009970" startTime="2026-09-22T11:00:15.5824474+05:30" endTime="2026-09-22T11:00:15.5824483+05:30" testType="13cdc9d9-ddb5-4fa4-a97d-d965ccfc6d4b" outcome="Passed" testListId="8c84fa94-04c1-424b-9868-57a2d4851a1d" relativeResultsDirectory="ec7e803e-dae9-462d-97b1-02b7f0f8509a" />
    <UnitTestResult executionId="2349de1e-23c1-4012-8915-b350b4e37737" testId="706ab7ec-04f1-0cc1-0f4d-d3c552347f8e" testName="SurplusLink.Tests.LocationReverseGeocodingTests.Reverse_converts_provider_failures_to_controlled_exception" computerName="LAPTOP-2QCBKKSM" duration="00:00:00.9018977" startTime="2026-09-22T11:00:16.1123675+05:30" endTime="2026-09-22T11:00:16.1123687+05:30" testType="13cdc9d9-ddb5-4fa4-a97d-d965ccfc6d4b" outcome="Passed" testListId="8c84fa94-04c1-424b-9868-57a2d4851a1d" relativeResultsDirectory="2349de1e-23c1-4012-8915-b350b4e37737" />
    <UnitTestResult executionId="ddbb2129-8c33-4dec-acbd-a570eefd0f6d" testId="8be01f15-3f36-293d-44c1-463f41957a38" testName="SurplusLink.Tests.TransactionQueryIntegrationTests.Offer_decisions_are_audited_and_query_validation_is_enforced" computerName="LAPTOP-2QCBKKSM" duration="00:00:00.0010000" startTime="2026-09-22T11:00:14.3503349+05:30" endTime="2026-09-22T11:00:14.3503351+05:30" testType="13cdc9d9-ddb5-4fa4-a97d-d965ccfc6d4b" outcome="NotExecuted" testListId="8c84fa94-04c1-424b-9868-57a2d4851a1d" relativeResultsDirectory="ddbb2129-8c33-4dec-acbd-a570eefd0f6d">
      <Output>
        <ErrorInfo>
          <Message>Set SURPLUSLINK_TEST_CONNECTION to PostgreSQL credentials with permission to create a disposable test database.</Message>
        </ErrorInfo>
      </Output>
    </UnitTestResult>
    <UnitTestResult executionId="65060d0c-ebcd-45b6-9d8b-9c05fb481c11" testId="95bca3fb-d0a8-cadc-cebd-1649cbaadda7" testName="SurplusLink.Tests.CategoryAuthorizationTests.Authenticated_roles_can_list_categories(role: &quot;SELLER&quot;)" computerName="LAPTOP-2QCBKKSM" duration="00:00:00.1718931" startTime="2026-09-22T11:00:21.0247798+05:30" endTime="2026-09-22T11:00:21.0247805+05:30" testType="13cdc9d9-ddb5-4fa4-a97d-d965ccfc6d4b" outcome="Passed" testListId="8c84fa94-04c1-424b-9868-57a2d4851a1d" relativeResultsDirectory="65060d0c-ebcd-45b6-9d8b-9c05fb481c11" />
    <UnitTestResult executionId="02090dea-8358-474e-90ce-a25380a908e9" testId="e2431452-2cb9-66ab-99ce-811221a7220b" testName="SurplusLink.Tests.DualRoleAuthTests.Public_registration_rejects_invalid_roles_before_database_access(roles: [&quot;MANAGER&quot;])" computerName="LAPTOP-2QCBKKSM" duration="00:00:00.2040844" startTime="2026-09-22T11:00:20.5907705+05:30" endTime="2026-09-22T11:00:20.5907713+05:30" testType="13cdc9d9-ddb5-4fa4-a97d-d965ccfc6d4b" outcome="Passed" testListId="8c84fa94-04c1-424b-9868-57a2d4851a1d" relativeResultsDirectory="02090dea-8358-474e-90ce-a25380a908e9" />
    <UnitTestResult executionId="fcec3d4c-9ba5-471a-9474-16090ffbb201" testId="58b42fca-ddd7-45fc-f427-3f691da0e846" testName="SurplusLink.Tests.RoutingProviderTests.Invalid_payload_returns_safe_failure(body: &quot;{\&quot;routes\&quot;:[{\&quot;summary\&quot;:{\&quot;distance\&quot;:\&quot;1000\&quot;,\&quot;···)" computerName="LAPTOP-2QCBKKSM" duration="00:00:00.0002627" startTime="2026-09-22T11:00:15.1773133+05:30" endTime="2026-09-22T11:00:15.1773134+05:30" testType="13cdc9d9-ddb5-4fa4-a97d-d965ccfc6d4b" outcome="Passed" testListId="8c84fa94-04c1-424b-9868-57a2d4851a1d" relativeResultsDirectory="fcec3d4c-9ba5-471a-9474-16090ffbb201" />
    <UnitTestResult executionId="e7f1ba81-85ba-4958-ab3d-49b89383ea0e" testId="29533f96-6929-1bbf-d539-3c32a99b1d5d" testName="SurplusLink.Tests.RoutingProviderTests.Invalid_payload_returns_safe_failure(body: &quot;{\&quot;routes\&quot;:[]}&quot;)" computerName="LAPTOP-2QCBKKSM" duration="00:00:00.0004833" startTime="2026-09-22T11:00:15.1755818+05:30" endTime="2026-09-22T11:00:15.1755823+05:30" testType="13cdc9d9-ddb5-4fa4-a97d-d965ccfc6d4b" outcome="Passed" testListId="8c84fa94-04c1-424b-9868-57a2d4851a1d" relativeResultsDirectory="e7f1ba81-85ba-4958-ab3d-49b89383ea0e" />
    <UnitTestResult executionId="60759691-3f50-4db6-9355-49acc5058df0" testId="df8bd86b-c45c-0733-a240-fdbd15682be2" testName="SurplusLink.Tests.MaterialListingQueryBuilderTests.Search_matches_title_description_and_category" computerName="LAPTOP-2QCBKKSM" duration="00:00:00.0465097" startTime="2026-09-22T11:00:15.1196284+05:30" endTime="2026-09-22T11:00:15.1196295+05:30" testType="13cdc9d9-ddb5-4fa4-a97d-d965ccfc6d4b" outcome="Passed" testListId="8c84fa94-04c1-424b-9868-57a2d4851a1d" relativeResultsDirectory="60759691-3f50-4db6-9355-49acc5058df0" />
    <UnitTestResult executionId="03fb850d-5e63-4bf4-a652-9bf46446e64e" testId="ecd18759-c0e2-ca9c-7623-5909588edb50" testName="SurplusLink.Tests.RoutingProviderTests.Provider_failure_does_not_echo_body(status: 302)" computerName="LAPTOP-2QCBKKSM" duration="00:00:00.0002326" startTime="2026-09-22T11:00:15.5841463+05:30" endTime="2026-09-22T11:00:15.5841465+05:30" testType="13cdc9d9-ddb5-4fa4-a97d-d965ccfc6d4b" outcome="Passed" testListId="8c84fa94-04c1-424b-9868-57a2d4851a1d" relativeResultsDirectory="03fb850d-5e63-4bf4-a652-9bf46446e64e" />
    <UnitTestResult executionId="b2e3fff6-30d7-4ede-9c5e-1662d983350d" testId="970f49a8-39ab-eb69-53a5-c6f0ea458c23" testName="SurplusLink.Tests.LocationReverseGeocodingTests.Controller_rejects_coordinates_outside_allowed_ranges" computerName="LAPTOP-2QCBKKSM" duration="00:00:00.0370690" startTime="2026-09-22T11:00:15.2098023+05:30" endTime="2026-09-22T11:00:15.2098041+05:30" testType="13cdc9d9-ddb5-4fa4-a97d-d965ccfc6d4b" outcome="Passed" testListId="8c84fa94-04c1-424b-9868-57a2d4851a1d" relativeResultsDirectory="b2e3fff6-30d7-4ede-9c5e-1662d983350d" />
    <UnitTestResult executionId="08f58885-5772-421c-9768-50b17c425bb6" testId="33cd7efd-d0b0-e887-b175-554ba00676e6" testName="SurplusLink.Tests.MarketplaceRoleIntegrityTests.Database_rejects_self_dealing_offers_and_transactions" computerName="LAPTOP-2QCBKKSM" duration="00:00:00.0010000" startTime="2026-09-22T11:00:15.2091532+05:30" endTime="2026-09-22T11:00:15.2091535+05:30" testType="13cdc9d9-ddb5-4fa4-a97d-d965ccfc6d4b" outcome="NotExecuted" testListId="8c84fa94-04c1-424b-9868-57a2d4851a1d" relativeResultsDirectory="08f58885-5772-421c-9768-50b17c425bb6">
      <Output>
        <ErrorInfo>
          <Message>Set SURPLUSLINK_TEST_CONNECTION to PostgreSQL credentials with permission to create a disposable test database.</Message>
        </ErrorInfo>
      </Output>
    </UnitTestResult>
    <UnitTestResult executionId="a6004743-819c-4bf9-983c-2cca9a7004dc" testId="9cdea668-be24-c40c-eebf-6aff8aaa1bcc" testName="SurplusLink.Tests.SchemaIntegrityTests.Auditable_entities_have_utc_timestamps_and_categories_are_seeded" computerName="LAPTOP-2QCBKKSM" duration="00:00:00.0043731" startTime="2026-09-22T11:00:20.4924415+05:30" endTime="2026-09-22T11:00:20.4924420+05:30" testType="13cdc9d9-ddb5-4fa4-a97d-d965ccfc6d4b" outcome="Passed" testListId="8c84fa94-04c1-424b-9868-57a2d4851a1d" relativeResultsDirectory="a6004743-819c-4bf9-983c-2cca9a7004dc" />
    <UnitTestResult executionId="a3756da9-5bd0-47a4-975c-e0297ef38e5c" testId="b144911a-082b-dd85-704b-cf050393b5ed" testName="SurplusLink.Tests.WorkflowPersistenceTests.Actual_FastApi_graph_maps_back_to_postgres_without_inventory_mutations" computerName="LAPTOP-2QCBKKSM" duration="00:00:00.0010000" startTime="2026-09-22T11:00:14.3512612+05:30" endTime="2026-09-22T11:00:14.3512614+05:30" testType="13cdc9d9-ddb5-4fa4-a97d-d965ccfc6d4b" outcome="NotExecuted" testListId="8c84fa94-04c1-424b-9868-57a2d4851a1d" relativeResultsDirectory="a3756da9-5bd0-47a4-975c-e0297ef38e5c">
      <Output>
        <ErrorInfo>
          <Message>Set the isolated PostgreSQL test connection, running FastAPI test URL and shared test token.</Message>
        </ErrorInfo>
      </Output>
    </UnitTestResult>
    <UnitTestResult executionId="c70a2c2a-6a95-48b7-b46f-1ac71b27c5f1" testId="ebdd42a5-453a-1750-fed8-c040368b0f4f" testName="SurplusLink.Tests.AuthValidationTests.Public_registration_rejects_manager_role" computerName="LAPTOP-2QCBKKSM" duration="00:00:00.0362395" startTime="2026-09-22T11:00:15.2079651+05:30" endTime="2026-09-22T11:00:15.2079657+05:30" testType="13cdc9d9-ddb5-4fa4-a97d-d965ccfc6d4b" outcome="Passed" testListId="8c84fa94-04c1-424b-9868-57a2d4851a1d" relativeResultsDirectory="c70a2c2a-6a95-48b7-b46f-1ac71b27c5f1" />
    <UnitTestResult executionId="e5af470d-30a1-4afe-80c2-1cc699b08ad4" testId="c94be8c1-a0e7-d205-3f10-b7fe570ea33f" testName="SurplusLink.Tests.CategoryAuthorizationTests.Anonymous_is_blocked_and_only_manager_can_write(role: &quot;MANAGER&quot;, method: &quot;PUT&quot;, expected: 200)" computerName="LAPTOP-2QCBKKSM" duration="00:00:00.2458114" startTime="2026-09-22T11:00:20.4270337+05:30" endTime="2026-09-22T11:00:20.4270344+05:30" testType="13cdc9d9-ddb5-4fa4-a97d-d965ccfc6d4b" outcome="Passed" testListId="8c84fa94-04c1-424b-9868-57a2d4851a1d" relativeResultsDirectory="e5af470d-30a1-4afe-80c2-1cc699b08ad4" />
    <UnitTestResult executionId="5b19288d-79bd-47ba-b68b-864a1ba3ca89" testId="ef05d64f-8cdd-52cb-7895-8de8e3ca6ff2" testName="SurplusLink.Tests.DualRoleAuthTests.Public_registration_rejects_invalid_roles_before_database_access(roles: [&quot;SELLER&quot;, &quot;MANAGER&quot;])" computerName="LAPTOP-2QCBKKSM" duration="00:00:03.3133279" startTime="2026-09-22T11:00:17.5607309+05:30" endTime="2026-09-22T11:00:17.5607320+05:30" testType="13cdc9d9-ddb5-4fa4-a97d-d965ccfc6d4b" outcome="Passed" testListId="8c84fa94-04c1-424b-9868-57a2d4851a1d" relativeResultsDirectory="5b19288d-79bd-47ba-b68b-864a1ba3ca89" />
    <UnitTestResult executionId="36f4f645-15ef-4d07-a103-476eeb6f23b5" testId="8b06fdbb-cd09-1169-2dff-21765e6c8774" testName="SurplusLink.Tests.MatchIntegrationTests.Empty_analytics_and_legacy_matches_do_not_invent_routes_or_history" computerName="LAPTOP-2QCBKKSM" duration="00:00:00.0010000" startTime="2026-09-22T11:00:14.3349704+05:30" endTime="2026-09-22T11:00:14.3349706+05:30" testType="13cdc9d9-ddb5-4fa4-a97d-d965ccfc6d4b" outcome="NotExecuted" testListId="8c84fa94-04c1-424b-9868-57a2d4851a1d" relativeResultsDirectory="36f4f645-15ef-4d07-a103-476eeb6f23b5">
      <Output>
        <ErrorInfo>
          <Message>Set SURPLUSLINK_TEST_CONNECTION to PostgreSQL credentials with permission to create a disposable test database.</Message>
        </ErrorInfo>
      </Output>
    </UnitTestResult>
    <UnitTestResult executionId="ac2fd7b1-0f4a-4848-b31e-0befebf62cd4" testId="2736970f-5f8a-8dcb-b8a5-d419978b99bc" testName="SurplusLink.Tests.DualRoleAuthTests.Public_registration_rejects_invalid_roles_before_database_access(roles: [null])" computerName="LAPTOP-2QCBKKSM" duration="00:00:00.3752566" startTime="2026-09-22T11:00:17.9386435+05:30" endTime="2026-09-22T11:00:17.9386447+05:30" testType="13cdc9d9-ddb5-4fa4-a97d-d965ccfc6d4b" outcome="Passed" testListId="8c84fa94-04c1-424b-9868-57a2d4851a1d" relativeResultsDirectory="ac2fd7b1-0f4a-4848-b31e-0befebf62cd4" />
    <UnitTestResult executionId="78037638-342a-43ce-9fd5-1c181a1e7099" testId="21343688-8d11-75ab-6832-107ff190439f" testName="SurplusLink.Tests.RoutingProviderTests.Provider_failure_does_not_echo_body(status: 503)" computerName="LAPTOP-2QCBKKSM" duration="00:00:00.0000928" startTime="2026-09-22T11:00:15.5842503+05:30" endTime="2026-09-22T11:00:15.5842504+05:30" testType="13cdc9d9-ddb5-4fa4-a97d-d965ccfc6d4b" outcome="Passed" testListId="8c84fa94-04c1-424b-9868-57a2d4851a1d" relativeResultsDirectory="78037638-342a-43ce-9fd5-1c181a1e7099" />
    <UnitTestResult executionId="0c7991e6-3ea3-4187-939b-dfe273489a45" testId="8cb89f8a-7ccd-6a77-fe8e-9c04004c26aa" testName="SurplusLink.Tests.MatchIntegrationTests.Self_match_is_rejected_and_failed_writes_leave_no_audit_entries" computerName="LAPTOP-2QCBKKSM" duration="00:00:00.0010000" startTime="2026-09-22T11:00:14.3298690+05:30" endTime="2026-09-22T11:00:14.3298695+05:30" testType="13cdc9d9-ddb5-4fa4-a97d-d965ccfc6d4b" outcome="NotExecuted" testListId="8c84fa94-04c1-424b-9868-57a2d4851a1d" relativeResultsDirectory="0c7991e6-3ea3-4187-939b-dfe273489a45">
      <Output>
        <ErrorInfo>
          <Message>Set SURPLUSLINK_TEST_CONNECTION to PostgreSQL credentials with permission to create a disposable test database.</Message>
        </ErrorInfo>
      </Output>
    </UnitTestResult>
    <UnitTestResult executionId="f8ec7ee4-938e-46fc-8818-1133d818178c" testId="c684dbfe-3a08-8993-dbd6-ce9d1cae4f7c" testName="SurplusLink.Tests.RequirementQueriesAndHistoryTests.Every_sort_direction_is_stable_across_pages" computerName="LAPTOP-2QCBKKSM" duration="00:00:00.0010000" startTime="2026-09-22T11:00:14.3376115+05:30" endTime="2026-09-22T11:00:14.3376121+05:30" testType="13cdc9d9-ddb5-4fa4-a97d-d965ccfc6d4b" outcome="NotExecuted" testListId="8c84fa94-04c1-424b-9868-57a2d4851a1d" relativeResultsDirectory="f8ec7ee4-938e-46fc-8818-1133d818178c">
      <Output>
        <ErrorInfo>
          <Message>Set SURPLUSLINK_TEST_CONNECTION to PostgreSQL credentials with permission to create a disposable test database.</Message>
        </ErrorInfo>
      </Output>
    </UnitTestResult>
    <UnitTestResult executionId="8439496a-b819-4ef6-8cc6-35b70e19c58b" testId="ce1c2694-0bb8-d974-f5ae-30af7f438cfe" testName="SurplusLink.Tests.WorkflowExecutionTests.Permanent_http_failure_is_not_retried(status: UnprocessableEntity)" computerName="LAPTOP-2QCBKKSM" duration="00:00:00.0059905" startTime="2026-09-22T11:00:16.4060905+05:30" endTime="2026-09-22T11:00:16.4060911+05:30" testType="13cdc9d9-ddb5-4fa4-a97d-d965ccfc6d4b" outcome="Passed" testListId="8c84fa94-04c1-424b-9868-57a2d4851a1d" relativeResultsDirectory="8439496a-b819-4ef6-8cc6-35b70e19c58b" />
    <UnitTestResult executionId="b219d25e-91b1-4d94-83ff-5b97a5d00c14" testId="3eba94ac-3b19-9a19-80eb-8c8e71b0fb44" testName="SurplusLink.Tests.WorkflowExecutionTests.Http_client_authenticates_retries_transient_failure_and_roundtrips_decimal_result" computerName="LAPTOP-2QCBKKSM" duration="00:00:01.0914901" startTime="2026-09-22T11:00:15.3511437+05:30" endTime="2026-09-22T11:00:15.3511445+05:30" testType="13cdc9d9-ddb5-4fa4-a97d-d965ccfc6d4b" outcome="Passed" testListId="8c84fa94-04c1-424b-9868-57a2d4851a1d" relativeResultsDirectory="b219d25e-91b1-4d94-83ff-5b97a5d00c14" />
    <UnitTestResult executionId="604763a8-1d0e-44bc-95ca-83e52dd01abf" testId="68f6d09c-620d-a981-be59-7912da3ff0f8" testName="SurplusLink.Tests.AgentWorkflowIntegrationTests.Manager_approval_reserves_once_and_decisions_are_audited" computerName="LAPTOP-2QCBKKSM" duration="00:00:00.0010000" startTime="2026-09-22T11:00:15.2776929+05:30" endTime="2026-09-22T11:00:15.2776933+05:30" testType="13cdc9d9-ddb5-4fa4-a97d-d965ccfc6d4b" outcome="NotExecuted" testListId="8c84fa94-04c1-424b-9868-57a2d4851a1d" relativeResultsDirectory="604763a8-1d0e-44bc-95ca-83e52dd01abf">
      <Output>
        <ErrorInfo>
          <Message>Set SURPLUSLINK_TEST_CONNECTION to PostgreSQL credentials with permission to create a disposable test database.</Message>
        </ErrorInfo>
      </Output>
    </UnitTestResult>
    <UnitTestResult executionId="c5f8f1fd-6896-47c0-9e5a-cfcb9659a90b" testId="18efa59b-1309-d8f7-8abd-f40651dcac49" testName="SurplusLink.Tests.WorkflowPersistenceTests.Queue_to_approval_persists_real_steps_and_tools_without_reserving_and_only_runs_once" computerName="LAPTOP-2QCBKKSM" duration="00:00:00.0010000" startTime="2026-09-22T11:00:14.3570850+05:30" endTime="2026-09-22T11:00:14.3570853+05:30" testType="13cdc9d9-ddb5-4fa4-a97d-d965ccfc6d4b" outcome="NotExecuted" testListId="8c84fa94-04c1-424b-9868-57a2d4851a1d" relativeResultsDirectory="c5f8f1fd-6896-47c0-9e5a-cfcb9659a90b">
      <Output>
        <ErrorInfo>
          <Message>Set SURPLUSLINK_TEST_CONNECTION to PostgreSQL credentials with permission to create a disposable test database.</Message>
        </ErrorInfo>
      </Output>
    </UnitTestResult>
    <UnitTestResult executionId="73c98744-b4f8-4cbb-80bd-52c1b7bb8d9e" testId="c4382a7f-efce-3133-fa83-2fb0e0e3395b" testName="SurplusLink.Tests.ProfileAndPhotoTests.Photo_upload_requires_seller_and_stores_real_image_bytes(role: &quot;BUYER&quot;, status: 403)" computerName="LAPTOP-2QCBKKSM" duration="00:00:00.2887997" startTime="2026-09-22T11:00:18.2345921+05:30" endTime="2026-09-22T11:00:18.2345929+05:30" testType="13cdc9d9-ddb5-4fa4-a97d-d965ccfc6d4b" outcome="Passed" testListId="8c84fa94-04c1-424b-9868-57a2d4851a1d" relativeResultsDirectory="73c98744-b4f8-4cbb-80bd-52c1b7bb8d9e" />
[...]
{"Timestamp":"2026-09-22T05:30:21.111Z","EventId":12,"LogLevel":"Warning","Category":"Microsoft.AspNetCore.DataProtection.KeyManagement.DefaultKeyResolver","Message":"Key {5dfe63fe-ea6f-4068-a771-3f2e7ef01991} is ineligible to be the default key because its CreateEncryptor method failed.","Exception":"System.Security.Cryptography.CryptographicException: Error occurred during a cryptographic operation.\r\n   at Microsoft.AspNetCore.DataProtection.Cng.DpapiSecretSerializerHelper.UnprotectWithDpapiCore(Byte* pbProtectedData, UInt32 cbProtectedData, Byte* pbOptionalEntropy, UInt32 cbOptionalEntropy)\r\n   at Microsoft.AspNetCore.DataProtection.Cng.DpapiSecretSerializerHelper.UnprotectWithDpapi(Byte[] protectedSecret)\r\n   at Microsoft.AspNetCore.DataProtection.XmlEncryption.DpapiXmlDecryptor.Decrypt(XElement encryptedElement)\r\n   at Microsoft.AspNetCore.DataProtection.XmlEncryption.XmlEncryptionExtensions.DecryptElement(XElement element, IActivator activator)\r\n   at Microsoft.AspNetCore.DataProtection.KeyManagement.XmlKeyManager.Microsoft.AspNetCore.DataProtection.KeyManagement.Internal.IInternalXmlKeyManager.DeserializeDescriptorFromKeyElement(XElement keyElement)\r\n   at System.Lazy\u00601.ViaFactory(LazyThreadSafetyMode mode)\r\n--- End of stack trace from previous location ---\r\n   at System.Lazy\u00601.CreateValue()\r\n   at Microsoft.AspNetCore.DataProtection.AuthenticatedEncryption.CngGcmAuthenticatedEncryptorFactory.CreateEncryptorInstance(IKey key)\r\n   at Microsoft.AspNetCore.DataProtection.KeyManagement.KeyBase.CreateEncryptor()\r\n   at Microsoft.AspNetCore.DataProtection.KeyManagement.DefaultKeyResolver.CanCreateAuthenticatedEncryptor(IKey key)","State":{"Message":"Key {5dfe63fe-ea6f-4068-a771-3f2e7ef01991} is ineligible to be the default key because its CreateEncryptor method failed.","KeyId":"5dfe63fe-ea6f-4068-a771-3f2e7ef01991","MethodName":"CreateEncryptor","{OriginalFormat}":"Key {KeyId:B} is ineligible to be the default key because its {MethodName} method failed."},"Scopes":[]}&#xD;
{"Timestamp":"2026-09-22T05:30:21.115Z","EventId":48,"LogLevel":"Error","Category":"Microsoft.AspNetCore.DataProtection.KeyManagement.KeyRingProvider","Message":"An error occurred while reading the key ring.","Exception":"System.UnauthorizedAccessException: Access to the path \u0027C:\\Users\\Dimuthu_K\\AppData\\Local\\ASP.NET\\DataProtection-Keys\\c758d90a-e85c-4e66-a63c-a99e56fac92d.tmp\u0027 is denied.\r\n   at Microsoft.Win32.SafeHandles.SafeFileHandle.CreateFile(String fullPath, FileMode mode, FileAccess access, FileShare share, FileOptions options)\r\n   at Microsoft.Win32.SafeHandles.SafeFileHandle.Open(String fullPath, FileMode mode, FileAccess access, FileShare share, FileOptions options, Int64 preallocationSize, Nullable\u00601 unixCreateMode)\r\n   at System.IO.Strategies.OSFileStreamStrategy..ctor(String path, FileMode mode, FileAccess access, FileShare share, FileOptions options, Int64 preallocationSize, Nullable\u00601 unixCreateMode)\r\n   at System.IO.Strategies.FileStreamHelpers.ChooseStrategyCore(String path, FileMode mode, FileAccess access, FileShare share, FileOptions options, Int64 preallocationSize, Nullable\u00601 unixCreateMode)\r\n   at System.IO.File.OpenWrite(String path)\r\n   at Microsoft.AspNetCore.DataProtection.Repositories.FileSystemXmlRepository.StoreElementCore(XElement element, String filename)\r\n   at Microsoft.AspNetCore.DataProtection.Repositories.FileSystemXmlRepository.StoreElement(XElement element, String friendlyName)\r\n   at Microsoft.AspNetCore.DataProtection.KeyManagement.XmlKeyManager.Microsoft.AspNetCore.DataProtection.KeyManagement.Internal.IInternalXmlKeyManager.CreateNewKey(Guid keyId, DateTimeOffset creationDate, DateTimeOffset activationDate, DateTimeOffset expirationDate)\r\n   at Microsoft.AspNetCore.DataProtection.KeyManagement.XmlKeyManager.CreateNewKey(DateTimeOffset activationDate, DateTimeOffset expirationDate)\r\n   at Microsoft.AspNetCore.DataProtection.KeyManagement.KeyRingProvider.CreateCacheableKeyRingCore(DateTimeOffset now, IKey keyJustAdded)\r\n   at Microsoft.AspNetCore.DataProtection.KeyManagement.KeyRingProvider.GetCurrentKeyRingCore(DateTime utcNow, Boolean forceRefresh)","State":{"Message":"An error occurred while reading the key ring.","{OriginalFormat}":"An error occurred while reading the key ring."},"Scopes":[]}&#xD;
{"Timestamp":"2026-09-22T05:30:21.138Z","EventId":3,"LogLevel":"Warning","Category":"Microsoft.AspNetCore.HttpsPolicy.HttpsRedirectionMiddleware","Message":"Failed to determine the https port for redirect.","State":{"Message":"Failed to determine the https port for redirect.","{OriginalFormat}":"Failed to determine the https port for redirect."},"Scopes":[{"Message":"SpanId:68339f38fef511aa, TraceId:a8abe585ed438d1cea752a84e9efaefc, ParentId:0000000000000000","SpanId":"68339f38fef511aa","TraceId":"a8abe585ed438d1cea752a84e9efaefc","ParentId":"0000000000000000"},{"Message":"RequestPath:/api/material-categories RequestId:0HNOODAAVH6DT","RequestId":"0HNOODAAVH6DT","RequestPath":"/api/material-categories"}]}&#xD;
{"Timestamp":"2026-09-22T05:30:21.151Z","EventId":0,"LogLevel":"Information","Category":"SurplusLink.Api.Observability.RequestLoggingMiddleware","Message":"HTTP GET /api/material-categories responded 200 in 15.2171 ms; trace identifier 0HNOODAAVH6DT","State":{"Message":"HTTP GET /api/material-categories responded 200 in 15.2171 ms; trace identifier 0HNOODAAVH6DT","RequestMethod":"GET","RequestPath":"/api/material-categories","StatusCode":200,"ElapsedMilliseconds":15.2171,"TraceId":"0HNOODAAVH6DT","{OriginalFormat}":"HTTP {RequestMethod} {RequestPath} responded {StatusCode} in {ElapsedMilliseconds} ms; trace identifier {TraceId}"},"Scopes":[{"Message":"SpanId:68339f38fef511aa, TraceId:a8abe585ed438d1cea752a84e9efaefc, ParentId:0000000000000000","SpanId":"68339f38fef511aa","TraceId":"a8abe585ed438d1cea752a84e9efaefc","ParentId":"0000000000000000"},{"Message":"RequestPath:/api/material-categories RequestId:0HNOODAAVH6DT","RequestId":"0HNOODAAVH6DT","RequestPath":"/api/material-categories"}]}&#xD;
[xUnit.net 00:00:09.61]   Finished:    SurplusLink.Tests&#xD;
Test 'SurplusLink.Tests.DualRoleAuthTests.Migrated_users_keep_ids_roles_ownership_and_manager_login' was skipped in the test run.&#xD;
Test 'SurplusLink.Tests.DualRoleAuthTests.Registration_login_me_and_permissions_cover_all_marketplace_role_combinations' was skipped in the test run.&#xD;
</StdOut>
    </Output>
    <RunInfos>
      <RunInfo computerName="LAPTOP-2QCBKKSM" outcome="Warning" timestamp="2026-09-22T11:00:14.3242156+05:30">
        <Text>[xUnit.net 00:00:02.72]     SurplusLink.Tests.UserRoleMigrationTests.Migration_round_trips_single_roles_rejects_duplicates_and_refuses_lossy_rollback [SKIP]</Text>
      </RunInfo>
      <RunInfo computerName="LAPTOP-2QCBKKSM" outcome="Warning" timestamp="2026-09-22T11:00:14.3252203+05:30">
        <Text>[xUnit.net 00:00:02.73]     SurplusLink.Tests.RequirementQueriesAndHistoryTests.History_records_operations_and_status_pairs_and_enforces_access [SKIP]</Text>
      </RunInfo>
      <RunInfo computerName="LAPTOP-2QCBKKSM" outcome="Warning" timestamp="2026-09-22T11:00:14.4073014+05:30">
        <Text>[xUnit.net 00:00:02.76]     SurplusLink.Tests.MatchIntegrationTests.Self_match_is_rejected_and_failed_writes_leave_no_audit_entries [SKIP]</Text>
      </RunInfo>
      <RunInfo computerName="LAPTOP-2QCBKKSM" outcome="Warning" timestamp="2026-09-22T11:00:14.4074306+05:30">
        <Text>[xUnit.net 00:00:02.77]     SurplusLink.Tests.MatchIntegrationTests.Filters_totals_sorting_and_pagination_are_requirement_scoped [SKIP]</Text>
      </RunInfo>
      <RunInfo computerName="LAPTOP-2QCBKKSM" outcome="Warning" timestamp="2026-09-22T11:00:14.4075366+05:30">
        <Text>[xUnit.net 00:00:02.77]     SurplusLink.Tests.MatchIntegrationTests.Concurrent_rejection_prevents_stale_rank_and_rolls_back_its_audit [SKIP]</Text>
      </RunInfo>
      <RunInfo computerName="LAPTOP-2QCBKKSM" outcome="Warning" timestamp="2026-09-22T11:00:14.4076339+05:30">
        <Text>[xUnit.net 00:00:02.77]     SurplusLink.Tests.MatchIntegrationTests.Empty_analytics_and_legacy_matches_do_not_invent_routes_or_history [SKIP]</Text>
      </RunInfo>
      <RunInfo computerName="LAPTOP-2QCBKKSM" outcome="Warning" timestamp="2026-09-22T11:00:14.4077275+05:30">
        <Text>[xUnit.net 00:00:02.77]     SurplusLink.Tests.RequirementQueriesAndHistoryTests.Analytics_returns_consistent_counts_upcoming_preview_and_unit_aware_averages [SKIP]</Text>
      </RunInfo>
      <RunInfo computerName="LAPTOP-2QCBKKSM" outcome="Warning" timestamp="2026-09-22T11:00:14.4078269+05:30">
        <Text>[xUnit.net 00:00:02.77]     SurplusLink.Tests.MatchIntegrationTests.History_and_analytics_track_actions_and_route_attempts_with_access_control [SKIP]</Text>
      </RunInfo>
      <RunInfo computerName="LAPTOP-2QCBKKSM" outcome="Warning" timestamp="2026-09-22T11:00:14.4079120+05:30">
        <Text>[xUnit.net 00:00:02.77]     SurplusLink.Tests.MatchIntegrationTests.Other_sellers_still_obey_every_existing_candidate_eligibility_rule [SKIP]</Text>
      </RunInfo>
      <RunInfo computerName="LAPTOP-2QCBKKSM" outcome="Warning" timestamp="2026-09-22T11:00:14.4080104+05:30">
        <Text>[xUnit.net 00:00:02.77]     SurplusLink.Tests.RequirementQueriesAndHistoryTests.Concurrent_start_and_future_tracked_status_changes_are_audited_atomically [SKIP]</Text>
      </RunInfo>
      <RunInfo computerName="LAPTOP-2QCBKKSM" outcome="Warning" timestamp="2026-09-22T11:00:14.4081001+05:30">
        <Text>[xUnit.net 00:00:02.77]     SurplusLink.Tests.RequirementQueriesAndHistoryTests.Every_sort_direction_is_stable_across_pages [SKIP]</Text>
      </RunInfo>
      <RunInfo computerName="LAPTOP-2QCBKKSM" outcome="Warning" timestamp="2026-09-22T11:00:14.4104555+05:30">
        <Text>[xUnit.net 00:00:02.78]     SurplusLink.Tests.RequirementQueriesAndHistoryTests.Empty_analytics_has_zero_counts_and_null_budget_average [SKIP]</Text>
      </RunInfo>
      <RunInfo computerName="LAPTOP-2QCBKKSM" outcome="Warning" timestamp="2026-09-22T11:00:14.4105440+05:30">
        <Text>[xUnit.net 00:00:02.78]     SurplusLink.Tests.RequirementQueriesAndHistoryTests.Query_validation_and_optional_notes_contract_are_enforced [SKIP]</Text>
      </RunInfo>
      <RunInfo computerName="LAPTOP-2QCBKKSM" outcome="Warning" timestamp="2026-09-22T11:00:14.4106579+05:30">
        <Text>[xUnit.net 00:00:02.78]     SurplusLink.Tests.RequirementQueriesAndHistoryTests.Search_filters_and_totals_are_scoped_before_pagination [SKIP]</Text>
      </RunInfo>
      <RunInfo computerName="LAPTOP-2QCBKKSM" outcome="Warning" timestamp="2026-09-22T11:00:14.4107453+05:30">
        <Text>[xUnit.net 00:00:02.78]     SurplusLink.Tests.TransactionQueryIntegrationTests.Manager_can_filter_sort_history_analytics_and_complete_transactions [SKIP]</Text>
      </RunInfo>
      <RunInfo computerName="LAPTOP-2QCBKKSM" outcome="Warning" timestamp="2026-09-22T11:00:14.4108583+05:30">
        <Text>[xUnit.net 00:00:02.78]     SurplusLink.Tests.ProfilePersistenceTests.Buyer_sees_seller_contact_on_listing_without_private_address_or_password [SKIP]</Text>
      </RunInfo>
      <RunInfo computerName="LAPTOP-2QCBKKSM" outcome="Warning" timestamp="2026-09-22T11:00:14.4109575+05:30">
        <Text>[xUnit.net 00:00:02.78]     SurplusLink.Tests.BuyerRequirementsIntegrationTests.Marketplace_role_matrix_preserves_listing_ownership_admin_boundaries_and_self_match_exclusion [SKIP]</Text>
      </RunInfo>
      <RunInfo computerName="LAPTOP-2QCBKKSM" outcome="Warning" timestamp="2026-09-22T11:00:14.4110524+05:30">
        <Text>[xUnit.net 00:00:02.78]     SurplusLink.Tests.BuyerRequirementsIntegrationTests.Database_constraints_reject_invalid_direct_writes_and_migration_preserves_legacy_links [SKIP]</Text>
      </RunInfo>
      <RunInfo computerName="LAPTOP-2QCBKKSM" outcome="Warning" timestamp="2026-09-22T11:00:14.4165607+05:30">
        <Text>[xUnit.net 00:00:02.78]     SurplusLink.Tests.ProfilePersistenceTests.Registration_and_self_profile_update_persist_contact_details [SKIP]</Text>
      </RunInfo>
      <RunInfo computerName="LAPTOP-2QCBKKSM" outcome="Warning" timestamp="2026-09-22T11:00:14.4166726+05:30">
        <Text>[xUnit.net 00:00:02.79]     SurplusLink.Tests.BuyerRequirementsIntegrationTests.Authentication_ownership_and_manager_read_only_access_cover_every_route [SKIP]</Text>
      </RunInfo>
      <RunInfo computerName="LAPTOP-2QCBKKSM" outcome="Warning" timestamp="2026-09-22T11:00:14.4167604+05:30">
        <Text>[xUnit.net 00:00:02.79]     SurplusLink.Tests.TransactionQueryIntegrationTests.Offer_decisions_are_audited_and_query_validation_is_enforced [SKIP]</Text>
      </RunInfo>
      <RunInfo computerName="LAPTOP-2QCBKKSM" outcome="Warning" timestamp="2026-09-22T11:00:14.4168547+05:30">
        <Text>[xUnit.net 00:00:02.79]     SurplusLink.Tests.BuyerRequirementsIntegrationTests.Draft_crud_preserves_owner_timestamps_and_lists_only_own_rows [SKIP]</Text>
      </RunInfo>
      <RunInfo computerName="LAPTOP-2QCBKKSM" outcome="Warning" timestamp="2026-09-22T11:00:14.4169851+05:30">
        <Text>[xUnit.net 00:00:02.79]     SurplusLink.Tests.WorkflowPersistenceTests.Actual_FastApi_graph_maps_back_to_postgres_without_inventory_mutations [SKIP]</Text>
      </RunInfo>
      <RunInfo computerName="LAPTOP-2QCBKKSM" outcome="Warning" timestamp="2026-09-22T11:00:14.4170856+05:30">
        <Text>[xUnit.net 00:00:02.79]     SurplusLink.Tests.WorkflowPersistenceTests.Invalid_validation_persists_revision_and_reopens_request_for_explicit_retry [SKIP]</Text>
      </RunInfo>
      <RunInfo computerName="LAPTOP-2QCBKKSM" outcome="Warning" timestamp="2026-09-22T11:00:14.4171706+05:30">
        <Text>[xUnit.net 00:00:02.79]     SurplusLink.Tests.BuyerRequirementsIntegrationTests.Swagger_documents_all_requirement_routes_and_shared_auth_routes [SKIP]</Text>
      </RunInfo>
      <RunInfo computerName="LAPTOP-2QCBKKSM" outcome="Warning" timestamp="2026-09-22T11:00:14.4234918+05:30">
        <Text>[xUnit.net 00:00:02.79]     SurplusLink.Tests.BuyerRequirementsIntegrationTests.Lifecycle_guards_and_persisted_workflow_leave_stock_unreserved [SKIP]</Text>
      </RunInfo>
      <RunInfo computerName="LAPTOP-2QCBKKSM" outcome="Warning" timestamp="2026-09-22T11:00:14.4237083+05:30">
        <Text>[xUnit.net 00:00:02.79]     SurplusLink.Tests.WorkflowPersistenceTests.Self_owned_listing_is_excluded_before_candidate_limit_and_agent_cannot_reintroduce_it [SKIP]</Text>
      </RunInfo>
      <RunInfo computerName="LAPTOP-2QCBKKSM" outcome="Warning" timestamp="2026-09-22T11:00:14.4238383+05:30">
        <Text>[xUnit.net 00:00:02.79]     SurplusLink.Tests.BuyerRequirementsIntegrationTests.Invalid_values_unknown_fields_and_missing_ids_are_rejected [SKIP]</Text>
      </RunInfo>
      <RunInfo computerName="LAPTOP-2QCBKKSM" outcome="Warning" timestamp="2026-09-22T11:00:14.4241187+05:30">
        <Text>[xUnit.net 00:00:02.79]     SurplusLink.Tests.WorkflowPersistenceTests.Transport_or_internal_service_failure_is_terminal_safe_and_does_not_leak_secrets [SKIP]</Text>
      </RunInfo>
      <RunInfo computerName="LAPTOP-2QCBKKSM" outcome="Warning" timestamp="2026-09-22T11:00:14.4242948+05:30">
        <Text>[xUnit.net 00:00:02.79]     SurplusLink.Tests.BuyerRequirementsIntegrationTests.Concurrent_submit_and_start_calls_transition_once_without_reserving [SKIP]</Text>
      </RunInfo>
      <RunInfo computerName="LAPTOP-2QCBKKSM" outcome="Warning" timestamp="2026-09-22T11:00:14.4247455+05:30">
        <Text>[xUnit.net 00:00:02.79]     SurplusLink.Tests.WorkflowPersistenceTests.Queue_to_approval_persists_real_steps_and_tools_without_reserving_and_only_runs_once [SKIP]</Text>
      </RunInfo>
      <RunInfo computerName="LAPTOP-2QCBKKSM" outcome="Warning" timestamp="2026-09-22T11:00:14.4261636+05:30">
        <Text>[xUnit.net 00:00:02.79]     SurplusLink.Tests.BuyerRequirementsIntegrationTests.Workflow_and_terminal_states_cannot_be_changed_by_buyer_crud_or_actions [SKIP]</Text>
      </RunInfo>
      <RunInfo computerName="LAPTOP-2QCBKKSM" outcome="Warning" timestamp="2026-09-22T11:00:14.4266040+05:30">
        <Text>[xUnit.net 00:00:02.79]     SurplusLink.Tests.BuyerRequirementsIntegrationTests.Expired_drafts_cannot_submit_and_expired_open_requests_cannot_start [SKIP]</Text>
      </RunInfo>
      <RunInfo computerName="LAPTOP-2QCBKKSM" outcome="Warning" timestamp="2026-09-22T11:00:15.2093264+05:30">
        <Text>[xUnit.net 00:00:03.64]     SurplusLink.Tests.MarketplaceRoleIntegrityTests.Database_rejects_self_dealing_offers_and_transactions [SKIP]</Text>
      </RunInfo>
      <RunInfo computerName="LAPTOP-2QCBKKSM" outcome="Warning" timestamp="2026-09-22T11:00:15.2096599+05:30">
        <Text>[xUnit.net 00:00:03.64]     SurplusLink.Tests.MarketplaceRoleIntegrityTests.Legitimate_buyer_seller_counterparties_can_create_offer_and_transaction_records [SKIP]</Text>
      </RunInfo>
      <RunInfo computerName="LAPTOP-2QCBKKSM" outcome="Warning" timestamp="2026-09-22T11:00:15.2768409+05:30">
        <Text>[xUnit.net 00:00:03.71]     SurplusLink.Tests.AgentWorkflowIntegrationTests.Reject_and_revise_never_reserve_and_store_manager_decisions [SKIP]</Text>
      </RunInfo>
      <RunInfo computerName="LAPTOP-2QCBKKSM" outcome="Warning" timestamp="2026-09-22T11:00:15.2774360+05:30">
        <Text>[xUnit.net 00:00:03.71]     SurplusLink.Tests.AgentWorkflowIntegrationTests.Buyer_and_seller_claims_never_grant_manager_workflow_decisions_but_dual_role_trade_with_another_party_is_valid [SKIP]</Text>
      </RunInfo>
      <RunInfo computerName="LAPTOP-2QCBKKSM" outcome="Warning" timestamp="2026-09-22T11:00:15.2779391+05:30">
        <Text>[xUnit.net 00:00:03.71]     SurplusLink.Tests.AgentWorkflowIntegrationTests.Manager_approval_reserves_once_and_decisions_are_audited [SKIP]</Text>
      </RunInfo>
      <RunInfo computerName="LAPTOP-2QCBKKSM" outcome="Warning" timestamp="2026-09-22T11:00:20.8468005+05:30">
        <Text>[xUnit.net 00:00:09.28]     SurplusLink.Tests.DualRoleAuthTests.Migrated_users_keep_ids_roles_ownership_and_manager_login [SKIP]</Text>
      </RunInfo>
      <RunInfo computerName="LAPTOP-2QCBKKSM" outcome="Warning" timestamp="2026-09-22T11:00:20.8469959+05:30">
        <Text>[xUnit.net 00:00:09.28]     SurplusLink.Tests.DualRoleAuthTests.Registration_login_me_and_permissions_cover_all_marketplace_role_combinations [SKIP]</Text>
      </RunInfo>
    </RunInfos>
  </ResultSummary>
</TestRun>